#! /c/Source/iverilog-install/bin/vvp
:ivl_version "12.0 (devel)" "(s20150603-1539-g2693dd32b)";
:ivl_delay_selection "TYPICAL";
:vpi_time_precision + 0;
:vpi_module "D:\iverilog\iverilog\lib\ivl\system.vpi";
:vpi_module "D:\iverilog\iverilog\lib\ivl\vhdl_sys.vpi";
:vpi_module "D:\iverilog\iverilog\lib\ivl\vhdl_textio.vpi";
:vpi_module "D:\iverilog\iverilog\lib\ivl\v2005_math.vpi";
:vpi_module "D:\iverilog\iverilog\lib\ivl\va_math.vpi";
S_0000027b6c3d44c0 .scope module, "dcache_controller_tb" "dcache_controller_tb" 2 3;
 .timescale 0 0;
v0000027b6c5371e0_0 .net "BlockAddr", 15 0, L_0000027b6c538cf0;  1 drivers
v0000027b6c537dc0_0 .var "addr", 19 0;
v0000027b6c536a60_0 .var "byteSelectVector", 3 0;
v0000027b6c537b40_0 .net "cacheBytesAccess", 15 0, v0000027b6c537820_0;  1 drivers
v0000027b6c537280_0 .net "cacheDin", 127 0, v0000027b6c5366a0_0;  1 drivers
v0000027b6c5373c0_0 .var "cacheDirtyBit", 0 0;
v0000027b6c537be0_0 .var "cacheDout", 127 0;
v0000027b6c537460_0 .var "cacheHit", 0 0;
v0000027b6c537500_0 .net "cacheMemWen", 0 0, v0000027b6c536b00_0;  1 drivers
v0000027b6c536380_0 .net "cacheRen", 0 0, L_0000027b6c48db70;  1 drivers
v0000027b6c537c80_0 .net "cacheWen", 0 0, L_0000027b6c48d630;  1 drivers
v0000027b6c536600_0 .var "clock", 0 0;
v0000027b6c536060_0 .var "din", 31 0;
v0000027b6c536740_0 .net "dout", 31 0, L_0000027b6c5393d0;  1 drivers
v0000027b6c5369c0_0 .net "memDin", 127 0, L_0000027b6c48e190;  1 drivers
v0000027b6c536920_0 .var "memDout", 127 0;
v0000027b6c536ba0_0 .var "memReadReady", 0 0;
v0000027b6c536c40_0 .net "memRen", 0 0, v0000027b6c536880_0;  1 drivers
v0000027b6c536ce0_0 .net "memWen", 0 0, v0000027b6c537000_0;  1 drivers
v0000027b6c538b10_0 .var "memWriteDone", 0 0;
v0000027b6c5382f0_0 .var "ren", 0 0;
v0000027b6c538bb0_0 .var "reset", 0 0;
v0000027b6c538c50_0 .net "stall", 0 0, v0000027b6c5375a0_0;  1 drivers
v0000027b6c539470_0 .var/i "test", 31 0;
v0000027b6c539330_0 .var "wen", 0 0;
S_0000027b6c3e7f00 .scope module, "controller2check" "dcache_controller" 2 45, 3 6 0, S_0000027b6c3d44c0;
 .timescale 0 0;
    .port_info 0 /INPUT 1 "clock";
    .port_info 1 /INPUT 1 "reset";
    .port_info 2 /INPUT 1 "ren";
    .port_info 3 /INPUT 1 "wen";
    .port_info 4 /INPUT 20 "addr";
    .port_info 5 /INPUT 4 "byteSelectVector";
    .port_info 6 /INPUT 32 "din";
    .port_info 7 /INPUT 1 "cacheHit";
    .port_info 8 /INPUT 1 "cacheDirtyBit";
    .port_info 9 /INPUT 128 "cacheDout";
    .port_info 10 /INPUT 1 "memReadReady";
    .port_info 11 /INPUT 1 "memWriteDone";
    .port_info 12 /INPUT 128 "memDout";
    .port_info 13 /OUTPUT 1 "stall";
    .port_info 14 /OUTPUT 32 "dout";
    .port_info 15 /OUTPUT 16 "BlockAddr";
    .port_info 16 /OUTPUT 1 "cacheRen";
    .port_info 17 /OUTPUT 1 "cacheWen";
    .port_info 18 /OUTPUT 1 "cacheMemWen";
    .port_info 19 /OUTPUT 16 "cacheBytesAccess";
    .port_info 20 /OUTPUT 128 "cacheDin";
    .port_info 21 /OUTPUT 1 "memRen";
    .port_info 22 /OUTPUT 1 "memWen";
    .port_info 23 /OUTPUT 128 "memDin";
P_0000027b6c3e8090 .param/l "IDLE" 0 3 74, C4<000>;
P_0000027b6c3e80c8 .param/l "MEMCACHE" 0 3 77, C4<011>;
P_0000027b6c3e8100 .param/l "MEMREAD" 0 3 75, C4<001>;
P_0000027b6c3e8138 .param/l "WRITEBACK" 0 3 76, C4<010>;
L_0000027b6c4254f0 .functor NOT 1, v0000027b6c539330_0, C4<0>, C4<0>, C4<0>;
L_0000027b6c425b80 .functor AND 1, v0000027b6c5382f0_0, L_0000027b6c4254f0, C4<1>, C4<1>;
L_0000027b6c425560 .functor NOT 1, v0000027b6c5382f0_0, C4<0>, C4<0>, C4<0>;
L_0000027b6c424df0 .functor AND 1, v0000027b6c539330_0, L_0000027b6c425560, C4<1>, C4<1>;
L_0000027b6c424f40 .functor OR 1, L_0000027b6c425b80, L_0000027b6c424df0, C4<0>, C4<0>;
L_0000027b6c424fb0 .functor NOT 1, v0000027b6c539330_0, C4<0>, C4<0>, C4<0>;
L_0000027b6c425020 .functor AND 1, v0000027b6c5382f0_0, L_0000027b6c424fb0, C4<1>, C4<1>;
L_0000027b6c48db70 .functor AND 1, L_0000027b6c425020, v0000027b6c537460_0, C4<1>, C4<1>;
L_0000027b6c48dbe0 .functor NOT 1, v0000027b6c5382f0_0, C4<0>, C4<0>, C4<0>;
L_0000027b6c48d860 .functor AND 1, v0000027b6c539330_0, L_0000027b6c48dbe0, C4<1>, C4<1>;
L_0000027b6c48d630 .functor AND 1, L_0000027b6c48d860, v0000027b6c537460_0, C4<1>, C4<1>;
L_0000027b6c48e190 .functor BUFZ 128, v0000027b6c537be0_0, C4<00000000000000000000000000000000000000000000000000000000000000000000000000000000000000000000000000000000000000000000000000000000>, C4<00000000000000000000000000000000000000000000000000000000000000000000000000000000000000000000000000000000000000000000000000000000>, C4<00000000000000000000000000000000000000000000000000000000000000000000000000000000000000000000000000000000000000000000000000000000>;
v0000027b6c3c9920_0 .net "BlockAddr", 15 0, L_0000027b6c538cf0;  alias, 1 drivers
v0000027b6c3ca140_0 .net *"_ivl_0", 0 0, L_0000027b6c4254f0;  1 drivers
v0000027b6c3c9b00_0 .net *"_ivl_11", 11 0, L_0000027b6c538070;  1 drivers
L_0000027b6c53a438 .functor BUFT 1, C4<0000>, C4<0>, C4<0>, C4<0>;
v0000027b6c3c9ba0_0 .net *"_ivl_15", 3 0, L_0000027b6c53a438;  1 drivers
v0000027b6c3c9ec0_0 .net *"_ivl_18", 0 0, L_0000027b6c424fb0;  1 drivers
v0000027b6c3c97e0_0 .net *"_ivl_21", 0 0, L_0000027b6c425020;  1 drivers
v0000027b6c3c9a60_0 .net *"_ivl_24", 31 0, L_0000027b6c538e30;  1 drivers
L_0000027b6c53a480 .functor BUFT 1, C4<0000000000000000000000000000>, C4<0>, C4<0>, C4<0>;
v0000027b6c3ca460_0 .net *"_ivl_27", 27 0, L_0000027b6c53a480;  1 drivers
L_0000027b6c53a4c8 .functor BUFT 1, C4<00000000000000000000000000001000>, C4<0>, C4<0>, C4<0>;
v0000027b6c3c9c40_0 .net/2u *"_ivl_28", 31 0, L_0000027b6c53a4c8;  1 drivers
v0000027b6c3ca500_0 .net *"_ivl_3", 0 0, L_0000027b6c425b80;  1 drivers
v0000027b6c3c9ce0_0 .net *"_ivl_31", 31 0, L_0000027b6c538570;  1 drivers
v0000027b6c537780_0 .net *"_ivl_34", 0 0, L_0000027b6c48dbe0;  1 drivers
v0000027b6c537640_0 .net *"_ivl_37", 0 0, L_0000027b6c48d860;  1 drivers
v0000027b6c537320_0 .net *"_ivl_4", 0 0, L_0000027b6c425560;  1 drivers
v0000027b6c5376e0_0 .net *"_ivl_7", 0 0, L_0000027b6c424df0;  1 drivers
v0000027b6c537a00_0 .net "addr", 19 0, v0000027b6c537dc0_0;  1 drivers
v0000027b6c536420_0 .net "blockOffset", 3 0, L_0000027b6c539510;  1 drivers
v0000027b6c536100_0 .net "byteSelectVector", 3 0, v0000027b6c536a60_0;  1 drivers
v0000027b6c537820_0 .var "cacheBytesAccess", 15 0;
v0000027b6c5366a0_0 .var "cacheDin", 127 0;
v0000027b6c536d80_0 .net "cacheDirtyBit", 0 0, v0000027b6c5373c0_0;  1 drivers
v0000027b6c5364c0_0 .net "cacheDout", 127 0, v0000027b6c537be0_0;  1 drivers
v0000027b6c536e20_0 .net "cacheHit", 0 0, v0000027b6c537460_0;  1 drivers
v0000027b6c536b00_0 .var "cacheMemWen", 0 0;
v0000027b6c5378c0_0 .net "cacheRen", 0 0, L_0000027b6c48db70;  alias, 1 drivers
v0000027b6c537960_0 .net "cacheWen", 0 0, L_0000027b6c48d630;  alias, 1 drivers
v0000027b6c537aa0_0 .net "clock", 0 0, v0000027b6c536600_0;  1 drivers
v0000027b6c5361a0_0 .net "din", 31 0, v0000027b6c536060_0;  1 drivers
v0000027b6c5367e0_0 .net "dout", 31 0, L_0000027b6c5393d0;  alias, 1 drivers
v0000027b6c536560_0 .net "memDin", 127 0, L_0000027b6c48e190;  alias, 1 drivers
v0000027b6c536ec0_0 .net "memDout", 127 0, v0000027b6c536920_0;  1 drivers
v0000027b6c536f60_0 .net "memReadReady", 0 0, v0000027b6c536ba0_0;  1 drivers
v0000027b6c536880_0 .var "memRen", 0 0;
v0000027b6c537000_0 .var "memWen", 0 0;
v0000027b6c537d20_0 .net "memWriteDone", 0 0, v0000027b6c538b10_0;  1 drivers
v0000027b6c537e60_0 .var "next_state", 2 0;
v0000027b6c5370a0_0 .net "pipeline_req", 0 0, L_0000027b6c424f40;  1 drivers
v0000027b6c537f00_0 .net "ren", 0 0, v0000027b6c5382f0_0;  1 drivers
v0000027b6c536240_0 .net "reset", 0 0, v0000027b6c538bb0_0;  1 drivers
v0000027b6c5375a0_0 .var "stall", 0 0;
v0000027b6c537140_0 .var "state", 2 0;
v0000027b6c5362e0_0 .net "wen", 0 0, v0000027b6c539330_0;  1 drivers
E_0000027b6c44cef0/0 .event anyedge, v0000027b6c536f60_0, v0000027b6c537d20_0, v0000027b6c536d80_0, v0000027b6c536e20_0;
E_0000027b6c44cef0/1 .event anyedge, v0000027b6c5370a0_0, v0000027b6c537140_0;
E_0000027b6c44cef0 .event/or E_0000027b6c44cef0/0, E_0000027b6c44cef0/1;
E_0000027b6c44caf0/0 .event negedge, v0000027b6c536240_0;
E_0000027b6c44caf0/1 .event posedge, v0000027b6c537aa0_0;
E_0000027b6c44caf0 .event/or E_0000027b6c44caf0/0, E_0000027b6c44caf0/1;
E_0000027b6c44cdb0 .event anyedge, v0000027b6c536420_0, v0000027b6c536ec0_0, v0000027b6c536b00_0;
E_0000027b6c44cdf0 .event anyedge, v0000027b6c536420_0, v0000027b6c536100_0;
L_0000027b6c538070 .part v0000027b6c537dc0_0, 4, 12;
L_0000027b6c538cf0 .concat [ 12 4 0 0], L_0000027b6c538070, L_0000027b6c53a438;
L_0000027b6c539510 .part v0000027b6c537dc0_0, 0, 4;
L_0000027b6c538e30 .concat [ 4 28 0 0], L_0000027b6c539510, L_0000027b6c53a480;
L_0000027b6c538570 .arith/mult 32, L_0000027b6c538e30, L_0000027b6c53a4c8;
L_0000027b6c5393d0 .part/v v0000027b6c537be0_0, L_0000027b6c538570, 32;
    .scope S_0000027b6c3e7f00;
T_0 ;
    %wait E_0000027b6c44cdf0;
    %pushi/vec4 0, 0, 16;
    %store/vec4 v0000027b6c537820_0, 0, 16;
    %load/vec4 v0000027b6c536100_0;
    %load/vec4 v0000027b6c536420_0;
    %pad/u 32;
    %muli 4, 0, 32;
    %ix/vec4 4;
    %store/vec4 v0000027b6c537820_0, 4, 4;
    %jmp T_0;
    .thread T_0, $push;
    .scope S_0000027b6c3e7f00;
T_1 ;
    %wait E_0000027b6c44cdb0;
    %load/vec4 v0000027b6c536b00_0;
    %flag_set/vec4 8;
    %jmp/0xz  T_1.0, 8;
    %load/vec4 v0000027b6c536ec0_0;
    %store/vec4 v0000027b6c5366a0_0, 0, 128;
    %jmp T_1.1;
T_1.0 ;
    %load/vec4 v0000027b6c5361a0_0;
    %load/vec4 v0000027b6c536420_0;
    %pad/u 32;
    %muli 32, 0, 32;
    %ix/vec4 4;
    %store/vec4 v0000027b6c5366a0_0, 4, 32;
T_1.1 ;
    %jmp T_1;
    .thread T_1, $push;
    .scope S_0000027b6c3e7f00;
T_2 ;
    %wait E_0000027b6c44caf0;
    %load/vec4 v0000027b6c536240_0;
    %cmpi/e 0, 0, 1;
    %jmp/0xz  T_2.0, 4;
    %pushi/vec4 0, 0, 3;
    %assign/vec4 v0000027b6c537140_0, 0;
    %jmp T_2.1;
T_2.0 ;
    %load/vec4 v0000027b6c537e60_0;
    %assign/vec4 v0000027b6c537140_0, 0;
T_2.1 ;
    %jmp T_2;
    .thread T_2;
    .scope S_0000027b6c3e7f00;
T_3 ;
    %wait E_0000027b6c44cef0;
    %load/vec4 v0000027b6c537140_0;
    %dup/vec4;
    %pushi/vec4 0, 0, 3;
    %cmp/u;
    %jmp/1 T_3.0, 6;
    %dup/vec4;
    %pushi/vec4 2, 0, 3;
    %cmp/u;
    %jmp/1 T_3.1, 6;
    %dup/vec4;
    %pushi/vec4 1, 0, 3;
    %cmp/u;
    %jmp/1 T_3.2, 6;
    %dup/vec4;
    %pushi/vec4 3, 0, 3;
    %cmp/u;
    %jmp/1 T_3.3, 6;
    %pushi/vec4 0, 0, 3;
    %store/vec4 v0000027b6c537e60_0, 0, 3;
    %jmp T_3.5;
T_3.0 ;
    %load/vec4 v0000027b6c5370a0_0;
    %flag_set/vec4 9;
    %flag_get/vec4 9;
    %jmp/0 T_3.8, 9;
    %load/vec4 v0000027b6c536e20_0;
    %nor/r;
    %and;
T_3.8;
    %flag_set/vec4 8;
    %jmp/0xz  T_3.6, 8;
    %load/vec4 v0000027b6c536d80_0;
    %cmpi/e 1, 0, 1;
    %jmp/0xz  T_3.9, 4;
    %pushi/vec4 2, 0, 3;
    %store/vec4 v0000027b6c537e60_0, 0, 3;
    %jmp T_3.10;
T_3.9 ;
    %pushi/vec4 1, 0, 3;
    %store/vec4 v0000027b6c537e60_0, 0, 3;
T_3.10 ;
    %jmp T_3.7;
T_3.6 ;
    %pushi/vec4 0, 0, 3;
    %store/vec4 v0000027b6c537e60_0, 0, 3;
T_3.7 ;
    %jmp T_3.5;
T_3.1 ;
    %load/vec4 v0000027b6c537d20_0;
    %pad/u 32;
    %cmpi/e 1, 0, 32;
    %jmp/0xz  T_3.11, 4;
    %pushi/vec4 1, 0, 3;
    %store/vec4 v0000027b6c537e60_0, 0, 3;
    %jmp T_3.12;
T_3.11 ;
    %pushi/vec4 2, 0, 3;
    %store/vec4 v0000027b6c537e60_0, 0, 3;
T_3.12 ;
    %jmp T_3.5;
T_3.2 ;
    %load/vec4 v0000027b6c536f60_0;
    %pad/u 32;
    %cmpi/e 1, 0, 32;
    %jmp/0xz  T_3.13, 4;
    %pushi/vec4 3, 0, 3;
    %store/vec4 v0000027b6c537e60_0, 0, 3;
    %jmp T_3.14;
T_3.13 ;
    %pushi/vec4 1, 0, 3;
    %store/vec4 v0000027b6c537e60_0, 0, 3;
T_3.14 ;
    %jmp T_3.5;
T_3.3 ;
    %pushi/vec4 0, 0, 3;
    %store/vec4 v0000027b6c537e60_0, 0, 3;
    %jmp T_3.5;
T_3.5 ;
    %pop/vec4 1;
    %jmp T_3;
    .thread T_3, $push;
    .scope S_0000027b6c3e7f00;
T_4 ;
    %wait E_0000027b6c44cef0;
    %pushi/vec4 0, 0, 1;
    %store/vec4 v0000027b6c5375a0_0, 0, 1;
    %pushi/vec4 0, 0, 1;
    %store/vec4 v0000027b6c536b00_0, 0, 1;
    %pushi/vec4 0, 0, 1;
    %store/vec4 v0000027b6c536880_0, 0, 1;
    %pushi/vec4 0, 0, 1;
    %store/vec4 v0000027b6c537000_0, 0, 1;
    %load/vec4 v0000027b6c537140_0;
    %dup/vec4;
    %pushi/vec4 2, 0, 3;
    %cmp/u;
    %jmp/1 T_4.0, 6;
    %dup/vec4;
    %pushi/vec4 1, 0, 3;
    %cmp/u;
    %jmp/1 T_4.1, 6;
    %dup/vec4;
    %pushi/vec4 3, 0, 3;
    %cmp/u;
    %jmp/1 T_4.2, 6;
    %jmp T_4.3;
T_4.0 ;
    %pushi/vec4 1, 0, 1;
    %store/vec4 v0000027b6c5375a0_0, 0, 1;
    %pushi/vec4 1, 0, 1;
    %store/vec4 v0000027b6c537000_0, 0, 1;
    %jmp T_4.3;
T_4.1 ;
    %pushi/vec4 1, 0, 1;
    %store/vec4 v0000027b6c5375a0_0, 0, 1;
    %pushi/vec4 1, 0, 1;
    %store/vec4 v0000027b6c536880_0, 0, 1;
    %jmp T_4.3;
T_4.2 ;
    %pushi/vec4 1, 0, 1;
    %store/vec4 v0000027b6c5375a0_0, 0, 1;
    %pushi/vec4 1, 0, 1;
    %store/vec4 v0000027b6c536b00_0, 0, 1;
    %jmp T_4.3;
T_4.3 ;
    %pop/vec4 1;
    %jmp T_4;
    .thread T_4, $push;
    .scope S_0000027b6c3d44c0;
T_5 ;
    %delay 5, 0;
    %load/vec4 v0000027b6c536600_0;
    %inv;
    %store/vec4 v0000027b6c536600_0, 0, 1;
    %jmp T_5;
    .thread T_5;
    .scope S_0000027b6c3d44c0;
T_6 ;
    %pushi/vec4 10, 0, 32;
    %store/vec4 v0000027b6c539470_0, 0, 32;
    %pushi/vec4 0, 0, 1;
    %store/vec4 v0000027b6c536600_0, 0, 1;
    %pushi/vec4 0, 0, 1;
    %store/vec4 v0000027b6c538bb0_0, 0, 1;
    %pushi/vec4 0, 0, 1;
    %store/vec4 v0000027b6c5382f0_0, 0, 1;
    %pushi/vec4 0, 0, 1;
    %store/vec4 v0000027b6c539330_0, 0, 1;
    %pushi/vec4 0, 0, 20;
    %store/vec4 v0000027b6c537dc0_0, 0, 20;
    %pushi/vec4 15, 0, 4;
    %store/vec4 v0000027b6c536a60_0, 0, 4;
    %pushi/vec4 0, 0, 32;
    %store/vec4 v0000027b6c536060_0, 0, 32;
    %pushi/vec4 0, 0, 1;
    %store/vec4 v0000027b6c537460_0, 0, 1;
    %pushi/vec4 0, 0, 1;
    %store/vec4 v0000027b6c5373c0_0, 0, 1;
    %pushi/vec4 0, 0, 128;
    %store/vec4 v0000027b6c537be0_0, 0, 128;
    %pushi/vec4 0, 0, 1;
    %store/vec4 v0000027b6c536ba0_0, 0, 1;
    %pushi/vec4 0, 0, 1;
    %store/vec4 v0000027b6c538b10_0, 0, 1;
    %pushi/vec4 0, 0, 128;
    %store/vec4 v0000027b6c536920_0, 0, 128;
    %delay 10, 0;
    %pushi/vec4 1, 0, 1;
    %store/vec4 v0000027b6c538bb0_0, 0, 1;
    %pushi/vec4 11, 0, 32;
    %store/vec4 v0000027b6c539470_0, 0, 32;
    %delay 10, 0;
    %pushi/vec4 1, 0, 1;
    %store/vec4 v0000027b6c539330_0, 0, 1;
    %pushi/vec4 1040, 0, 20;
    %store/vec4 v0000027b6c537dc0_0, 0, 20;
    %pushi/vec4 0, 0, 32;
    %store/vec4 v0000027b6c536060_0, 0, 32;
    %delay 90, 0;
    %pushi/vec4 1, 0, 1;
    %store/vec4 v0000027b6c536ba0_0, 0, 1;
    %delay 100, 0;
    %pushi/vec4 0, 0, 1;
    %store/vec4 v0000027b6c536ba0_0, 0, 1;
    %pushi/vec4 0, 0, 1;
    %store/vec4 v0000027b6c539330_0, 0, 1;
    %pushi/vec4 0, 0, 20;
    %store/vec4 v0000027b6c537dc0_0, 0, 20;
    %pushi/vec4 0, 0, 32;
    %store/vec4 v0000027b6c536060_0, 0, 32;
    %pushi/vec4 12, 0, 32;
    %store/vec4 v0000027b6c539470_0, 0, 32;
    %delay 10, 0;
    %pushi/vec4 1, 0, 1;
    %store/vec4 v0000027b6c539330_0, 0, 1;
    %pushi/vec4 1040, 0, 20;
    %store/vec4 v0000027b6c537dc0_0, 0, 20;
    %pushi/vec4 2684354560, 0, 32;
    %store/vec4 v0000027b6c536060_0, 0, 32;
    %delay 120, 0;
    %pushi/vec4 1, 0, 1;
    %store/vec4 v0000027b6c536ba0_0, 0, 1;
    %delay 120, 0;
    %pushi/vec4 0, 0, 1;
    %store/vec4 v0000027b6c536ba0_0, 0, 1;
    %pushi/vec4 0, 0, 1;
    %store/vec4 v0000027b6c539330_0, 0, 1;
    %pushi/vec4 0, 0, 20;
    %store/vec4 v0000027b6c537dc0_0, 0, 20;
    %pushi/vec4 0, 0, 32;
    %store/vec4 v0000027b6c536060_0, 0, 32;
    %pushi/vec4 13, 0, 32;
    %store/vec4 v0000027b6c539470_0, 0, 32;
    %delay 10, 0;
    %pushi/vec4 1, 0, 1;
    %store/vec4 v0000027b6c539330_0, 0, 1;
    %pushi/vec4 33952, 0, 20;
    %store/vec4 v0000027b6c537dc0_0, 0, 20;
    %pushi/vec4 4026531840, 0, 32;
    %store/vec4 v0000027b6c536060_0, 0, 32;
    %delay 90, 0;
    %pushi/vec4 1, 0, 1;
    %store/vec4 v0000027b6c536ba0_0, 0, 1;
    %delay 100, 0;
    %pushi/vec4 0, 0, 1;
    %store/vec4 v0000027b6c536ba0_0, 0, 1;
    %pushi/vec4 0, 0, 1;
    %store/vec4 v0000027b6c539330_0, 0, 1;
    %pushi/vec4 0, 0, 20;
    %store/vec4 v0000027b6c537dc0_0, 0, 20;
    %pushi/vec4 0, 0, 32;
    %store/vec4 v0000027b6c536060_0, 0, 32;
    %pushi/vec4 14, 0, 32;
    %store/vec4 v0000027b6c539470_0, 0, 32;
    %delay 10, 0;
    %pushi/vec4 1, 0, 1;
    %store/vec4 v0000027b6c539330_0, 0, 1;
    %pushi/vec4 135328, 0, 20;
    %store/vec4 v0000027b6c537dc0_0, 0, 20;
    %pushi/vec4 2952790015, 0, 32;
    %store/vec4 v0000027b6c536060_0, 0, 32;
    %delay 90, 0;
    %pushi/vec4 1, 0, 1;
    %store/vec4 v0000027b6c536ba0_0, 0, 1;
    %delay 100, 0;
    %pushi/vec4 0, 0, 1;
    %store/vec4 v0000027b6c536ba0_0, 0, 1;
    %pushi/vec4 0, 0, 1;
    %store/vec4 v0000027b6c539330_0, 0, 1;
    %pushi/vec4 0, 0, 20;
    %store/vec4 v0000027b6c537dc0_0, 0, 20;
    %pushi/vec4 0, 0, 32;
    %store/vec4 v0000027b6c536060_0, 0, 32;
    %pushi/vec4 20, 0, 32;
    %store/vec4 v0000027b6c539470_0, 0, 32;
    %delay 10, 0;
    %pushi/vec4 0, 0, 1;
    %store/vec4 v0000027b6c5382f0_0, 0, 1;
    %pushi/vec4 0, 0, 1;
    %store/vec4 v0000027b6c539330_0, 0, 1;
    %pushi/vec4 0, 0, 20;
    %store/vec4 v0000027b6c537dc0_0, 0, 20;
    %pushi/vec4 15, 0, 4;
    %store/vec4 v0000027b6c536a60_0, 0, 4;
    %pushi/vec4 0, 0, 32;
    %store/vec4 v0000027b6c536060_0, 0, 32;
    %pushi/vec4 0, 0, 1;
    %store/vec4 v0000027b6c537460_0, 0, 1;
    %pushi/vec4 0, 0, 1;
    %store/vec4 v0000027b6c5373c0_0, 0, 1;
    %pushi/vec4 0, 0, 128;
    %store/vec4 v0000027b6c537be0_0, 0, 128;
    %pushi/vec4 0, 0, 1;
    %store/vec4 v0000027b6c536ba0_0, 0, 1;
    %pushi/vec4 0, 0, 1;
    %store/vec4 v0000027b6c538b10_0, 0, 1;
    %pushi/vec4 0, 0, 128;
    %store/vec4 v0000027b6c536920_0, 0, 128;
    %pushi/vec4 21, 0, 32;
    %store/vec4 v0000027b6c539470_0, 0, 32;
    %delay 10, 0;
    %pushi/vec4 1, 0, 1;
    %store/vec4 v0000027b6c5382f0_0, 0, 1;
    %pushi/vec4 1040, 0, 20;
    %store/vec4 v0000027b6c537dc0_0, 0, 20;
    %delay 2, 0;
    %pushi/vec4 1, 0, 1;
    %store/vec4 v0000027b6c537460_0, 0, 1;
    %pushi/vec4 0, 0, 128;
    %store/vec4 v0000027b6c537be0_0, 0, 128;
    %delay 8, 0;
    %pushi/vec4 0, 0, 1;
    %store/vec4 v0000027b6c5382f0_0, 0, 1;
    %pushi/vec4 0, 0, 1;
    %store/vec4 v0000027b6c537460_0, 0, 1;
    %pushi/vec4 0, 0, 20;
    %store/vec4 v0000027b6c537dc0_0, 0, 20;
    %pushi/vec4 0, 0, 128;
    %store/vec4 v0000027b6c537be0_0, 0, 128;
    %pushi/vec4 22, 0, 32;
    %store/vec4 v0000027b6c539470_0, 0, 32;
    %delay 10, 0;
    %pushi/vec4 1, 0, 1;
    %store/vec4 v0000027b6c5382f0_0, 0, 1;
    %pushi/vec4 33952, 0, 20;
    %store/vec4 v0000027b6c537dc0_0, 0, 20;
    %delay 2, 0;
    %pushi/vec4 1, 0, 1;
    %store/vec4 v0000027b6c537460_0, 0, 1;
    %pushi/vec4 4026531840, 0, 128;
    %store/vec4 v0000027b6c537be0_0, 0, 128;
    %delay 8, 0;
    %pushi/vec4 0, 0, 1;
    %store/vec4 v0000027b6c5382f0_0, 0, 1;
    %pushi/vec4 0, 0, 1;
    %store/vec4 v0000027b6c537460_0, 0, 1;
    %pushi/vec4 0, 0, 20;
    %store/vec4 v0000027b6c537dc0_0, 0, 20;
    %pushi/vec4 0, 0, 128;
    %store/vec4 v0000027b6c537be0_0, 0, 128;
    %pushi/vec4 30, 0, 32;
    %store/vec4 v0000027b6c539470_0, 0, 32;
    %delay 10, 0;
    %pushi/vec4 0, 0, 1;
    %store/vec4 v0000027b6c5382f0_0, 0, 1;
    %pushi/vec4 0, 0, 1;
    %store/vec4 v0000027b6c539330_0, 0, 1;
    %pushi/vec4 0, 0, 20;
    %store/vec4 v0000027b6c537dc0_0, 0, 20;
    %pushi/vec4 15, 0, 4;
    %store/vec4 v0000027b6c536a60_0, 0, 4;
    %pushi/vec4 0, 0, 32;
    %store/vec4 v0000027b6c536060_0, 0, 32;
    %pushi/vec4 0, 0, 1;
    %store/vec4 v0000027b6c537460_0, 0, 1;
    %pushi/vec4 0, 0, 1;
    %store/vec4 v0000027b6c5373c0_0, 0, 1;
    %pushi/vec4 0, 0, 128;
    %store/vec4 v0000027b6c537be0_0, 0, 128;
    %pushi/vec4 0, 0, 1;
    %store/vec4 v0000027b6c536ba0_0, 0, 1;
    %pushi/vec4 0, 0, 1;
    %store/vec4 v0000027b6c538b10_0, 0, 1;
    %pushi/vec4 0, 0, 128;
    %store/vec4 v0000027b6c536920_0, 0, 128;
    %pushi/vec4 31, 0, 32;
    %store/vec4 v0000027b6c539470_0, 0, 32;
    %delay 10, 0;
    %pushi/vec4 1, 0, 1;
    %store/vec4 v0000027b6c539330_0, 0, 1;
    %pushi/vec4 1040, 0, 20;
    %store/vec4 v0000027b6c537dc0_0, 0, 20;
    %pushi/vec4 4294967295, 0, 32;
    %store/vec4 v0000027b6c536060_0, 0, 32;
    %delay 2, 0;
    %pushi/vec4 1, 0, 1;
    %store/vec4 v0000027b6c537460_0, 0, 1;
    %delay 90, 0;
    %pushi/vec4 1, 0, 1;
    %store/vec4 v0000027b6c536ba0_0, 0, 1;
    %delay 98, 0;
    %pushi/vec4 0, 0, 1;
    %store/vec4 v0000027b6c536ba0_0, 0, 1;
    %pushi/vec4 0, 0, 1;
    %store/vec4 v0000027b6c539330_0, 0, 1;
    %pushi/vec4 0, 0, 20;
    %store/vec4 v0000027b6c537dc0_0, 0, 20;
    %pushi/vec4 0, 0, 32;
    %store/vec4 v0000027b6c536060_0, 0, 32;
    %pushi/vec4 0, 0, 1;
    %store/vec4 v0000027b6c537460_0, 0, 1;
    %pushi/vec4 32, 0, 32;
    %store/vec4 v0000027b6c539470_0, 0, 32;
    %delay 10, 0;
    %pushi/vec4 1, 0, 1;
    %store/vec4 v0000027b6c539330_0, 0, 1;
    %pushi/vec4 1040, 0, 20;
    %store/vec4 v0000027b6c537dc0_0, 0, 20;
    %pushi/vec4 0, 0, 32;
    %store/vec4 v0000027b6c536060_0, 0, 32;
    %delay 2, 0;
    %pushi/vec4 1, 0, 1;
    %store/vec4 v0000027b6c537460_0, 0, 1;
    %delay 90, 0;
    %pushi/vec4 1, 0, 1;
    %store/vec4 v0000027b6c536ba0_0, 0, 1;
    %delay 98, 0;
    %pushi/vec4 0, 0, 1;
    %store/vec4 v0000027b6c536ba0_0, 0, 1;
    %pushi/vec4 0, 0, 1;
    %store/vec4 v0000027b6c539330_0, 0, 1;
    %pushi/vec4 0, 0, 20;
    %store/vec4 v0000027b6c537dc0_0, 0, 20;
    %pushi/vec4 0, 0, 32;
    %store/vec4 v0000027b6c536060_0, 0, 32;
    %pushi/vec4 0, 0, 1;
    %store/vec4 v0000027b6c537460_0, 0, 1;
    %pushi/vec4 40, 0, 32;
    %store/vec4 v0000027b6c539470_0, 0, 32;
    %delay 10, 0;
    %pushi/vec4 0, 0, 1;
    %store/vec4 v0000027b6c5382f0_0, 0, 1;
    %pushi/vec4 0, 0, 1;
    %store/vec4 v0000027b6c539330_0, 0, 1;
    %pushi/vec4 0, 0, 20;
    %store/vec4 v0000027b6c537dc0_0, 0, 20;
    %pushi/vec4 15, 0, 4;
    %store/vec4 v0000027b6c536a60_0, 0, 4;
    %pushi/vec4 0, 0, 32;
    %store/vec4 v0000027b6c536060_0, 0, 32;
    %pushi/vec4 0, 0, 1;
    %store/vec4 v0000027b6c537460_0, 0, 1;
    %pushi/vec4 0, 0, 1;
    %store/vec4 v0000027b6c5373c0_0, 0, 1;
    %pushi/vec4 0, 0, 128;
    %store/vec4 v0000027b6c537be0_0, 0, 128;
    %pushi/vec4 0, 0, 1;
    %store/vec4 v0000027b6c536ba0_0, 0, 1;
    %pushi/vec4 0, 0, 1;
    %store/vec4 v0000027b6c538b10_0, 0, 1;
    %pushi/vec4 0, 0, 128;
    %store/vec4 v0000027b6c536920_0, 0, 128;
    %pushi/vec4 41, 0, 32;
    %store/vec4 v0000027b6c539470_0, 0, 32;
    %pushi/vec4 1, 0, 1;
    %store/vec4 v0000027b6c5382f0_0, 0, 1;
    %pushi/vec4 608, 0, 20;
    %store/vec4 v0000027b6c537dc0_0, 0, 20;
    %pushi/vec4 0, 0, 1;
    %store/vec4 v0000027b6c537460_0, 0, 1;
    %pushi/vec4 0, 0, 1;
    %store/vec4 v0000027b6c5373c0_0, 0, 1;
    %delay 100, 0;
    %pushi/vec4 1, 0, 1;
    %store/vec4 v0000027b6c536ba0_0, 0, 1;
    %pushi/vec4 2852126720, 0, 32;
    %concati/vec4 0, 0, 96;
    %store/vec4 v0000027b6c536920_0, 0, 128;
    %delay 100, 0;
    %pushi/vec4 0, 0, 1;
    %store/vec4 v0000027b6c5382f0_0, 0, 1;
    %pushi/vec4 0, 0, 1;
    %store/vec4 v0000027b6c536ba0_0, 0, 1;
    %pushi/vec4 0, 0, 128;
    %store/vec4 v0000027b6c536920_0, 0, 128;
    %pushi/vec4 0, 0, 20;
    %store/vec4 v0000027b6c537dc0_0, 0, 20;
    %pushi/vec4 42, 0, 32;
    %store/vec4 v0000027b6c539470_0, 0, 32;
    %delay 10, 0;
    %pushi/vec4 1, 0, 1;
    %store/vec4 v0000027b6c5382f0_0, 0, 1;
    %pushi/vec4 62192, 0, 20;
    %store/vec4 v0000027b6c537dc0_0, 0, 20;
    %pushi/vec4 0, 0, 1;
    %store/vec4 v0000027b6c537460_0, 0, 1;
    %pushi/vec4 0, 0, 1;
    %store/vec4 v0000027b6c5373c0_0, 0, 1;
    %delay 110, 0;
    %pushi/vec4 1, 0, 1;
    %store/vec4 v0000027b6c536ba0_0, 0, 1;
    %pushi/vec4 0, 0, 128;
    %store/vec4 v0000027b6c536920_0, 0, 128;
    %delay 80, 0;
    %pushi/vec4 0, 0, 1;
    %store/vec4 v0000027b6c5382f0_0, 0, 1;
    %pushi/vec4 0, 0, 1;
    %store/vec4 v0000027b6c536ba0_0, 0, 1;
    %pushi/vec4 0, 0, 128;
    %store/vec4 v0000027b6c536920_0, 0, 128;
    %pushi/vec4 0, 0, 20;
    %store/vec4 v0000027b6c537dc0_0, 0, 20;
    %pushi/vec4 50, 0, 32;
    %store/vec4 v0000027b6c539470_0, 0, 32;
    %delay 10, 0;
    %pushi/vec4 0, 0, 1;
    %store/vec4 v0000027b6c5382f0_0, 0, 1;
    %pushi/vec4 0, 0, 1;
    %store/vec4 v0000027b6c539330_0, 0, 1;
    %pushi/vec4 0, 0, 20;
    %store/vec4 v0000027b6c537dc0_0, 0, 20;
    %pushi/vec4 15, 0, 4;
    %store/vec4 v0000027b6c536a60_0, 0, 4;
    %pushi/vec4 0, 0, 32;
    %store/vec4 v0000027b6c536060_0, 0, 32;
    %pushi/vec4 0, 0, 1;
    %store/vec4 v0000027b6c537460_0, 0, 1;
    %pushi/vec4 0, 0, 1;
    %store/vec4 v0000027b6c5373c0_0, 0, 1;
    %pushi/vec4 0, 0, 128;
    %store/vec4 v0000027b6c537be0_0, 0, 128;
    %pushi/vec4 0, 0, 1;
    %store/vec4 v0000027b6c536ba0_0, 0, 1;
    %pushi/vec4 0, 0, 1;
    %store/vec4 v0000027b6c538b10_0, 0, 1;
    %pushi/vec4 0, 0, 128;
    %store/vec4 v0000027b6c536920_0, 0, 128;
    %pushi/vec4 51, 0, 32;
    %store/vec4 v0000027b6c539470_0, 0, 32;
    %delay 10, 0;
    %pushi/vec4 1, 0, 1;
    %store/vec4 v0000027b6c5382f0_0, 0, 1;
    %pushi/vec4 3840, 0, 20;
    %store/vec4 v0000027b6c537dc0_0, 0, 20;
    %delay 2, 0;
    %pushi/vec4 0, 0, 1;
    %store/vec4 v0000027b6c537460_0, 0, 1;
    %pushi/vec4 1, 0, 1;
    %store/vec4 v0000027b6c5373c0_0, 0, 1;
    %delay 18, 0;
    %pushi/vec4 1, 0, 1;
    %store/vec4 v0000027b6c538b10_0, 0, 1;
    %delay 100, 0;
    %pushi/vec4 0, 0, 1;
    %store/vec4 v0000027b6c538b10_0, 0, 1;
    %delay 20, 0;
    %pushi/vec4 1, 0, 1;
    %store/vec4 v0000027b6c536ba0_0, 0, 1;
    %pushi/vec4 4278190080, 0, 32;
    %concati/vec4 0, 0, 96;
    %store/vec4 v0000027b6c536920_0, 0, 128;
    %delay 100, 0;
    %pushi/vec4 0, 0, 1;
    %store/vec4 v0000027b6c536ba0_0, 0, 1;
    %pushi/vec4 0, 0, 1;
    %store/vec4 v0000027b6c5382f0_0, 0, 1;
    %pushi/vec4 0, 0, 1;
    %store/vec4 v0000027b6c5373c0_0, 0, 1;
    %pushi/vec4 0, 0, 20;
    %store/vec4 v0000027b6c537dc0_0, 0, 20;
    %pushi/vec4 0, 0, 128;
    %store/vec4 v0000027b6c536920_0, 0, 128;
    %pushi/vec4 52, 0, 32;
    %store/vec4 v0000027b6c539470_0, 0, 32;
    %delay 10, 0;
    %pushi/vec4 1, 0, 1;
    %store/vec4 v0000027b6c5382f0_0, 0, 1;
    %pushi/vec4 61904, 0, 20;
    %store/vec4 v0000027b6c537dc0_0, 0, 20;
    %delay 2, 0;
    %pushi/vec4 0, 0, 1;
    %store/vec4 v0000027b6c537460_0, 0, 1;
    %pushi/vec4 1, 0, 1;
    %store/vec4 v0000027b6c5373c0_0, 0, 1;
    %delay 18, 0;
    %pushi/vec4 1, 0, 1;
    %store/vec4 v0000027b6c538b10_0, 0, 1;
    %delay 100, 0;
    %pushi/vec4 0, 0, 1;
    %store/vec4 v0000027b6c538b10_0, 0, 1;
    %delay 20, 0;
    %pushi/vec4 1, 0, 1;
    %store/vec4 v0000027b6c536ba0_0, 0, 1;
    %pushi/vec4 4026531840, 0, 32;
    %concati/vec4 0, 0, 96;
    %store/vec4 v0000027b6c536920_0, 0, 128;
    %delay 100, 0;
    %pushi/vec4 0, 0, 1;
    %store/vec4 v0000027b6c536ba0_0, 0, 1;
    %pushi/vec4 0, 0, 1;
    %store/vec4 v0000027b6c5382f0_0, 0, 1;
    %pushi/vec4 0, 0, 1;
    %store/vec4 v0000027b6c5373c0_0, 0, 1;
    %pushi/vec4 0, 0, 20;
    %store/vec4 v0000027b6c537dc0_0, 0, 20;
    %pushi/vec4 0, 0, 128;
    %store/vec4 v0000027b6c536920_0, 0, 128;
    %pushi/vec4 60, 0, 32;
    %store/vec4 v0000027b6c539470_0, 0, 32;
    %delay 10, 0;
    %pushi/vec4 0, 0, 1;
    %store/vec4 v0000027b6c5382f0_0, 0, 1;
    %pushi/vec4 0, 0, 1;
    %store/vec4 v0000027b6c539330_0, 0, 1;
    %pushi/vec4 0, 0, 20;
    %store/vec4 v0000027b6c537dc0_0, 0, 20;
    %pushi/vec4 15, 0, 4;
    %store/vec4 v0000027b6c536a60_0, 0, 4;
    %pushi/vec4 0, 0, 32;
    %store/vec4 v0000027b6c536060_0, 0, 32;
    %pushi/vec4 0, 0, 1;
    %store/vec4 v0000027b6c537460_0, 0, 1;
    %pushi/vec4 0, 0, 1;
    %store/vec4 v0000027b6c5373c0_0, 0, 1;
    %pushi/vec4 0, 0, 128;
    %store/vec4 v0000027b6c537be0_0, 0, 128;
    %pushi/vec4 0, 0, 1;
    %store/vec4 v0000027b6c536ba0_0, 0, 1;
    %pushi/vec4 0, 0, 1;
    %store/vec4 v0000027b6c538b10_0, 0, 1;
    %pushi/vec4 0, 0, 128;
    %store/vec4 v0000027b6c536920_0, 0, 128;
    %pushi/vec4 61, 0, 32;
    %store/vec4 v0000027b6c539470_0, 0, 32;
    %delay 10, 0;
    %pushi/vec4 1, 0, 1;
    %store/vec4 v0000027b6c539330_0, 0, 1;
    %pushi/vec4 986352, 0, 20;
    %store/vec4 v0000027b6c537dc0_0, 0, 20;
    %pushi/vec4 536870912, 0, 32;
    %store/vec4 v0000027b6c536060_0, 0, 32;
    %pushi/vec4 0, 0, 1;
    %store/vec4 v0000027b6c537460_0, 0, 1;
    %pushi/vec4 1, 0, 1;
    %store/vec4 v0000027b6c5373c0_0, 0, 1;
    %delay 20, 0;
    %pushi/vec4 1, 0, 1;
    %store/vec4 v0000027b6c538b10_0, 0, 1;
    %delay 100, 0;
    %pushi/vec4 0, 0, 1;
    %store/vec4 v0000027b6c538b10_0, 0, 1;
    %delay 20, 0;
    %pushi/vec4 1, 0, 1;
    %store/vec4 v0000027b6c536ba0_0, 0, 1;
    %delay 100, 0;
    %pushi/vec4 0, 0, 1;
    %store/vec4 v0000027b6c536ba0_0, 0, 1;
    %pushi/vec4 0, 0, 1;
    %store/vec4 v0000027b6c539330_0, 0, 1;
    %pushi/vec4 0, 0, 1;
    %store/vec4 v0000027b6c5373c0_0, 0, 1;
    %pushi/vec4 0, 0, 20;
    %store/vec4 v0000027b6c537dc0_0, 0, 20;
    %pushi/vec4 0, 0, 32;
    %store/vec4 v0000027b6c536060_0, 0, 32;
    %pushi/vec4 62, 0, 32;
    %store/vec4 v0000027b6c539470_0, 0, 32;
    %delay 10, 0;
    %pushi/vec4 1, 0, 1;
    %store/vec4 v0000027b6c539330_0, 0, 1;
    %pushi/vec4 61728, 0, 20;
    %store/vec4 v0000027b6c537dc0_0, 0, 20;
    %pushi/vec4 4026531840, 0, 32;
    %store/vec4 v0000027b6c536060_0, 0, 32;
    %pushi/vec4 0, 0, 1;
    %store/vec4 v0000027b6c537460_0, 0, 1;
    %pushi/vec4 1, 0, 1;
    %store/vec4 v0000027b6c5373c0_0, 0, 1;
    %delay 20, 0;
    %pushi/vec4 1, 0, 1;
    %store/vec4 v0000027b6c538b10_0, 0, 1;
    %delay 100, 0;
    %pushi/vec4 0, 0, 1;
    %store/vec4 v0000027b6c538b10_0, 0, 1;
    %delay 20, 0;
    %pushi/vec4 1, 0, 1;
    %store/vec4 v0000027b6c536ba0_0, 0, 1;
    %delay 100, 0;
    %pushi/vec4 0, 0, 1;
    %store/vec4 v0000027b6c536ba0_0, 0, 1;
    %pushi/vec4 0, 0, 1;
    %store/vec4 v0000027b6c539330_0, 0, 1;
    %pushi/vec4 0, 0, 1;
    %store/vec4 v0000027b6c5373c0_0, 0, 1;
    %pushi/vec4 0, 0, 20;
    %store/vec4 v0000027b6c537dc0_0, 0, 20;
    %pushi/vec4 0, 0, 32;
    %store/vec4 v0000027b6c536060_0, 0, 32;
    %pushi/vec4 70, 0, 32;
    %store/vec4 v0000027b6c539470_0, 0, 32;
    %delay 10, 0;
    %pushi/vec4 0, 0, 1;
    %store/vec4 v0000027b6c5382f0_0, 0, 1;
    %pushi/vec4 0, 0, 1;
    %store/vec4 v0000027b6c539330_0, 0, 1;
    %pushi/vec4 0, 0, 20;
    %store/vec4 v0000027b6c537dc0_0, 0, 20;
    %pushi/vec4 15, 0, 4;
    %store/vec4 v0000027b6c536a60_0, 0, 4;
    %pushi/vec4 0, 0, 32;
    %store/vec4 v0000027b6c536060_0, 0, 32;
    %pushi/vec4 0, 0, 1;
    %store/vec4 v0000027b6c537460_0, 0, 1;
    %pushi/vec4 0, 0, 1;
    %store/vec4 v0000027b6c5373c0_0, 0, 1;
    %pushi/vec4 0, 0, 128;
    %store/vec4 v0000027b6c537be0_0, 0, 128;
    %pushi/vec4 0, 0, 1;
    %store/vec4 v0000027b6c536ba0_0, 0, 1;
    %pushi/vec4 0, 0, 1;
    %store/vec4 v0000027b6c538b10_0, 0, 1;
    %pushi/vec4 0, 0, 128;
    %store/vec4 v0000027b6c536920_0, 0, 128;
    %pushi/vec4 71, 0, 32;
    %store/vec4 v0000027b6c539470_0, 0, 32;
    %delay 10, 0;
    %pushi/vec4 1, 0, 1;
    %store/vec4 v0000027b6c539330_0, 0, 1;
    %pushi/vec4 1168, 0, 20;
    %store/vec4 v0000027b6c537dc0_0, 0, 20;
    %pushi/vec4 1, 0, 4;
    %store/vec4 v0000027b6c536a60_0, 0, 4;
    %pushi/vec4 0, 0, 32;
    %store/vec4 v0000027b6c536060_0, 0, 32;
    %delay 90, 0;
    %pushi/vec4 1, 0, 1;
    %store/vec4 v0000027b6c536ba0_0, 0, 1;
    %delay 100, 0;
    %pushi/vec4 0, 0, 1;
    %store/vec4 v0000027b6c536ba0_0, 0, 1;
    %pushi/vec4 0, 0, 1;
    %store/vec4 v0000027b6c539330_0, 0, 1;
    %pushi/vec4 72, 0, 32;
    %store/vec4 v0000027b6c539470_0, 0, 32;
    %delay 10, 0;
    %pushi/vec4 1, 0, 1;
    %store/vec4 v0000027b6c539330_0, 0, 1;
    %pushi/vec4 1168, 0, 20;
    %store/vec4 v0000027b6c537dc0_0, 0, 20;
    %pushi/vec4 8, 0, 4;
    %store/vec4 v0000027b6c536a60_0, 0, 4;
    %pushi/vec4 2684354560, 0, 32;
    %store/vec4 v0000027b6c536060_0, 0, 32;
    %pushi/vec4 1, 0, 4;
    %store/vec4 v0000027b6c536a60_0, 0, 4;
    %delay 120, 0;
    %pushi/vec4 1, 0, 1;
    %store/vec4 v0000027b6c536ba0_0, 0, 1;
    %delay 120, 0;
    %pushi/vec4 0, 0, 1;
    %store/vec4 v0000027b6c536ba0_0, 0, 1;
    %pushi/vec4 0, 0, 1;
    %store/vec4 v0000027b6c539330_0, 0, 1;
    %pushi/vec4 73, 0, 32;
    %store/vec4 v0000027b6c539470_0, 0, 32;
    %delay 10, 0;
    %pushi/vec4 1, 0, 1;
    %store/vec4 v0000027b6c539330_0, 0, 1;
    %pushi/vec4 33952, 0, 20;
    %store/vec4 v0000027b6c537dc0_0, 0, 20;
    %pushi/vec4 12, 0, 4;
    %store/vec4 v0000027b6c536a60_0, 0, 4;
    %pushi/vec4 4026531840, 0, 32;
    %store/vec4 v0000027b6c536060_0, 0, 32;
    %delay 90, 0;
    %pushi/vec4 1, 0, 1;
    %store/vec4 v0000027b6c536ba0_0, 0, 1;
    %delay 100, 0;
    %pushi/vec4 0, 0, 1;
    %store/vec4 v0000027b6c536ba0_0, 0, 1;
    %pushi/vec4 0, 0, 1;
    %store/vec4 v0000027b6c539330_0, 0, 1;
    %pushi/vec4 74, 0, 32;
    %store/vec4 v0000027b6c539470_0, 0, 32;
    %delay 10, 0;
    %pushi/vec4 1, 0, 1;
    %store/vec4 v0000027b6c539330_0, 0, 1;
    %pushi/vec4 135328, 0, 20;
    %store/vec4 v0000027b6c537dc0_0, 0, 20;
    %pushi/vec4 4, 0, 4;
    %store/vec4 v0000027b6c536a60_0, 0, 4;
    %pushi/vec4 2952790015, 0, 32;
    %store/vec4 v0000027b6c536060_0, 0, 32;
    %delay 90, 0;
    %pushi/vec4 1, 0, 1;
    %store/vec4 v0000027b6c536ba0_0, 0, 1;
    %delay 100, 0;
    %pushi/vec4 0, 0, 1;
    %store/vec4 v0000027b6c536ba0_0, 0, 1;
    %pushi/vec4 0, 0, 1;
    %store/vec4 v0000027b6c539330_0, 0, 1;
    %pushi/vec4 80, 0, 32;
    %store/vec4 v0000027b6c539470_0, 0, 32;
    %delay 10, 0;
    %pushi/vec4 0, 0, 1;
    %store/vec4 v0000027b6c5382f0_0, 0, 1;
    %pushi/vec4 0, 0, 1;
    %store/vec4 v0000027b6c539330_0, 0, 1;
    %pushi/vec4 0, 0, 20;
    %store/vec4 v0000027b6c537dc0_0, 0, 20;
    %pushi/vec4 15, 0, 4;
    %store/vec4 v0000027b6c536a60_0, 0, 4;
    %pushi/vec4 0, 0, 32;
    %store/vec4 v0000027b6c536060_0, 0, 32;
    %pushi/vec4 0, 0, 1;
    %store/vec4 v0000027b6c537460_0, 0, 1;
    %pushi/vec4 0, 0, 1;
    %store/vec4 v0000027b6c5373c0_0, 0, 1;
    %pushi/vec4 0, 0, 128;
    %store/vec4 v0000027b6c537be0_0, 0, 128;
    %pushi/vec4 0, 0, 1;
    %store/vec4 v0000027b6c536ba0_0, 0, 1;
    %pushi/vec4 0, 0, 1;
    %store/vec4 v0000027b6c538b10_0, 0, 1;
    %pushi/vec4 0, 0, 128;
    %store/vec4 v0000027b6c536920_0, 0, 128;
    %pushi/vec4 81, 0, 32;
    %store/vec4 v0000027b6c539470_0, 0, 32;
    %delay 10, 0;
    %pushi/vec4 1, 0, 1;
    %store/vec4 v0000027b6c5382f0_0, 0, 1;
    %delay 2, 0;
    %pushi/vec4 1, 0, 1;
    %store/vec4 v0000027b6c537460_0, 0, 1;
    %pushi/vec4 1040, 0, 20;
    %store/vec4 v0000027b6c537dc0_0, 0, 20;
    %pushi/vec4 4, 0, 4;
    %store/vec4 v0000027b6c536a60_0, 0, 4;
    %pushi/vec4 0, 0, 128;
    %store/vec4 v0000027b6c537be0_0, 0, 128;
    %delay 8, 0;
    %pushi/vec4 0, 0, 1;
    %store/vec4 v0000027b6c5382f0_0, 0, 1;
    %pushi/vec4 0, 0, 1;
    %store/vec4 v0000027b6c537460_0, 0, 1;
    %pushi/vec4 82, 0, 32;
    %store/vec4 v0000027b6c539470_0, 0, 32;
    %delay 10, 0;
    %pushi/vec4 1, 0, 1;
    %store/vec4 v0000027b6c5382f0_0, 0, 1;
    %delay 2, 0;
    %pushi/vec4 1, 0, 1;
    %store/vec4 v0000027b6c537460_0, 0, 1;
    %pushi/vec4 33952, 0, 20;
    %store/vec4 v0000027b6c537dc0_0, 0, 20;
    %pushi/vec4 2, 0, 4;
    %store/vec4 v0000027b6c536a60_0, 0, 4;
    %pushi/vec4 4026531840, 0, 128;
    %store/vec4 v0000027b6c537be0_0, 0, 128;
    %delay 8, 0;
    %pushi/vec4 0, 0, 1;
    %store/vec4 v0000027b6c5382f0_0, 0, 1;
    %pushi/vec4 0, 0, 1;
    %store/vec4 v0000027b6c537460_0, 0, 1;
    %pushi/vec4 90, 0, 32;
    %store/vec4 v0000027b6c539470_0, 0, 32;
    %delay 10, 0;
    %pushi/vec4 0, 0, 1;
    %store/vec4 v0000027b6c5382f0_0, 0, 1;
    %pushi/vec4 0, 0, 1;
    %store/vec4 v0000027b6c539330_0, 0, 1;
    %pushi/vec4 0, 0, 20;
    %store/vec4 v0000027b6c537dc0_0, 0, 20;
    %pushi/vec4 15, 0, 4;
    %store/vec4 v0000027b6c536a60_0, 0, 4;
    %pushi/vec4 0, 0, 32;
    %store/vec4 v0000027b6c536060_0, 0, 32;
    %pushi/vec4 0, 0, 1;
    %store/vec4 v0000027b6c537460_0, 0, 1;
    %pushi/vec4 0, 0, 1;
    %store/vec4 v0000027b6c5373c0_0, 0, 1;
    %pushi/vec4 0, 0, 128;
    %store/vec4 v0000027b6c537be0_0, 0, 128;
    %pushi/vec4 0, 0, 1;
    %store/vec4 v0000027b6c536ba0_0, 0, 1;
    %pushi/vec4 0, 0, 1;
    %store/vec4 v0000027b6c538b10_0, 0, 1;
    %pushi/vec4 0, 0, 128;
    %store/vec4 v0000027b6c536920_0, 0, 128;
    %vpi_call 2 565 "$finish" {0 0 0};
    %end;
    .thread T_6;
# The file index is used to find the file name in the following table.
:file_names 4;
    "N/A";
    "<interactive>";
    "cache_controller_tb.v";
    "./cache_controller.v";
