#! /c/Source/iverilog-install/bin/vvp
:ivl_version "12.0 (devel)" "(s20150603-1539-g2693dd32b)";
:ivl_delay_selection "TYPICAL";
:vpi_time_precision + 0;
:vpi_module "D:\iverilog\iverilog\lib\ivl\system.vpi";
:vpi_module "D:\iverilog\iverilog\lib\ivl\vhdl_sys.vpi";
:vpi_module "D:\iverilog\iverilog\lib\ivl\vhdl_textio.vpi";
:vpi_module "D:\iverilog\iverilog\lib\ivl\v2005_math.vpi";
:vpi_module "D:\iverilog\iverilog\lib\ivl\va_math.vpi";
S_00000197d604c3c0 .scope module, "Imem_tb" "Imem_tb" 2 5;
 .timescale 0 0;
v00000197d60aa730_0 .var "addr", 8 0;
v00000197d60aab90_0 .var "clock", 0 0;
v00000197d60aaeb0_0 .net "dout", 127 0, v00000197d60aa2d0_0;  1 drivers
v00000197d60aa5f0_0 .var/i "i", 31 0;
v00000197d60aa870_0 .net "ready", 0 0, v00000197d60aae10_0;  1 drivers
v00000197d60aaf50_0 .var "ren", 0 0;
v00000197d60aa690_0 .var "reset", 0 0;
S_00000197d604c550 .scope module, "Imem_inst" "Imem" 2 14, 3 14 0, S_00000197d604c3c0;
 .timescale 0 0;
    .port_info 0 /INPUT 1 "clock";
    .port_info 1 /INPUT 1 "reset";
    .port_info 2 /INPUT 1 "ren";
    .port_info 3 /INPUT 9 "block_address";
    .port_info 4 /OUTPUT 1 "ready";
    .port_info 5 /OUTPUT 128 "dout";
L_00000197d6054680 .functor NOT 1, v00000197d60aa690_0, C4<0>, C4<0>, C4<0>;
L_00000197d6054300 .functor NOT 1, v00000197d60aaf50_0, C4<0>, C4<0>, C4<0>;
L_00000197d6054a70 .functor OR 1, L_00000197d6054680, L_00000197d6054300, C4<0>, C4<0>;
v00000197d603af60_0 .net *"_ivl_0", 0 0, L_00000197d6054680;  1 drivers
v00000197d603b000_0 .net *"_ivl_2", 0 0, L_00000197d6054300;  1 drivers
v00000197d60468b0_0 .net "block_address", 8 0, v00000197d60aa730_0;  1 drivers
v00000197d6046950_0 .net "clock", 0 0, v00000197d60aab90_0;  1 drivers
v00000197d60aa230_0 .net "counter_reset", 0 0, L_00000197d6054a70;  1 drivers
v00000197d60aa410 .array "data", 2047 0, 31 0;
v00000197d60aa4b0_0 .net "delay_counter", 3 0, v00000197d5f86bb0_0;  1 drivers
v00000197d60aa190_0 .net "delayed", 0 0, L_00000197d60aaa50;  1 drivers
v00000197d60aa2d0_0 .var "dout", 127 0;
v00000197d60aa9b0_0 .var/i "i", 31 0;
v00000197d60aae10_0 .var "ready", 0 0;
v00000197d60aa370_0 .net "ren", 0 0, v00000197d60aaf50_0;  1 drivers
v00000197d60aa550_0 .net "reset", 0 0, v00000197d60aa690_0;  1 drivers
E_00000197d603cca0 .event anyedge, v00000197d60468b0_0, v00000197d604c6e0_0;
E_00000197d603d0e0/0 .event negedge, v00000197d60aa550_0;
E_00000197d603d0e0/1 .event posedge, v00000197d6038020_0;
E_00000197d603d0e0 .event/or E_00000197d603d0e0/0, E_00000197d603d0e0/1;
L_00000197d60aaa50 .reduce/and v00000197d5f86bb0_0;
S_00000197d6046720 .scope module, "delay_cntr" "counter" 3 31, 4 3 0, S_00000197d604c550;
 .timescale 0 0;
    .port_info 0 /INPUT 1 "reset";
    .port_info 1 /INPUT 1 "clk";
    .port_info 2 /INPUT 1 "hold";
    .port_info 3 /OUTPUT 4 "counter";
P_00000197d603cd60 .param/l "size" 0 4 3, +C4<00000000000000000000000000000100>;
v00000197d6038020_0 .net "clk", 0 0, v00000197d60aab90_0;  alias, 1 drivers
v00000197d5f86bb0_0 .var "counter", 3 0;
v00000197d604c6e0_0 .net "hold", 0 0, L_00000197d60aaa50;  alias, 1 drivers
v00000197d604c780_0 .net "reset", 0 0, L_00000197d6054a70;  alias, 1 drivers
E_00000197d603ce60 .event posedge, v00000197d604c780_0, v00000197d6038020_0;
    .scope S_00000197d6046720;
T_0 ;
    %wait E_00000197d603ce60;
    %load/vec4 v00000197d604c780_0;
    %flag_set/vec4 8;
    %jmp/0xz  T_0.0, 8;
    %pushi/vec4 0, 0, 4;
    %assign/vec4 v00000197d5f86bb0_0, 0;
    %jmp T_0.1;
T_0.0 ;
    %load/vec4 v00000197d604c6e0_0;
    %flag_set/vec4 8;
    %jmp/0xz  T_0.2, 8;
    %load/vec4 v00000197d5f86bb0_0;
    %assign/vec4 v00000197d5f86bb0_0, 0;
    %jmp T_0.3;
T_0.2 ;
    %load/vec4 v00000197d5f86bb0_0;
    %addi 1, 0, 4;
    %assign/vec4 v00000197d5f86bb0_0, 0;
T_0.3 ;
T_0.1 ;
    %jmp T_0;
    .thread T_0;
    .scope S_00000197d604c550;
T_1 ;
    %wait E_00000197d603d0e0;
    %load/vec4 v00000197d60aa550_0;
    %inv;
    %flag_set/vec4 8;
    %jmp/0xz  T_1.0, 8;
    %pushi/vec4 0, 0, 1;
    %assign/vec4 v00000197d60aae10_0, 0;
    %jmp T_1.1;
T_1.0 ;
    %load/vec4 v00000197d60aa190_0;
    %assign/vec4 v00000197d60aae10_0, 0;
T_1.1 ;
    %jmp T_1;
    .thread T_1;
    .scope S_00000197d604c550;
T_2 ;
    %wait E_00000197d603cca0;
    %load/vec4 v00000197d60aa190_0;
    %flag_set/vec4 8;
    %jmp/0xz  T_2.0, 8;
    %pushi/vec4 0, 0, 128;
    %store/vec4 v00000197d60aa2d0_0, 0, 128;
    %pushi/vec4 0, 0, 32;
    %store/vec4 v00000197d60aa9b0_0, 0, 32;
T_2.2 ;
    %load/vec4 v00000197d60aa9b0_0;
    %cmpi/s 4, 0, 32;
    %jmp/0xz T_2.3, 5;
    %load/vec4 v00000197d60468b0_0;
    %pad/u 14;
    %pad/u 16;
    %muli 4, 0, 16;
    %pad/u 17;
    %load/vec4 v00000197d60aa9b0_0;
    %pad/s 17;
    %add;
    %ix/vec4 4;
    %load/vec4a v00000197d60aa410, 4;
    %load/vec4 v00000197d60aa9b0_0;
    %addi 1, 0, 32;
    %muli 32, 0, 32;
    %subi 1, 0, 32;
    %pad/s 34;
    %subi 31, 0, 34;
    %ix/vec4/s 4;
    %store/vec4 v00000197d60aa2d0_0, 4, 32;
    %load/vec4 v00000197d60aa9b0_0;
    %addi 1, 0, 32;
    %store/vec4 v00000197d60aa9b0_0, 0, 32;
    %jmp T_2.2;
T_2.3 ;
    %jmp T_2.1;
T_2.0 ;
    %pushi/vec4 0, 0, 128;
    %store/vec4 v00000197d60aa2d0_0, 0, 128;
T_2.1 ;
    %jmp T_2;
    .thread T_2, $push;
    .scope S_00000197d604c550;
T_3 ;
    %vpi_call 3 59 "$readmemh", "test.hex", v00000197d60aa410 {0 0 0};
    %end;
    .thread T_3;
    .scope S_00000197d604c3c0;
T_4 ;
    %vpi_call 2 18 "$dumpfile", "Imem_tb.vcd" {0 0 0};
    %vpi_call 2 19 "$dumpvars", 32'sb00000000000000000000000000000000, S_00000197d604c3c0 {0 0 0};
    %end;
    .thread T_4;
    .scope S_00000197d604c3c0;
T_5 ;
    %pushi/vec4 0, 0, 1;
    %store/vec4 v00000197d60aab90_0, 0, 1;
    %pushi/vec4 0, 0, 1;
    %store/vec4 v00000197d60aa690_0, 0, 1;
    %pushi/vec4 0, 0, 1;
    %store/vec4 v00000197d60aaf50_0, 0, 1;
    %pushi/vec4 0, 0, 9;
    %store/vec4 v00000197d60aa730_0, 0, 9;
    %delay 10, 0;
    %pushi/vec4 0, 0, 9;
    %store/vec4 v00000197d60aa730_0, 0, 9;
    %delay 10, 0;
    %pushi/vec4 1, 0, 1;
    %store/vec4 v00000197d60aaf50_0, 0, 1;
    %delay 1000, 0;
    %pushi/vec4 0, 0, 1;
    %store/vec4 v00000197d60aaf50_0, 0, 1;
    %pushi/vec4 1, 0, 32;
    %store/vec4 v00000197d60aa5f0_0, 0, 32;
T_5.0 ;
    %load/vec4 v00000197d60aa5f0_0;
    %cmpi/s 32, 0, 32;
    %jmp/0xz T_5.1, 5;
    %delay 10, 0;
    %load/vec4 v00000197d60aa730_0;
    %pad/u 16;
    %addi 1, 0, 16;
    %pad/u 9;
    %store/vec4 v00000197d60aa730_0, 0, 9;
    %delay 10, 0;
    %pushi/vec4 1, 0, 1;
    %store/vec4 v00000197d60aaf50_0, 0, 1;
    %delay 1000, 0;
    %pushi/vec4 0, 0, 1;
    %store/vec4 v00000197d60aaf50_0, 0, 1;
    %load/vec4 v00000197d60aa5f0_0;
    %addi 1, 0, 32;
    %store/vec4 v00000197d60aa5f0_0, 0, 32;
    %jmp T_5.0;
T_5.1 ;
    %delay 1000, 0;
    %pushi/vec4 1, 0, 1;
    %store/vec4 v00000197d60aa690_0, 0, 1;
    %delay 10, 0;
    %pushi/vec4 0, 0, 9;
    %store/vec4 v00000197d60aa730_0, 0, 9;
    %delay 10, 0;
    %pushi/vec4 1, 0, 1;
    %store/vec4 v00000197d60aaf50_0, 0, 1;
    %delay 1000, 0;
    %pushi/vec4 1, 0, 32;
    %store/vec4 v00000197d60aa5f0_0, 0, 32;
T_5.2 ;
    %load/vec4 v00000197d60aa5f0_0;
    %cmpi/s 32, 0, 32;
    %jmp/0xz T_5.3, 5;
    %delay 5, 0;
    %load/vec4 v00000197d60aa730_0;
    %pad/u 16;
    %addi 1, 0, 16;
    %pad/u 9;
    %store/vec4 v00000197d60aa730_0, 0, 9;
    %load/vec4 v00000197d60aa5f0_0;
    %addi 1, 0, 32;
    %store/vec4 v00000197d60aa5f0_0, 0, 32;
    %jmp T_5.2;
T_5.3 ;
    %delay 1000, 0;
    %pushi/vec4 1, 0, 1;
    %store/vec4 v00000197d60aa690_0, 0, 1;
    %delay 10, 0;
    %pushi/vec4 0, 0, 9;
    %store/vec4 v00000197d60aa730_0, 0, 9;
    %delay 10, 0;
    %pushi/vec4 1, 0, 1;
    %store/vec4 v00000197d60aaf50_0, 0, 1;
    %delay 1000, 0;
    %pushi/vec4 0, 0, 1;
    %store/vec4 v00000197d60aaf50_0, 0, 1;
    %pushi/vec4 1, 0, 32;
    %store/vec4 v00000197d60aa5f0_0, 0, 32;
T_5.4 ;
    %load/vec4 v00000197d60aa5f0_0;
    %cmpi/s 32, 0, 32;
    %jmp/0xz T_5.5, 5;
    %delay 10, 0;
    %load/vec4 v00000197d60aa730_0;
    %pad/u 16;
    %addi 1, 0, 16;
    %pad/u 9;
    %store/vec4 v00000197d60aa730_0, 0, 9;
    %delay 10, 0;
    %pushi/vec4 1, 0, 1;
    %store/vec4 v00000197d60aaf50_0, 0, 1;
    %delay 1000, 0;
    %pushi/vec4 0, 0, 1;
    %store/vec4 v00000197d60aaf50_0, 0, 1;
    %load/vec4 v00000197d60aa5f0_0;
    %addi 1, 0, 32;
    %store/vec4 v00000197d60aa5f0_0, 0, 32;
    %jmp T_5.4;
T_5.5 ;
    %delay 1000, 0;
    %pushi/vec4 0, 0, 1;
    %store/vec4 v00000197d60aa690_0, 0, 1;
    %delay 1000, 0;
    %pushi/vec4 1, 0, 1;
    %store/vec4 v00000197d60aa690_0, 0, 1;
    %delay 10, 0;
    %pushi/vec4 4, 0, 9;
    %store/vec4 v00000197d60aa730_0, 0, 9;
    %delay 10, 0;
    %pushi/vec4 1, 0, 1;
    %store/vec4 v00000197d60aaf50_0, 0, 1;
    %delay 1001, 0;
    %pushi/vec4 0, 0, 1;
    %store/vec4 v00000197d60aa690_0, 0, 1;
    %delay 1000, 0;
    %vpi_call 2 66 "$finish" {0 0 0};
    %jmp T_5;
    .thread T_5;
    .scope S_00000197d604c3c0;
T_6 ;
    %delay 5, 0;
    %load/vec4 v00000197d60aab90_0;
    %inv;
    %store/vec4 v00000197d60aab90_0, 0, 1;
    %jmp T_6;
    .thread T_6;
# The file index is used to find the file name in the following table.
:file_names 5;
    "N/A";
    "<interactive>";
    "Imem_tb.v";
    "./Imem.v";
    "./../common/counter.v";
