#! /c/Source/iverilog-install/bin/vvp
:ivl_version "12.0 (devel)" "(s20150603-1539-g2693dd32b)";
:ivl_delay_selection "TYPICAL";
:vpi_time_precision + 0;
:vpi_module "D:\iverilog\iverilog\lib\ivl\system.vpi";
:vpi_module "D:\iverilog\iverilog\lib\ivl\vhdl_sys.vpi";
:vpi_module "D:\iverilog\iverilog\lib\ivl\vhdl_textio.vpi";
:vpi_module "D:\iverilog\iverilog\lib\ivl\v2005_math.vpi";
:vpi_module "D:\iverilog\iverilog\lib\ivl\va_math.vpi";
S_0000018ef70b6720 .scope module, "Imem" "Imem" 2 14;
 .timescale 0 0;
    .port_info 0 /INPUT 1 "clock";
    .port_info 1 /INPUT 1 "reset";
    .port_info 2 /INPUT 1 "ren";
    .port_info 3 /INPUT 9 "block_address";
    .port_info 4 /OUTPUT 1 "ready";
    .port_info 5 /OUTPUT 128 "dout";
o0000018ef70be278 .functor BUFZ 1, C4<z>; HiZ drive
L_0000018ef7069480 .functor NOT 1, o0000018ef70be278, C4<0>, C4<0>, C4<0>;
o0000018ef70be248 .functor BUFZ 1, C4<z>; HiZ drive
L_0000018ef7069950 .functor NOT 1, o0000018ef70be248, C4<0>, C4<0>, C4<0>;
L_0000018ef7069330 .functor OR 1, L_0000018ef7069480, L_0000018ef7069950, C4<0>, C4<0>;
v0000018ef70b3df0_0 .net *"_ivl_0", 0 0, L_0000018ef7069480;  1 drivers
v0000018ef70b3e90_0 .net *"_ivl_2", 0 0, L_0000018ef7069950;  1 drivers
o0000018ef70be188 .functor BUFZ 9, C4<zzzzzzzzz>; HiZ drive
v0000018ef70b3f30_0 .net "block_address", 8 0, o0000018ef70be188;  0 drivers
o0000018ef70bdfa8 .functor BUFZ 1, C4<z>; HiZ drive
v0000018ef70b3fd0_0 .net "clock", 0 0, o0000018ef70bdfa8;  0 drivers
v0000018ef7109440_0 .net "counter_reset", 0 0, L_0000018ef7069330;  1 drivers
v0000018ef7109800 .array "data", 2047 0, 31 0;
v0000018ef7109d00_0 .net "delay_counter", 3 0, v0000018ef7066b70_0;  1 drivers
v0000018ef7109da0_0 .net "delayed", 0 0, L_0000018ef7109bc0;  1 drivers
v0000018ef7109760_0 .var "dout", 127 0;
v0000018ef71091c0_0 .var/i "i", 31 0;
v0000018ef7109a80_0 .var "ready", 0 0;
v0000018ef7109940_0 .net "ren", 0 0, o0000018ef70be248;  0 drivers
v0000018ef7109c60_0 .net "reset", 0 0, o0000018ef70be278;  0 drivers
E_0000018ef70bb9f0 .event anyedge, v0000018ef70b3f30_0, v0000018ef70b6a40_0;
E_0000018ef70bc230/0 .event negedge, v0000018ef7109c60_0;
E_0000018ef70bc230/1 .event posedge, v0000018ef70a6660_0;
E_0000018ef70bc230 .event/or E_0000018ef70bc230/0, E_0000018ef70bc230/1;
L_0000018ef7109bc0 .reduce/and v0000018ef7066b70_0;
S_0000018ef70b68b0 .scope module, "delay_cntr" "counter" 2 31, 3 3 0, S_0000018ef70b6720;
 .timescale 0 0;
    .port_info 0 /INPUT 1 "reset";
    .port_info 1 /INPUT 1 "clk";
    .port_info 2 /INPUT 1 "hold";
    .port_info 3 /OUTPUT 4 "counter";
P_0000018ef70bbbb0 .param/l "size" 0 3 3, +C4<00000000000000000000000000000100>;
v0000018ef70a6660_0 .net "clk", 0 0, o0000018ef70bdfa8;  alias, 0 drivers
v0000018ef7066b70_0 .var "counter", 3 0;
v0000018ef70b6a40_0 .net "hold", 0 0, L_0000018ef7109bc0;  alias, 1 drivers
v0000018ef70b6ae0_0 .net "reset", 0 0, L_0000018ef7069330;  alias, 1 drivers
E_0000018ef70bbe30 .event posedge, v0000018ef70b6ae0_0, v0000018ef70a6660_0;
    .scope S_0000018ef70b68b0;
T_0 ;
    %wait E_0000018ef70bbe30;
    %load/vec4 v0000018ef70b6ae0_0;
    %flag_set/vec4 8;
    %jmp/0xz  T_0.0, 8;
    %pushi/vec4 0, 0, 4;
    %assign/vec4 v0000018ef7066b70_0, 0;
    %jmp T_0.1;
T_0.0 ;
    %load/vec4 v0000018ef70b6a40_0;
    %flag_set/vec4 8;
    %jmp/0xz  T_0.2, 8;
    %load/vec4 v0000018ef7066b70_0;
    %assign/vec4 v0000018ef7066b70_0, 0;
    %jmp T_0.3;
T_0.2 ;
    %load/vec4 v0000018ef7066b70_0;
    %addi 1, 0, 4;
    %assign/vec4 v0000018ef7066b70_0, 0;
T_0.3 ;
T_0.1 ;
    %jmp T_0;
    .thread T_0;
    .scope S_0000018ef70b6720;
T_1 ;
    %wait E_0000018ef70bc230;
    %load/vec4 v0000018ef7109c60_0;
    %inv;
    %flag_set/vec4 8;
    %jmp/0xz  T_1.0, 8;
    %pushi/vec4 0, 0, 1;
    %assign/vec4 v0000018ef7109a80_0, 0;
    %jmp T_1.1;
T_1.0 ;
    %load/vec4 v0000018ef7109da0_0;
    %assign/vec4 v0000018ef7109a80_0, 0;
T_1.1 ;
    %jmp T_1;
    .thread T_1;
    .scope S_0000018ef70b6720;
T_2 ;
    %wait E_0000018ef70bb9f0;
    %load/vec4 v0000018ef7109da0_0;
    %flag_set/vec4 8;
    %jmp/0xz  T_2.0, 8;
    %pushi/vec4 0, 0, 128;
    %store/vec4 v0000018ef7109760_0, 0, 128;
    %pushi/vec4 0, 0, 32;
    %store/vec4 v0000018ef71091c0_0, 0, 32;
T_2.2 ;
    %load/vec4 v0000018ef71091c0_0;
    %cmpi/s 4, 0, 32;
    %jmp/0xz T_2.3, 5;
    %load/vec4 v0000018ef70b3f30_0;
    %pad/u 14;
    %pad/u 16;
    %muli 4, 0, 16;
    %pad/u 17;
    %load/vec4 v0000018ef71091c0_0;
    %pad/s 17;
    %add;
    %ix/vec4 4;
    %load/vec4a v0000018ef7109800, 4;
    %load/vec4 v0000018ef71091c0_0;
    %addi 1, 0, 32;
    %muli 32, 0, 32;
    %subi 1, 0, 32;
    %pad/s 34;
    %subi 31, 0, 34;
    %ix/vec4/s 4;
    %store/vec4 v0000018ef7109760_0, 4, 32;
    %load/vec4 v0000018ef71091c0_0;
    %addi 1, 0, 32;
    %store/vec4 v0000018ef71091c0_0, 0, 32;
    %jmp T_2.2;
T_2.3 ;
    %jmp T_2.1;
T_2.0 ;
    %pushi/vec4 0, 0, 128;
    %store/vec4 v0000018ef7109760_0, 0, 128;
T_2.1 ;
    %jmp T_2;
    .thread T_2, $push;
    .scope S_0000018ef70b6720;
T_3 ;
    %vpi_call 2 59 "$readmemh", "test.hex", v0000018ef7109800 {0 0 0};
    %end;
    .thread T_3;
# The file index is used to find the file name in the following table.
:file_names 4;
    "N/A";
    "<interactive>";
    "Imem.v";
    "./../common/counter.v";
