#! /usr/bin/vvp
:ivl_version "11.0 (stable)";
:ivl_delay_selection "TYPICAL";
:vpi_time_precision - 12;
:vpi_module "/usr/lib/x86_64-linux-gnu/ivl/system.vpi";
:vpi_module "/usr/lib/x86_64-linux-gnu/ivl/vhdl_sys.vpi";
:vpi_module "/usr/lib/x86_64-linux-gnu/ivl/vhdl_textio.vpi";
:vpi_module "/usr/lib/x86_64-linux-gnu/ivl/v2005_math.vpi";
:vpi_module "/usr/lib/x86_64-linux-gnu/ivl/va_math.vpi";
S_0x561b35781740 .scope module, "cpu" "cpu" 2 8;
 .timescale -9 -12;
    .port_info 0 /INPUT 1 "clock";
    .port_info 1 /INPUT 1 "reset";
L_0x7f64cdfb7060 .functor BUFT 1, C4<0>, C4<0>, C4<0>, C4<0>;
L_0x561b35784c70 .functor XNOR 1, L_0x561b357d1e40, L_0x7f64cdfb7060, C4<0>, C4<0>;
L_0x7f64cdfb70a8 .functor BUFT 1, C4<0>, C4<0>, C4<0>, C4<0>;
L_0x561b35786bf0 .functor XNOR 1, v0x561b357a2b40_0, L_0x7f64cdfb70a8, C4<0>, C4<0>;
L_0x7f64cdfb7408 .functor BUFT 1, C4<0>, C4<0>, C4<0>, C4<0>;
L_0x561b357c51d0 .functor XNOR 1, v0x561b357ad040_0, L_0x7f64cdfb7408, C4<0>, C4<0>;
L_0x7f64cdfb8260 .functor BUFT 1, C4<0>, C4<0>, C4<0>, C4<0>;
L_0x561b357d1a60 .functor XNOR 1, v0x561b357ad650_0, L_0x7f64cdfb8260, C4<0>, C4<0>;
L_0x561b357d1c10 .functor AND 1, v0x561b357acfa0_0, v0x561b357aca50_0, C4<1>, C4<1>;
L_0x561b357d1c80 .functor NOT 1, v0x561b357acfa0_0, C4<0>, C4<0>, C4<0>;
L_0x561b357d1d80 .functor AND 1, L_0x561b357d1c80, v0x561b357ac9b0_0, C4<1>, C4<1>;
L_0x561b357d1e40 .functor OR 1, L_0x561b357d1c10, L_0x561b357d1d80, C4<0>, C4<0>;
L_0x7f64cdfb82f0 .functor BUFT 1, C4<0>, C4<0>, C4<0>, C4<0>;
L_0x561b357d2330 .functor XNOR 1, v0x561b357ae360_0, L_0x7f64cdfb82f0, C4<0>, C4<0>;
v0x561b357abe50_0 .net "ALUInA", 31 0, L_0x561b357c8e70;  1 drivers
v0x561b357abf60_0 .net "ALUInB", 31 0, L_0x561b357c90a0;  1 drivers
v0x561b357ac030_0 .net "ALUOp", 3 0, v0x561b357a0fd0_0;  1 drivers
v0x561b357ac150_0 .net "ALUOut", 31 0, L_0x561b357d05e0;  1 drivers
v0x561b357ac1f0_0 .net "ALUSrc", 0 0, v0x561b357a28e0_0;  1 drivers
v0x561b357ac2e0_0 .net "ALUcntrl", 1 0, v0x561b357a29c0_0;  1 drivers
v0x561b357ac3b0_0 .net "Branch", 0 0, v0x561b357a2aa0_0;  1 drivers
v0x561b357ac4a0_0 .net "BranchALUOut", 31 0, L_0x561b357cc0b0;  1 drivers
v0x561b357ac540_0 .net "BranchNZ", 0 0, v0x561b357a16e0_0;  1 drivers
v0x561b357ac6a0_0 .net "BranchZ", 0 0, v0x561b357a17a0_0;  1 drivers
v0x561b357ac770_0 .net "DMemOut", 31 0, L_0x561b357d2220;  1 drivers
v0x561b357ac840_0 .var "EXMEM_ALUOut", 31 0;
v0x561b357ac910_0 .var "EXMEM_BranchALUOut", 31 0;
v0x561b357ac9b0_0 .var "EXMEM_BranchNZ", 0 0;
v0x561b357aca50_0 .var "EXMEM_BranchZ", 0 0;
v0x561b357acaf0_0 .var "EXMEM_MemRead", 0 0;
v0x561b357acbc0_0 .var "EXMEM_MemToReg", 0 0;
v0x561b357acc60_0 .var "EXMEM_MemWrite", 0 0;
v0x561b357acd30_0 .var "EXMEM_MemWriteData", 31 0;
v0x561b357ace00_0 .var "EXMEM_RegWrite", 0 0;
v0x561b357aced0_0 .var "EXMEM_RegWriteAddr", 4 0;
v0x561b357acfa0_0 .var "EXMEM_Zero", 0 0;
v0x561b357ad040_0 .var "IDEX_ALUSrc", 0 0;
v0x561b357ad0e0_0 .var "IDEX_ALUcntrl", 1 0;
v0x561b357ad1d0_0 .var "IDEX_BranchNZ", 0 0;
v0x561b357ad270_0 .var "IDEX_BranchZ", 0 0;
v0x561b357ad330_0 .var "IDEX_MemRead", 0 0;
v0x561b357ad400_0 .var "IDEX_MemToReg", 0 0;
v0x561b357ad4a0_0 .var "IDEX_MemWrite", 0 0;
v0x561b357ad560_0 .var "IDEX_PCplus4", 31 0;
v0x561b357ad650_0 .var "IDEX_RegDst", 0 0;
v0x561b357ad6f0_0 .var "IDEX_RegWrite", 0 0;
v0x561b357ad7b0_0 .var "IDEX_funct3", 2 0;
v0x561b357ad8a0_0 .var "IDEX_funct7", 6 0;
v0x561b357ad970_0 .var "IDEX_instr_rd", 4 0;
v0x561b357ada30_0 .var "IDEX_instr_rs1", 4 0;
v0x561b357adb20_0 .var "IDEX_instr_rs2", 4 0;
v0x561b357adbc0_0 .net "IDEX_rdA", 31 0, v0x561b357aade0_0;  1 drivers
v0x561b357adc80_0 .net "IDEX_rdB", 31 0, v0x561b357aaea0_0;  1 drivers
v0x561b357add50_0 .var "IDEX_signExtend", 31 0;
v0x561b357ade10_0 .var "IFID_PCplus4", 31 0;
v0x561b357adef0_0 .var "IFID_instr", 31 0;
v0x561b357adfd0_0 .net "Jump", 0 0, v0x561b357a2b40_0;  1 drivers
o0x7f64ce2439a8 .functor BUFZ 32, C4<zzzzzzzzzzzzzzzzzzzzzzzzzzzzzzzz>; HiZ drive
v0x561b357ae0c0_0 .net "JumpAddress", 31 0, o0x7f64ce2439a8;  0 drivers
v0x561b357ae1a0_0 .var "MEMWB_ALUOut", 31 0;
v0x561b357ae280_0 .var "MEMWB_DMemOut", 31 0;
v0x561b357ae360_0 .var "MEMWB_MemToReg", 0 0;
v0x561b357ae420_0 .var "MEMWB_RegWrite", 0 0;
v0x561b357ae510_0 .var "MEMWB_RegWriteAddr", 4 0;
v0x561b357ae620_0 .net "MemRead", 0 0, v0x561b357a2be0_0;  1 drivers
v0x561b357ae6c0_0 .net "MemToReg", 0 0, v0x561b357a2cd0_0;  1 drivers
v0x561b357ae760_0 .net "MemWrite", 0 0, v0x561b357a2d90_0;  1 drivers
v0x561b357ae800_0 .var "PC", 31 0;
v0x561b357ae8a0_0 .net "PCSrc", 0 0, L_0x561b357d1e40;  1 drivers
v0x561b357ae970_0 .net "PC_new", 31 0, L_0x561b357c43a0;  1 drivers
v0x561b357aea10_0 .net "PCplus4", 31 0, L_0x561b357c3fc0;  1 drivers
v0x561b357aeaf0_0 .net "RegDst", 0 0, v0x561b357a2e50_0;  1 drivers
v0x561b357aebc0_0 .net "RegWrite", 0 0, v0x561b357a2f10_0;  1 drivers
v0x561b357aec90_0 .net "RegWriteAddr", 4 0, L_0x561b357d1b20;  1 drivers
v0x561b357aed30_0 .net "Zero", 0 0, L_0x561b357d1690;  1 drivers
L_0x7f64cdfb7018 .functor BUFT 1, C4<00000000000000000000000000000100>, C4<0>, C4<0>, C4<0>;
v0x561b357aee00_0 .net/2u *"_ivl_0", 31 0, L_0x7f64cdfb7018;  1 drivers
v0x561b357aeec0_0 .net *"_ivl_10", 0 0, L_0x561b35786bf0;  1 drivers
L_0x7f64cdfb72e8 .functor BUFT 1, C4<00>, C4<0>, C4<0>, C4<0>;
v0x561b357aef80_0 .net/2u *"_ivl_100", 1 0, L_0x7f64cdfb72e8;  1 drivers
v0x561b357af060_0 .net *"_ivl_102", 0 0, L_0x561b357c8060;  1 drivers
L_0x7f64cdfb7330 .functor BUFT 1, C4<01>, C4<0>, C4<0>, C4<0>;
v0x561b357af120_0 .net/2u *"_ivl_104", 1 0, L_0x7f64cdfb7330;  1 drivers
v0x561b357af610_0 .net *"_ivl_106", 0 0, L_0x561b357c82f0;  1 drivers
v0x561b357af6d0_0 .net *"_ivl_108", 31 0, L_0x561b357c83e0;  1 drivers
L_0x7f64cdfb7378 .functor BUFT 1, C4<00>, C4<0>, C4<0>, C4<0>;
v0x561b357af7b0_0 .net/2u *"_ivl_112", 1 0, L_0x7f64cdfb7378;  1 drivers
v0x561b357af890_0 .net *"_ivl_114", 0 0, L_0x561b357c8860;  1 drivers
L_0x7f64cdfb73c0 .functor BUFT 1, C4<01>, C4<0>, C4<0>, C4<0>;
v0x561b357af950_0 .net/2u *"_ivl_116", 1 0, L_0x7f64cdfb73c0;  1 drivers
v0x561b357afa30_0 .net *"_ivl_118", 0 0, L_0x561b357c8b10;  1 drivers
v0x561b357afaf0_0 .net *"_ivl_12", 31 0, L_0x561b357c4260;  1 drivers
v0x561b357afbd0_0 .net *"_ivl_120", 31 0, L_0x561b357c8c00;  1 drivers
v0x561b357afcb0_0 .net/2u *"_ivl_124", 0 0, L_0x7f64cdfb7408;  1 drivers
v0x561b357afd90_0 .net *"_ivl_126", 0 0, L_0x561b357c51d0;  1 drivers
v0x561b357afe50_0 .net *"_ivl_132", 29 0, L_0x561b357cd5f0;  1 drivers
L_0x7f64cdfb7b10 .functor BUFT 1, C4<00>, C4<0>, C4<0>, C4<0>;
v0x561b357aff30_0 .net *"_ivl_134", 1 0, L_0x7f64cdfb7b10;  1 drivers
v0x561b357b0010_0 .net/2u *"_ivl_138", 0 0, L_0x7f64cdfb8260;  1 drivers
v0x561b357b00f0_0 .net *"_ivl_140", 0 0, L_0x561b357d1a60;  1 drivers
v0x561b357b01b0_0 .net *"_ivl_144", 0 0, L_0x561b357d1c10;  1 drivers
v0x561b357b0290_0 .net *"_ivl_146", 0 0, L_0x561b357d1c80;  1 drivers
v0x561b357b0370_0 .net *"_ivl_148", 0 0, L_0x561b357d1d80;  1 drivers
v0x561b357b0450_0 .net/2u *"_ivl_152", 0 0, L_0x7f64cdfb82f0;  1 drivers
v0x561b357b0530_0 .net *"_ivl_154", 0 0, L_0x561b357d2330;  1 drivers
v0x561b357b05f0_0 .net *"_ivl_20", 29 0, L_0x561b357c4930;  1 drivers
L_0x7f64cdfb7180 .functor BUFT 1, C4<00>, C4<0>, C4<0>, C4<0>;
v0x561b357b06d0_0 .net *"_ivl_22", 1 0, L_0x7f64cdfb7180;  1 drivers
v0x561b357b07b0_0 .net *"_ivl_39", 0 0, L_0x561b357c5130;  1 drivers
v0x561b357b0890_0 .net/2u *"_ivl_4", 0 0, L_0x7f64cdfb7060;  1 drivers
v0x561b357b0970_0 .net *"_ivl_40", 0 0, L_0x561b357c5240;  1 drivers
v0x561b357b0a50_0 .net *"_ivl_42", 19 0, L_0x561b357c52e0;  1 drivers
v0x561b357b0b30_0 .net *"_ivl_45", 19 0, L_0x561b357c5540;  1 drivers
v0x561b357b0c10_0 .net *"_ivl_46", 39 0, L_0x561b357c55e0;  1 drivers
v0x561b357b0cf0_0 .net *"_ivl_51", 0 0, L_0x561b357c58a0;  1 drivers
v0x561b357b0dd0_0 .net *"_ivl_52", 19 0, L_0x561b357c59e0;  1 drivers
v0x561b357b0eb0_0 .net *"_ivl_55", 6 0, L_0x561b357c5ea0;  1 drivers
v0x561b357b0f90_0 .net *"_ivl_57", 4 0, L_0x561b357c5940;  1 drivers
v0x561b357b1070_0 .net *"_ivl_6", 0 0, L_0x561b35784c70;  1 drivers
v0x561b357b1130_0 .net *"_ivl_61", 0 0, L_0x561b357c6240;  1 drivers
v0x561b357b1210_0 .net *"_ivl_62", 18 0, L_0x561b357c62e0;  1 drivers
v0x561b357b12f0_0 .net *"_ivl_65", 0 0, L_0x561b357c66b0;  1 drivers
v0x561b357b13d0_0 .net *"_ivl_67", 0 0, L_0x561b357c6750;  1 drivers
v0x561b357b14b0_0 .net *"_ivl_69", 5 0, L_0x561b357c68d0;  1 drivers
v0x561b357b1590_0 .net *"_ivl_71", 3 0, L_0x561b357c6970;  1 drivers
L_0x7f64cdfb7210 .functor BUFT 1, C4<0>, C4<0>, C4<0>, C4<0>;
v0x561b357b1670_0 .net/2u *"_ivl_72", 0 0, L_0x7f64cdfb7210;  1 drivers
v0x561b357b1750_0 .net *"_ivl_77", 19 0, L_0x561b357c6f90;  1 drivers
L_0x7f64cdfb7258 .functor BUFT 1, C4<000000000000>, C4<0>, C4<0>, C4<0>;
v0x561b357b1830_0 .net/2u *"_ivl_78", 11 0, L_0x7f64cdfb7258;  1 drivers
v0x561b357b1910_0 .net/2u *"_ivl_8", 0 0, L_0x7f64cdfb70a8;  1 drivers
v0x561b357b19f0_0 .net *"_ivl_83", 0 0, L_0x561b357c7270;  1 drivers
v0x561b357b1ad0_0 .net *"_ivl_84", 19 0, L_0x561b357c7420;  1 drivers
v0x561b357b1bb0_0 .net *"_ivl_87", 0 0, L_0x561b357c77d0;  1 drivers
v0x561b357b1c90_0 .net *"_ivl_89", 7 0, L_0x561b357c7990;  1 drivers
v0x561b357b1d70_0 .net *"_ivl_91", 0 0, L_0x561b357c7a30;  1 drivers
v0x561b357b1e50_0 .net *"_ivl_93", 9 0, L_0x561b357c7870;  1 drivers
L_0x7f64cdfb72a0 .functor BUFT 1, C4<0>, C4<0>, C4<0>, C4<0>;
v0x561b357b1f30_0 .net/2u *"_ivl_94", 0 0, L_0x7f64cdfb72a0;  1 drivers
v0x561b357b2010_0 .net *"_ivl_96", 40 0, L_0x561b357c7c00;  1 drivers
v0x561b357b20f0_0 .net "bubble_exmem", 0 0, v0x561b357a3710_0;  1 drivers
v0x561b357b21c0_0 .net "bubble_idex", 0 0, v0x561b357a37e0_0;  1 drivers
v0x561b357b2290_0 .net "bubble_ifid", 0 0, v0x561b357a38a0_0;  1 drivers
v0x561b357b2360_0 .net "bubble_memwb", 0 0, v0x561b357a39b0_0;  1 drivers
v0x561b357b2430_0 .net "bypassA", 1 0, v0x561b357a1d60_0;  1 drivers
v0x561b357b2500_0 .net "bypassB", 1 0, v0x561b357a1e60_0;  1 drivers
v0x561b357b25d0_0 .net "bypassOutB", 31 0, L_0x561b357c86d0;  1 drivers
o0x7f64ce241e48 .functor BUFZ 1, C4<z>; HiZ drive
v0x561b357b2670_0 .net "clock", 0 0, o0x7f64ce241e48;  0 drivers
v0x561b357b2710_0 .net "funct3", 2 0, L_0x561b357c4cc0;  1 drivers
v0x561b357b27e0_0 .net "funct7", 6 0, L_0x561b357c4e00;  1 drivers
v0x561b357b2880_0 .net "imm_b", 31 0, L_0x561b357c6d10;  1 drivers
v0x561b357b2970_0 .net "imm_i", 31 0, L_0x561b357c5760;  1 drivers
v0x561b357b2a40_0 .net "imm_j", 31 0, L_0x561b357c7f20;  1 drivers
v0x561b357b2b10_0 .net "imm_s", 31 0, L_0x561b357c5ff0;  1 drivers
v0x561b357b33f0_0 .net "imm_u", 31 0, L_0x561b357c7130;  1 drivers
v0x561b357b34c0_0 .net "instr", 31 0, L_0x561b35787ed0;  1 drivers
v0x561b357b3590_0 .net "instr_rd", 4 0, L_0x561b357c5090;  1 drivers
v0x561b357b3650_0 .net "instr_rs1", 4 0, L_0x561b357c4ef0;  1 drivers
v0x561b357b3760_0 .net "instr_rs2", 4 0, L_0x561b357c4f90;  1 drivers
v0x561b357b3870_0 .net "opcode", 6 0, L_0x561b357c4be0;  1 drivers
o0x7f64ce241f08 .functor BUFZ 1, C4<z>; HiZ drive
v0x561b357b3980_0 .net "reset", 0 0, o0x7f64ce241f08;  0 drivers
v0x561b357b3a20_0 .net "signExtend", 31 0, v0x561b357abc70_0;  1 drivers
v0x561b357b3ae0_0 .net "wRegData", 31 0, L_0x561b357d23f0;  1 drivers
v0x561b357b3b80_0 .net "write_exmem", 0 0, v0x561b357a3e20_0;  1 drivers
v0x561b357b3c20_0 .net "write_idex", 0 0, v0x561b357a3ee0_0;  1 drivers
v0x561b357b3cf0_0 .net "write_ifid", 0 0, v0x561b357a3fa0_0;  1 drivers
v0x561b357b3de0_0 .net "write_memwb", 0 0, v0x561b357a4060_0;  1 drivers
v0x561b357b3e80_0 .net "write_pc", 0 0, v0x561b357a4120_0;  1 drivers
L_0x561b357c3fc0 .arith/sum 32, v0x561b357ae800_0, L_0x7f64cdfb7018;
L_0x561b357c4260 .functor MUXZ 32, o0x7f64ce2439a8, L_0x561b357c3fc0, L_0x561b35786bf0, C4<>;
L_0x561b357c43a0 .functor MUXZ 32, v0x561b357ac910_0, L_0x561b357c4260, L_0x561b35784c70, C4<>;
L_0x561b357c4930 .part v0x561b357ae800_0, 2, 30;
L_0x561b357c4a50 .concat [ 30 2 0 0], L_0x561b357c4930, L_0x7f64cdfb7180;
L_0x561b357c4be0 .part v0x561b357adef0_0, 0, 7;
L_0x561b357c4cc0 .part v0x561b357adef0_0, 12, 3;
L_0x561b357c4e00 .part v0x561b357adef0_0, 25, 7;
L_0x561b357c4ef0 .part v0x561b357adef0_0, 15, 5;
L_0x561b357c4f90 .part v0x561b357adef0_0, 20, 5;
L_0x561b357c5090 .part v0x561b357adef0_0, 7, 5;
L_0x561b357c5130 .part v0x561b357adef0_0, 31, 1;
L_0x561b357c5240 .concat [ 1 0 0 0], L_0x561b357c5130;
LS_0x561b357c52e0_0_0 .concat [ 1 1 1 1], L_0x561b357c5240, L_0x561b357c5240, L_0x561b357c5240, L_0x561b357c5240;
LS_0x561b357c52e0_0_4 .concat [ 1 1 1 1], L_0x561b357c5240, L_0x561b357c5240, L_0x561b357c5240, L_0x561b357c5240;
LS_0x561b357c52e0_0_8 .concat [ 1 1 1 1], L_0x561b357c5240, L_0x561b357c5240, L_0x561b357c5240, L_0x561b357c5240;
LS_0x561b357c52e0_0_12 .concat [ 1 1 1 1], L_0x561b357c5240, L_0x561b357c5240, L_0x561b357c5240, L_0x561b357c5240;
LS_0x561b357c52e0_0_16 .concat [ 1 1 1 1], L_0x561b357c5240, L_0x561b357c5240, L_0x561b357c5240, L_0x561b357c5240;
LS_0x561b357c52e0_1_0 .concat [ 4 4 4 4], LS_0x561b357c52e0_0_0, LS_0x561b357c52e0_0_4, LS_0x561b357c52e0_0_8, LS_0x561b357c52e0_0_12;
LS_0x561b357c52e0_1_4 .concat [ 4 0 0 0], LS_0x561b357c52e0_0_16;
L_0x561b357c52e0 .concat [ 16 4 0 0], LS_0x561b357c52e0_1_0, LS_0x561b357c52e0_1_4;
L_0x561b357c5540 .part v0x561b357adef0_0, 12, 20;
L_0x561b357c55e0 .concat [ 20 20 0 0], L_0x561b357c5540, L_0x561b357c52e0;
L_0x561b357c5760 .part L_0x561b357c55e0, 0, 32;
L_0x561b357c58a0 .part v0x561b357adef0_0, 31, 1;
LS_0x561b357c59e0_0_0 .concat [ 1 1 1 1], L_0x561b357c58a0, L_0x561b357c58a0, L_0x561b357c58a0, L_0x561b357c58a0;
LS_0x561b357c59e0_0_4 .concat [ 1 1 1 1], L_0x561b357c58a0, L_0x561b357c58a0, L_0x561b357c58a0, L_0x561b357c58a0;
LS_0x561b357c59e0_0_8 .concat [ 1 1 1 1], L_0x561b357c58a0, L_0x561b357c58a0, L_0x561b357c58a0, L_0x561b357c58a0;
LS_0x561b357c59e0_0_12 .concat [ 1 1 1 1], L_0x561b357c58a0, L_0x561b357c58a0, L_0x561b357c58a0, L_0x561b357c58a0;
LS_0x561b357c59e0_0_16 .concat [ 1 1 1 1], L_0x561b357c58a0, L_0x561b357c58a0, L_0x561b357c58a0, L_0x561b357c58a0;
LS_0x561b357c59e0_1_0 .concat [ 4 4 4 4], LS_0x561b357c59e0_0_0, LS_0x561b357c59e0_0_4, LS_0x561b357c59e0_0_8, LS_0x561b357c59e0_0_12;
LS_0x561b357c59e0_1_4 .concat [ 4 0 0 0], LS_0x561b357c59e0_0_16;
L_0x561b357c59e0 .concat [ 16 4 0 0], LS_0x561b357c59e0_1_0, LS_0x561b357c59e0_1_4;
L_0x561b357c5ea0 .part v0x561b357adef0_0, 25, 7;
L_0x561b357c5940 .part v0x561b357adef0_0, 7, 5;
L_0x561b357c5ff0 .concat [ 5 7 20 0], L_0x561b357c5940, L_0x561b357c5ea0, L_0x561b357c59e0;
L_0x561b357c6240 .part v0x561b357adef0_0, 31, 1;
LS_0x561b357c62e0_0_0 .concat [ 1 1 1 1], L_0x561b357c6240, L_0x561b357c6240, L_0x561b357c6240, L_0x561b357c6240;
LS_0x561b357c62e0_0_4 .concat [ 1 1 1 1], L_0x561b357c6240, L_0x561b357c6240, L_0x561b357c6240, L_0x561b357c6240;
LS_0x561b357c62e0_0_8 .concat [ 1 1 1 1], L_0x561b357c6240, L_0x561b357c6240, L_0x561b357c6240, L_0x561b357c6240;
LS_0x561b357c62e0_0_12 .concat [ 1 1 1 1], L_0x561b357c6240, L_0x561b357c6240, L_0x561b357c6240, L_0x561b357c6240;
LS_0x561b357c62e0_0_16 .concat [ 1 1 1 0], L_0x561b357c6240, L_0x561b357c6240, L_0x561b357c6240;
LS_0x561b357c62e0_1_0 .concat [ 4 4 4 4], LS_0x561b357c62e0_0_0, LS_0x561b357c62e0_0_4, LS_0x561b357c62e0_0_8, LS_0x561b357c62e0_0_12;
LS_0x561b357c62e0_1_4 .concat [ 3 0 0 0], LS_0x561b357c62e0_0_16;
L_0x561b357c62e0 .concat [ 16 3 0 0], LS_0x561b357c62e0_1_0, LS_0x561b357c62e0_1_4;
L_0x561b357c66b0 .part v0x561b357adef0_0, 31, 1;
L_0x561b357c6750 .part v0x561b357adef0_0, 7, 1;
L_0x561b357c68d0 .part v0x561b357adef0_0, 25, 6;
L_0x561b357c6970 .part v0x561b357adef0_0, 8, 4;
LS_0x561b357c6d10_0_0 .concat [ 1 4 6 1], L_0x7f64cdfb7210, L_0x561b357c6970, L_0x561b357c68d0, L_0x561b357c6750;
LS_0x561b357c6d10_0_4 .concat [ 1 19 0 0], L_0x561b357c66b0, L_0x561b357c62e0;
L_0x561b357c6d10 .concat [ 12 20 0 0], LS_0x561b357c6d10_0_0, LS_0x561b357c6d10_0_4;
L_0x561b357c6f90 .part v0x561b357adef0_0, 12, 20;
L_0x561b357c7130 .concat [ 12 20 0 0], L_0x7f64cdfb7258, L_0x561b357c6f90;
L_0x561b357c7270 .part v0x561b357adef0_0, 31, 1;
LS_0x561b357c7420_0_0 .concat [ 1 1 1 1], L_0x561b357c7270, L_0x561b357c7270, L_0x561b357c7270, L_0x561b357c7270;
LS_0x561b357c7420_0_4 .concat [ 1 1 1 1], L_0x561b357c7270, L_0x561b357c7270, L_0x561b357c7270, L_0x561b357c7270;
LS_0x561b357c7420_0_8 .concat [ 1 1 1 1], L_0x561b357c7270, L_0x561b357c7270, L_0x561b357c7270, L_0x561b357c7270;
LS_0x561b357c7420_0_12 .concat [ 1 1 1 1], L_0x561b357c7270, L_0x561b357c7270, L_0x561b357c7270, L_0x561b357c7270;
LS_0x561b357c7420_0_16 .concat [ 1 1 1 1], L_0x561b357c7270, L_0x561b357c7270, L_0x561b357c7270, L_0x561b357c7270;
LS_0x561b357c7420_1_0 .concat [ 4 4 4 4], LS_0x561b357c7420_0_0, LS_0x561b357c7420_0_4, LS_0x561b357c7420_0_8, LS_0x561b357c7420_0_12;
LS_0x561b357c7420_1_4 .concat [ 4 0 0 0], LS_0x561b357c7420_0_16;
L_0x561b357c7420 .concat [ 16 4 0 0], LS_0x561b357c7420_1_0, LS_0x561b357c7420_1_4;
L_0x561b357c77d0 .part v0x561b357adef0_0, 31, 1;
L_0x561b357c7990 .part v0x561b357adef0_0, 12, 8;
L_0x561b357c7a30 .part v0x561b357adef0_0, 20, 1;
L_0x561b357c7870 .part v0x561b357adef0_0, 21, 10;
LS_0x561b357c7c00_0_0 .concat [ 1 10 1 8], L_0x7f64cdfb72a0, L_0x561b357c7870, L_0x561b357c7a30, L_0x561b357c7990;
LS_0x561b357c7c00_0_4 .concat [ 1 20 0 0], L_0x561b357c77d0, L_0x561b357c7420;
L_0x561b357c7c00 .concat [ 20 21 0 0], LS_0x561b357c7c00_0_0, LS_0x561b357c7c00_0_4;
L_0x561b357c7f20 .part L_0x561b357c7c00, 0, 32;
L_0x561b357c8060 .cmp/eq 2, v0x561b357a1e60_0, L_0x7f64cdfb72e8;
L_0x561b357c82f0 .cmp/eq 2, v0x561b357a1e60_0, L_0x7f64cdfb7330;
L_0x561b357c83e0 .functor MUXZ 32, v0x561b357ac840_0, L_0x561b357d23f0, L_0x561b357c82f0, C4<>;
L_0x561b357c86d0 .functor MUXZ 32, L_0x561b357c83e0, v0x561b357aaea0_0, L_0x561b357c8060, C4<>;
L_0x561b357c8860 .cmp/eq 2, v0x561b357a1d60_0, L_0x7f64cdfb7378;
L_0x561b357c8b10 .cmp/eq 2, v0x561b357a1d60_0, L_0x7f64cdfb73c0;
L_0x561b357c8c00 .functor MUXZ 32, v0x561b357ac840_0, L_0x561b357d23f0, L_0x561b357c8b10, C4<>;
L_0x561b357c8e70 .functor MUXZ 32, L_0x561b357c8c00, v0x561b357aade0_0, L_0x561b357c8860, C4<>;
L_0x561b357c90a0 .functor MUXZ 32, v0x561b357add50_0, L_0x561b357c86d0, L_0x561b357c51d0, C4<>;
L_0x561b357cd5f0 .part v0x561b357add50_0, 0, 30;
L_0x561b357cd6e0 .concat [ 2 30 0 0], L_0x7f64cdfb7b10, L_0x561b357cd5f0;
L_0x561b357d1b20 .functor MUXZ 5, v0x561b357ad970_0, v0x561b357adb20_0, L_0x561b357d1a60, C4<>;
L_0x561b357d23f0 .functor MUXZ 32, v0x561b357ae280_0, v0x561b357ae1a0_0, L_0x561b357d2330, C4<>;
S_0x561b357823c0 .scope module, "branch_alu" "ALU" 2 184, 3 12 0, S_0x561b35781740;
 .timescale -9 -12;
    .port_info 0 /OUTPUT 32 "out";
    .port_info 1 /OUTPUT 1 "zero";
    .port_info 2 /INPUT 32 "inA";
    .port_info 3 /INPUT 32 "inB";
    .port_info 4 /INPUT 4 "op";
P_0x561b356e1090 .param/l "N" 0 3 12, +C4<00000000000000000000000000100000>;
L_0x561b35737970 .functor OR 1, L_0x561b357c95a0, L_0x561b357c96e0, C4<0>, C4<0>;
L_0x561b357c9910 .functor XOR 32, v0x561b357ad560_0, L_0x561b357cd6e0, C4<00000000000000000000000000000000>, C4<00000000000000000000000000000000>;
L_0x561b357c9b50 .functor OR 32, v0x561b357ad560_0, L_0x561b357cd6e0, C4<00000000000000000000000000000000>, C4<00000000000000000000000000000000>;
L_0x561b357c9cb0 .functor AND 32, v0x561b357ad560_0, L_0x561b357cd6e0, C4<11111111111111111111111111111111>, C4<11111111111111111111111111111111>;
L_0x561b357ca050 .functor OR 1, L_0x561b357ca880, L_0x561b357caa10, C4<0>, C4<0>;
L_0x7f64cdfb7450 .functor BUFT 1, C4<0000>, C4<0>, C4<0>, C4<0>;
v0x561b35784d90_0 .net/2u *"_ivl_0", 3 0, L_0x7f64cdfb7450;  1 drivers
L_0x7f64cdfb74e0 .functor BUFT 1, C4<1010>, C4<0>, C4<0>, C4<0>;
v0x561b35784e30_0 .net/2u *"_ivl_10", 3 0, L_0x7f64cdfb74e0;  1 drivers
v0x561b35786d10_0 .net *"_ivl_100", 31 0, L_0x561b357cbc90;  1 drivers
v0x561b35786de0_0 .net *"_ivl_102", 31 0, L_0x561b357cbe20;  1 drivers
L_0x7f64cdfb7918 .functor BUFT 1, C4<0001>, C4<0>, C4<0>, C4<0>;
v0x561b35787ff0_0 .net/2u *"_ivl_106", 3 0, L_0x7f64cdfb7918;  1 drivers
v0x561b357880c0_0 .net *"_ivl_108", 0 0, L_0x561b357cc650;  1 drivers
L_0x7f64cdfb7960 .functor BUFT 1, C4<00000000000000000000000000000000>, C4<0>, C4<0>, C4<0>;
v0x561b35737ad0_0 .net/2u *"_ivl_110", 31 0, L_0x7f64cdfb7960;  1 drivers
v0x561b3579d120_0 .net *"_ivl_112", 0 0, L_0x561b357cc850;  1 drivers
L_0x7f64cdfb79a8 .functor BUFT 1, C4<1010>, C4<0>, C4<0>, C4<0>;
v0x561b3579d1e0_0 .net/2u *"_ivl_114", 3 0, L_0x7f64cdfb79a8;  1 drivers
v0x561b3579d2c0_0 .net *"_ivl_116", 0 0, L_0x561b357cc940;  1 drivers
L_0x7f64cdfb79f0 .functor BUFT 1, C4<00000000000000000000000000000000>, C4<0>, C4<0>, C4<0>;
v0x561b3579d380_0 .net/2u *"_ivl_118", 31 0, L_0x7f64cdfb79f0;  1 drivers
v0x561b3579d460_0 .net *"_ivl_12", 0 0, L_0x561b357c96e0;  1 drivers
v0x561b3579d520_0 .net *"_ivl_120", 0 0, L_0x561b357ccb50;  1 drivers
L_0x7f64cdfb7a38 .functor BUFT 1, C4<1011>, C4<0>, C4<0>, C4<0>;
v0x561b3579d5e0_0 .net/2u *"_ivl_122", 3 0, L_0x7f64cdfb7a38;  1 drivers
v0x561b3579d6c0_0 .net *"_ivl_124", 0 0, L_0x561b357ccc40;  1 drivers
L_0x7f64cdfb7a80 .functor BUFT 1, C4<00000000000000000000000000000001>, C4<0>, C4<0>, C4<0>;
v0x561b3579d780_0 .net/2u *"_ivl_126", 31 0, L_0x7f64cdfb7a80;  1 drivers
v0x561b3579d860_0 .net *"_ivl_128", 0 0, L_0x561b357cca30;  1 drivers
L_0x7f64cdfb7ac8 .functor BUFT 1, C4<0>, C4<0>, C4<0>, C4<0>;
v0x561b3579d920_0 .net/2u *"_ivl_130", 0 0, L_0x7f64cdfb7ac8;  1 drivers
v0x561b3579da00_0 .net *"_ivl_132", 0 0, L_0x561b357cce10;  1 drivers
v0x561b3579dae0_0 .net *"_ivl_134", 0 0, L_0x561b357cd0e0;  1 drivers
v0x561b3579dbc0_0 .net *"_ivl_15", 0 0, L_0x561b35737970;  1 drivers
v0x561b3579dc80_0 .net/s *"_ivl_16", 31 0, L_0x561b357c9870;  1 drivers
L_0x7f64cdfb7528 .functor BUFT 1, C4<0010>, C4<0>, C4<0>, C4<0>;
v0x561b3579dd60_0 .net/2u *"_ivl_18", 3 0, L_0x7f64cdfb7528;  1 drivers
v0x561b3579de40_0 .net *"_ivl_2", 0 0, L_0x561b357c93c0;  1 drivers
v0x561b3579df00_0 .net *"_ivl_20", 0 0, L_0x561b357c99d0;  1 drivers
v0x561b3579dfc0_0 .net *"_ivl_22", 31 0, L_0x561b357c9910;  1 drivers
L_0x7f64cdfb7570 .functor BUFT 1, C4<0011>, C4<0>, C4<0>, C4<0>;
v0x561b3579e0a0_0 .net/2u *"_ivl_24", 3 0, L_0x7f64cdfb7570;  1 drivers
v0x561b3579e180_0 .net *"_ivl_26", 0 0, L_0x561b357c9ab0;  1 drivers
v0x561b3579e240_0 .net *"_ivl_28", 31 0, L_0x561b357c9b50;  1 drivers
L_0x7f64cdfb75b8 .functor BUFT 1, C4<0100>, C4<0>, C4<0>, C4<0>;
v0x561b3579e320_0 .net/2u *"_ivl_30", 3 0, L_0x7f64cdfb75b8;  1 drivers
v0x561b3579e400_0 .net *"_ivl_32", 0 0, L_0x561b357c9bc0;  1 drivers
v0x561b3579e4c0_0 .net *"_ivl_34", 31 0, L_0x561b357c9cb0;  1 drivers
L_0x7f64cdfb7600 .functor BUFT 1, C4<0101>, C4<0>, C4<0>, C4<0>;
v0x561b3579e5a0_0 .net/2u *"_ivl_36", 3 0, L_0x7f64cdfb7600;  1 drivers
v0x561b3579e890_0 .net *"_ivl_38", 0 0, L_0x561b357c9d20;  1 drivers
v0x561b3579e950_0 .net/s *"_ivl_4", 31 0, L_0x561b357c94b0;  1 drivers
v0x561b3579ea30_0 .net *"_ivl_40", 31 0, L_0x561b357c9e10;  1 drivers
L_0x7f64cdfb7648 .functor BUFT 1, C4<0110>, C4<0>, C4<0>, C4<0>;
v0x561b3579eb10_0 .net/2u *"_ivl_42", 3 0, L_0x7f64cdfb7648;  1 drivers
v0x561b3579ebf0_0 .net *"_ivl_44", 0 0, L_0x561b357c9f10;  1 drivers
v0x561b3579ecb0_0 .net *"_ivl_46", 31 0, L_0x561b357c9fb0;  1 drivers
L_0x7f64cdfb7690 .functor BUFT 1, C4<0111>, C4<0>, C4<0>, C4<0>;
v0x561b3579ed90_0 .net/2u *"_ivl_48", 3 0, L_0x7f64cdfb7690;  1 drivers
v0x561b3579ee70_0 .net *"_ivl_50", 0 0, L_0x561b357ca0c0;  1 drivers
v0x561b3579ef30_0 .net *"_ivl_52", 31 0, L_0x561b357ca1b0;  1 drivers
L_0x7f64cdfb76d8 .functor BUFT 1, C4<1000>, C4<0>, C4<0>, C4<0>;
v0x561b3579f010_0 .net/2u *"_ivl_54", 3 0, L_0x7f64cdfb76d8;  1 drivers
v0x561b3579f0f0_0 .net *"_ivl_56", 0 0, L_0x561b357ca410;  1 drivers
v0x561b3579f1b0_0 .net *"_ivl_58", 0 0, L_0x561b357ca530;  1 drivers
L_0x7f64cdfb7498 .functor BUFT 1, C4<0001>, C4<0>, C4<0>, C4<0>;
v0x561b3579f270_0 .net/2u *"_ivl_6", 3 0, L_0x7f64cdfb7498;  1 drivers
L_0x7f64cdfb7720 .functor BUFT 1, C4<00000000000000000000000000000001>, C4<0>, C4<0>, C4<0>;
v0x561b3579f350_0 .net/2s *"_ivl_60", 31 0, L_0x7f64cdfb7720;  1 drivers
L_0x7f64cdfb7768 .functor BUFT 1, C4<00000000000000000000000000000000>, C4<0>, C4<0>, C4<0>;
v0x561b3579f430_0 .net/2s *"_ivl_62", 31 0, L_0x7f64cdfb7768;  1 drivers
v0x561b3579f510_0 .net *"_ivl_64", 31 0, L_0x561b357ca6c0;  1 drivers
L_0x7f64cdfb77b0 .functor BUFT 1, C4<1001>, C4<0>, C4<0>, C4<0>;
v0x561b3579f5f0_0 .net/2u *"_ivl_66", 3 0, L_0x7f64cdfb77b0;  1 drivers
v0x561b3579f6d0_0 .net *"_ivl_68", 0 0, L_0x561b357ca880;  1 drivers
L_0x7f64cdfb77f8 .functor BUFT 1, C4<1011>, C4<0>, C4<0>, C4<0>;
v0x561b3579f790_0 .net/2u *"_ivl_70", 3 0, L_0x7f64cdfb77f8;  1 drivers
v0x561b3579f870_0 .net *"_ivl_72", 0 0, L_0x561b357caa10;  1 drivers
v0x561b3579f930_0 .net *"_ivl_75", 0 0, L_0x561b357ca050;  1 drivers
v0x561b3579f9f0_0 .net *"_ivl_76", 0 0, L_0x561b357caba0;  1 drivers
L_0x7f64cdfb7840 .functor BUFT 1, C4<00000000000000000000000000000001>, C4<0>, C4<0>, C4<0>;
v0x561b3579fab0_0 .net/2s *"_ivl_78", 31 0, L_0x7f64cdfb7840;  1 drivers
v0x561b3579fb90_0 .net *"_ivl_8", 0 0, L_0x561b357c95a0;  1 drivers
L_0x7f64cdfb7888 .functor BUFT 1, C4<00000000000000000000000000000000>, C4<0>, C4<0>, C4<0>;
v0x561b3579fc50_0 .net/2s *"_ivl_80", 31 0, L_0x7f64cdfb7888;  1 drivers
v0x561b3579fd30_0 .net *"_ivl_82", 31 0, L_0x561b357ca970;  1 drivers
L_0x7f64cdfb78d0 .functor BUFT 1, C4<00000000000000000000000000000000>, C4<0>, C4<0>, C4<0>;
v0x561b3579fe10_0 .net/2s *"_ivl_84", 31 0, L_0x7f64cdfb78d0;  1 drivers
v0x561b3579fef0_0 .net *"_ivl_86", 31 0, L_0x561b357cae40;  1 drivers
v0x561b3579ffd0_0 .net *"_ivl_88", 31 0, L_0x561b357cb090;  1 drivers
v0x561b357a00b0_0 .net *"_ivl_90", 31 0, L_0x561b357cb220;  1 drivers
v0x561b357a0190_0 .net *"_ivl_92", 31 0, L_0x561b357cb480;  1 drivers
v0x561b357a0270_0 .net *"_ivl_94", 31 0, L_0x561b357cb610;  1 drivers
v0x561b357a0760_0 .net *"_ivl_96", 31 0, L_0x561b357cb880;  1 drivers
v0x561b357a0840_0 .net *"_ivl_98", 31 0, L_0x561b357cba10;  1 drivers
v0x561b357a0920_0 .net/s "inA", 31 0, v0x561b357ad560_0;  1 drivers
v0x561b357a0a00_0 .net/s "inB", 31 0, L_0x561b357cd6e0;  1 drivers
L_0x7f64cdfb7b58 .functor BUFT 1, C4<0000>, C4<0>, C4<0>, C4<0>;
v0x561b357a0ae0_0 .net "op", 3 0, L_0x7f64cdfb7b58;  1 drivers
v0x561b357a0bc0_0 .net "out", 31 0, L_0x561b357cc0b0;  alias, 1 drivers
v0x561b357a0ca0_0 .net "zero", 0 0, L_0x561b357cd270;  1 drivers
L_0x561b357c93c0 .cmp/eq 4, L_0x7f64cdfb7b58, L_0x7f64cdfb7450;
L_0x561b357c94b0 .arith/sum 32, v0x561b357ad560_0, L_0x561b357cd6e0;
L_0x561b357c95a0 .cmp/eq 4, L_0x7f64cdfb7b58, L_0x7f64cdfb7498;
L_0x561b357c96e0 .cmp/eq 4, L_0x7f64cdfb7b58, L_0x7f64cdfb74e0;
L_0x561b357c9870 .arith/sub 32, v0x561b357ad560_0, L_0x561b357cd6e0;
L_0x561b357c99d0 .cmp/eq 4, L_0x7f64cdfb7b58, L_0x7f64cdfb7528;
L_0x561b357c9ab0 .cmp/eq 4, L_0x7f64cdfb7b58, L_0x7f64cdfb7570;
L_0x561b357c9bc0 .cmp/eq 4, L_0x7f64cdfb7b58, L_0x7f64cdfb75b8;
L_0x561b357c9d20 .cmp/eq 4, L_0x7f64cdfb7b58, L_0x7f64cdfb7600;
L_0x561b357c9e10 .shift/l 32, v0x561b357ad560_0, L_0x561b357cd6e0;
L_0x561b357c9f10 .cmp/eq 4, L_0x7f64cdfb7b58, L_0x7f64cdfb7648;
L_0x561b357c9fb0 .shift/r 32, v0x561b357ad560_0, L_0x561b357cd6e0;
L_0x561b357ca0c0 .cmp/eq 4, L_0x7f64cdfb7b58, L_0x7f64cdfb7690;
L_0x561b357ca1b0 .shift/rs 32, v0x561b357ad560_0, L_0x561b357cd6e0;
L_0x561b357ca410 .cmp/eq 4, L_0x7f64cdfb7b58, L_0x7f64cdfb76d8;
L_0x561b357ca530 .cmp/gt.s 32, L_0x561b357cd6e0, v0x561b357ad560_0;
L_0x561b357ca6c0 .functor MUXZ 32, L_0x7f64cdfb7768, L_0x7f64cdfb7720, L_0x561b357ca530, C4<>;
L_0x561b357ca880 .cmp/eq 4, L_0x7f64cdfb7b58, L_0x7f64cdfb77b0;
L_0x561b357caa10 .cmp/eq 4, L_0x7f64cdfb7b58, L_0x7f64cdfb77f8;
L_0x561b357caba0 .cmp/gt 32, L_0x561b357cd6e0, v0x561b357ad560_0;
L_0x561b357ca970 .functor MUXZ 32, L_0x7f64cdfb7888, L_0x7f64cdfb7840, L_0x561b357caba0, C4<>;
L_0x561b357cae40 .functor MUXZ 32, L_0x7f64cdfb78d0, L_0x561b357ca970, L_0x561b357ca050, C4<>;
L_0x561b357cb090 .functor MUXZ 32, L_0x561b357cae40, L_0x561b357ca6c0, L_0x561b357ca410, C4<>;
L_0x561b357cb220 .functor MUXZ 32, L_0x561b357cb090, L_0x561b357ca1b0, L_0x561b357ca0c0, C4<>;
L_0x561b357cb480 .functor MUXZ 32, L_0x561b357cb220, L_0x561b357c9fb0, L_0x561b357c9f10, C4<>;
L_0x561b357cb610 .functor MUXZ 32, L_0x561b357cb480, L_0x561b357c9e10, L_0x561b357c9d20, C4<>;
L_0x561b357cb880 .functor MUXZ 32, L_0x561b357cb610, L_0x561b357c9cb0, L_0x561b357c9bc0, C4<>;
L_0x561b357cba10 .functor MUXZ 32, L_0x561b357cb880, L_0x561b357c9b50, L_0x561b357c9ab0, C4<>;
L_0x561b357cbc90 .functor MUXZ 32, L_0x561b357cba10, L_0x561b357c9910, L_0x561b357c99d0, C4<>;
L_0x561b357cbe20 .functor MUXZ 32, L_0x561b357cbc90, L_0x561b357c9870, L_0x561b35737970, C4<>;
L_0x561b357cc0b0 .delay 32 (1500,1500,1500) L_0x561b357cc0b0/d;
L_0x561b357cc0b0/d .functor MUXZ 32, L_0x561b357cbe20, L_0x561b357c94b0, L_0x561b357c93c0, C4<>;
L_0x561b357cc650 .cmp/eq 4, L_0x7f64cdfb7b58, L_0x7f64cdfb7918;
L_0x561b357cc850 .cmp/eq 32, L_0x561b357cc0b0, L_0x7f64cdfb7960;
L_0x561b357cc940 .cmp/eq 4, L_0x7f64cdfb7b58, L_0x7f64cdfb79a8;
L_0x561b357ccb50 .cmp/gt 32, L_0x7f64cdfb79f0, L_0x561b357cc0b0;
L_0x561b357ccc40 .cmp/eq 4, L_0x7f64cdfb7b58, L_0x7f64cdfb7a38;
L_0x561b357cca30 .cmp/eq 32, L_0x561b357cc0b0, L_0x7f64cdfb7a80;
L_0x561b357cce10 .functor MUXZ 1, L_0x7f64cdfb7ac8, L_0x561b357cca30, L_0x561b357ccc40, C4<>;
L_0x561b357cd0e0 .functor MUXZ 1, L_0x561b357cce10, L_0x561b357ccb50, L_0x561b357cc940, C4<>;
L_0x561b357cd270 .delay 1 (1500,1500,1500) L_0x561b357cd270/d;
L_0x561b357cd270/d .functor MUXZ 1, L_0x561b357cd0e0, L_0x561b357cc850, L_0x561b357cc650, C4<>;
S_0x561b357a0e00 .scope module, "control_alu" "control_alu" 2 225, 4 194 0, S_0x561b35781740;
 .timescale -9 -12;
    .port_info 0 /OUTPUT 4 "ALUOp";
    .port_info 1 /INPUT 2 "ALUcntrl";
    .port_info 2 /INPUT 3 "funct3";
    .port_info 3 /INPUT 7 "funct7";
v0x561b357a0fd0_0 .var "ALUOp", 3 0;
v0x561b357a10d0_0 .net "ALUcntrl", 1 0, v0x561b357ad0e0_0;  1 drivers
v0x561b357a11b0_0 .net "funct3", 2 0, v0x561b357ad7b0_0;  1 drivers
v0x561b357a1270_0 .net "funct7", 6 0, v0x561b357ad8a0_0;  1 drivers
E_0x561b356d7ac0 .event edge, v0x561b357a1270_0, v0x561b357a11b0_0, v0x561b357a10d0_0;
S_0x561b357a13d0 .scope module, "control_branch" "control_branch" 2 161, 4 237 0, S_0x561b35781740;
 .timescale -9 -12;
    .port_info 0 /OUTPUT 1 "BranchZ";
    .port_info 1 /OUTPUT 1 "BranchNZ";
    .port_info 2 /INPUT 1 "Branch";
    .port_info 3 /INPUT 3 "funct3";
v0x561b357a1600_0 .net "Branch", 0 0, v0x561b357a2aa0_0;  alias, 1 drivers
v0x561b357a16e0_0 .var "BranchNZ", 0 0;
v0x561b357a17a0_0 .var "BranchZ", 0 0;
v0x561b357a1870_0 .net "funct3", 2 0, L_0x561b357c4cc0;  alias, 1 drivers
E_0x561b356c2e70 .event edge, v0x561b357a1870_0, v0x561b357a1600_0;
S_0x561b357a1a00 .scope module, "control_bypass_ex" "control_bypass_ex" 2 228, 4 159 0, S_0x561b35781740;
 .timescale -9 -12;
    .port_info 0 /OUTPUT 2 "bypassA";
    .port_info 1 /OUTPUT 2 "bypassB";
    .port_info 2 /INPUT 5 "idex_rs";
    .port_info 3 /INPUT 5 "idex_rt";
    .port_info 4 /INPUT 5 "exmem_rd";
    .port_info 5 /INPUT 5 "memwb_rd";
    .port_info 6 /INPUT 1 "exmem_regwrite";
    .port_info 7 /INPUT 1 "memwb_regwrite";
v0x561b357a1d60_0 .var "bypassA", 1 0;
v0x561b357a1e60_0 .var "bypassB", 1 0;
v0x561b357a1f40_0 .net "exmem_rd", 4 0, v0x561b357aced0_0;  1 drivers
v0x561b357a2000_0 .net "exmem_regwrite", 0 0, v0x561b357ace00_0;  1 drivers
v0x561b357a20c0_0 .net "idex_rs", 4 0, v0x561b357ada30_0;  1 drivers
v0x561b357a21f0_0 .net "idex_rt", 4 0, v0x561b357adb20_0;  1 drivers
v0x561b357a22d0_0 .net "memwb_rd", 4 0, v0x561b357ae510_0;  1 drivers
v0x561b357a23b0_0 .net "memwb_regwrite", 0 0, v0x561b357ae420_0;  1 drivers
E_0x561b357877b0/0 .event edge, v0x561b357a23b0_0, v0x561b357a22d0_0, v0x561b357a20c0_0, v0x561b357a21f0_0;
E_0x561b357877b0/1 .event edge, v0x561b357a2000_0, v0x561b357a1f40_0;
E_0x561b357877b0 .event/or E_0x561b357877b0/0, E_0x561b357877b0/1;
S_0x561b357a25c0 .scope module, "control_main" "control_main" 2 149, 4 4 0, S_0x561b35781740;
 .timescale -9 -12;
    .port_info 0 /OUTPUT 1 "RegDst";
    .port_info 1 /OUTPUT 1 "Branch";
    .port_info 2 /OUTPUT 1 "MemRead";
    .port_info 3 /OUTPUT 1 "MemWrite";
    .port_info 4 /OUTPUT 1 "MemToReg";
    .port_info 5 /OUTPUT 1 "ALUSrc";
    .port_info 6 /OUTPUT 1 "RegWrite";
    .port_info 7 /OUTPUT 1 "Jump";
    .port_info 8 /OUTPUT 2 "ALUcntrl";
    .port_info 9 /INPUT 7 "opcode";
v0x561b357a28e0_0 .var "ALUSrc", 0 0;
v0x561b357a29c0_0 .var "ALUcntrl", 1 0;
v0x561b357a2aa0_0 .var "Branch", 0 0;
v0x561b357a2b40_0 .var "Jump", 0 0;
v0x561b357a2be0_0 .var "MemRead", 0 0;
v0x561b357a2cd0_0 .var "MemToReg", 0 0;
v0x561b357a2d90_0 .var "MemWrite", 0 0;
v0x561b357a2e50_0 .var "RegDst", 0 0;
v0x561b357a2f10_0 .var "RegWrite", 0 0;
v0x561b357a2fd0_0 .net "opcode", 6 0, L_0x561b357c4be0;  alias, 1 drivers
E_0x561b357878b0 .event edge, v0x561b357a2fd0_0;
S_0x561b357a3250 .scope module, "control_stall_id" "control_stall_id" 2 167, 4 109 0, S_0x561b35781740;
 .timescale -9 -12;
    .port_info 0 /OUTPUT 1 "bubble_ifid";
    .port_info 1 /OUTPUT 1 "bubble_idex";
    .port_info 2 /OUTPUT 1 "bubble_exmem";
    .port_info 3 /OUTPUT 1 "bubble_memwb";
    .port_info 4 /OUTPUT 1 "write_ifid";
    .port_info 5 /OUTPUT 1 "write_idex";
    .port_info 6 /OUTPUT 1 "write_exmem";
    .port_info 7 /OUTPUT 1 "write_memwb";
    .port_info 8 /OUTPUT 1 "write_pc";
    .port_info 9 /INPUT 5 "ifid_rs";
    .port_info 10 /INPUT 5 "ifid_rt";
    .port_info 11 /INPUT 5 "idex_rt";
    .port_info 12 /INPUT 1 "idex_memread";
    .port_info 13 /INPUT 1 "Jump";
    .port_info 14 /INPUT 1 "PCSrc";
v0x561b357a35b0_0 .net "Jump", 0 0, v0x561b357a2b40_0;  alias, 1 drivers
v0x561b357a3670_0 .net "PCSrc", 0 0, L_0x561b357d1e40;  alias, 1 drivers
v0x561b357a3710_0 .var "bubble_exmem", 0 0;
v0x561b357a37e0_0 .var "bubble_idex", 0 0;
v0x561b357a38a0_0 .var "bubble_ifid", 0 0;
v0x561b357a39b0_0 .var "bubble_memwb", 0 0;
v0x561b357a3a70_0 .net "idex_memread", 0 0, v0x561b357ad330_0;  1 drivers
v0x561b357a3b30_0 .net "idex_rt", 4 0, v0x561b357adb20_0;  alias, 1 drivers
v0x561b357a3bf0_0 .net "ifid_rs", 4 0, L_0x561b357c4ef0;  alias, 1 drivers
v0x561b357a3d40_0 .net "ifid_rt", 4 0, L_0x561b357c4f90;  alias, 1 drivers
v0x561b357a3e20_0 .var "write_exmem", 0 0;
v0x561b357a3ee0_0 .var "write_idex", 0 0;
v0x561b357a3fa0_0 .var "write_ifid", 0 0;
v0x561b357a4060_0 .var "write_memwb", 0 0;
v0x561b357a4120_0 .var "write_pc", 0 0;
E_0x561b357878f0/0 .event edge, v0x561b357a3a70_0, v0x561b357a21f0_0, v0x561b357a3bf0_0, v0x561b357a3d40_0;
E_0x561b357878f0/1 .event edge, v0x561b357a2b40_0, v0x561b357a3670_0;
E_0x561b357878f0 .event/or E_0x561b357878f0/0, E_0x561b357878f0/1;
S_0x561b357a4440 .scope module, "cpu_DMem" "Memory" 2 240, 3 39 0, S_0x561b35781740;
 .timescale -9 -12;
    .port_info 0 /INPUT 1 "clock";
    .port_info 1 /INPUT 1 "reset";
    .port_info 2 /INPUT 1 "ren";
    .port_info 3 /INPUT 1 "wen";
    .port_info 4 /INPUT 32 "addr";
    .port_info 5 /INPUT 32 "din";
    .port_info 6 /OUTPUT 32 "dout";
L_0x561b357d2220 .functor BUFZ 32, L_0x561b357d1fa0, C4<00000000000000000000000000000000>, C4<00000000000000000000000000000000>, C4<00000000000000000000000000000000>;
v0x561b357a4750_0 .net *"_ivl_0", 31 0, L_0x561b357d1fa0;  1 drivers
v0x561b357a4850_0 .net *"_ivl_3", 11 0, L_0x561b357d2040;  1 drivers
v0x561b357a4930_0 .net *"_ivl_4", 13 0, L_0x561b357d20e0;  1 drivers
L_0x7f64cdfb82a8 .functor BUFT 1, C4<00>, C4<0>, C4<0>, C4<0>;
v0x561b357a4a20_0 .net *"_ivl_7", 1 0, L_0x7f64cdfb82a8;  1 drivers
v0x561b357a4b00_0 .net "addr", 31 0, v0x561b357ac840_0;  1 drivers
v0x561b357a4c30_0 .net "clock", 0 0, o0x7f64ce241e48;  alias, 0 drivers
v0x561b357a4cf0 .array "data", 0 4095, 31 0;
v0x561b357a4db0_0 .net "din", 31 0, v0x561b357acd30_0;  1 drivers
v0x561b357a4e90_0 .net "dout", 31 0, L_0x561b357d2220;  alias, 1 drivers
v0x561b357a5000_0 .net "ren", 0 0, v0x561b357acaf0_0;  1 drivers
v0x561b357a50c0_0 .net "reset", 0 0, o0x7f64ce241f08;  alias, 0 drivers
v0x561b357a5180_0 .net "wen", 0 0, v0x561b357acc60_0;  1 drivers
E_0x561b357a4610 .event posedge, v0x561b357a4c30_0;
E_0x561b357a4690 .event posedge, v0x561b357a5180_0, v0x561b357a5000_0;
E_0x561b357a46f0 .event edge, v0x561b357a5180_0, v0x561b357a5000_0;
L_0x561b357d1fa0 .array/port v0x561b357a4cf0, L_0x561b357d20e0;
L_0x561b357d2040 .part v0x561b357ac840_0, 0, 12;
L_0x561b357d20e0 .concat [ 12 2 0 0], L_0x561b357d2040, L_0x7f64cdfb82a8;
S_0x561b357a5360 .scope module, "cpu_IMem" "Memory" 2 82, 3 39 0, S_0x561b35781740;
 .timescale -9 -12;
    .port_info 0 /INPUT 1 "clock";
    .port_info 1 /INPUT 1 "reset";
    .port_info 2 /INPUT 1 "ren";
    .port_info 3 /INPUT 1 "wen";
    .port_info 4 /INPUT 32 "addr";
    .port_info 5 /INPUT 32 "din";
    .port_info 6 /OUTPUT 32 "dout";
L_0x561b35787ed0 .functor BUFZ 32, L_0x561b357c44e0, C4<00000000000000000000000000000000>, C4<00000000000000000000000000000000>, C4<00000000000000000000000000000000>;
v0x561b357a5680_0 .net *"_ivl_0", 31 0, L_0x561b357c44e0;  1 drivers
v0x561b357a5780_0 .net *"_ivl_3", 11 0, L_0x561b357c45b0;  1 drivers
v0x561b357a5860_0 .net *"_ivl_4", 13 0, L_0x561b357c46b0;  1 drivers
L_0x7f64cdfb70f0 .functor BUFT 1, C4<00>, C4<0>, C4<0>, C4<0>;
v0x561b357a5920_0 .net *"_ivl_7", 1 0, L_0x7f64cdfb70f0;  1 drivers
v0x561b357a5a00_0 .net "addr", 31 0, L_0x561b357c4a50;  1 drivers
v0x561b357a5b30_0 .net "clock", 0 0, o0x7f64ce241e48;  alias, 0 drivers
v0x561b357a5bd0 .array "data", 0 4095, 31 0;
L_0x7f64cdfb71c8 .functor BUFT 1, C4<00000000000000000000000000000000>, C4<0>, C4<0>, C4<0>;
v0x561b357a5c70_0 .net "din", 31 0, L_0x7f64cdfb71c8;  1 drivers
v0x561b357a5d50_0 .net "dout", 31 0, L_0x561b35787ed0;  alias, 1 drivers
v0x561b357a5ec0_0 .net "ren", 0 0, v0x561b357a3fa0_0;  alias, 1 drivers
v0x561b357a5f90_0 .net "reset", 0 0, o0x7f64ce241f08;  alias, 0 drivers
L_0x7f64cdfb7138 .functor BUFT 1, C4<0>, C4<0>, C4<0>, C4<0>;
v0x561b357a6060_0 .net "wen", 0 0, L_0x7f64cdfb7138;  1 drivers
E_0x561b357a55a0 .event posedge, v0x561b357a6060_0, v0x561b357a3fa0_0;
E_0x561b357a5620 .event edge, v0x561b357a6060_0, v0x561b357a3fa0_0;
L_0x561b357c44e0 .array/port v0x561b357a5bd0, L_0x561b357c46b0;
L_0x561b357c45b0 .part L_0x561b357c4a50, 0, 12;
L_0x561b357c46b0 .concat [ 12 2 0 0], L_0x561b357c45b0, L_0x7f64cdfb70f0;
S_0x561b357a6200 .scope module, "cpu_alu" "ALU" 2 187, 3 12 0, S_0x561b35781740;
 .timescale -9 -12;
    .port_info 0 /OUTPUT 32 "out";
    .port_info 1 /OUTPUT 1 "zero";
    .port_info 2 /INPUT 32 "inA";
    .port_info 3 /INPUT 32 "inB";
    .port_info 4 /INPUT 4 "op";
P_0x561b357a2750 .param/l "N" 0 3 12, +C4<00000000000000000000000000100000>;
L_0x561b357cdd60 .functor OR 1, L_0x561b357cddd0, L_0x561b357cde70, C4<0>, C4<0>;
L_0x561b357ce0a0 .functor XOR 32, L_0x561b357c8e70, L_0x561b357c90a0, C4<00000000000000000000000000000000>, C4<00000000000000000000000000000000>;
L_0x561b357ce290 .functor OR 32, L_0x561b357c8e70, L_0x561b357c90a0, C4<00000000000000000000000000000000>, C4<00000000000000000000000000000000>;
L_0x561b357ce440 .functor AND 32, L_0x561b357c8e70, L_0x561b357c90a0, C4<11111111111111111111111111111111>, C4<11111111111111111111111111111111>;
L_0x561b357ce7e0 .functor OR 1, L_0x561b357cee10, L_0x561b357cefa0, C4<0>, C4<0>;
L_0x7f64cdfb7ba0 .functor BUFT 1, C4<0000>, C4<0>, C4<0>, C4<0>;
v0x561b357a6560_0 .net/2u *"_ivl_0", 3 0, L_0x7f64cdfb7ba0;  1 drivers
L_0x7f64cdfb7c30 .functor BUFT 1, C4<1010>, C4<0>, C4<0>, C4<0>;
v0x561b357a6660_0 .net/2u *"_ivl_10", 3 0, L_0x7f64cdfb7c30;  1 drivers
v0x561b357a6740_0 .net *"_ivl_100", 31 0, L_0x561b357d01c0;  1 drivers
v0x561b357a6830_0 .net *"_ivl_102", 31 0, L_0x561b357d0350;  1 drivers
L_0x7f64cdfb8068 .functor BUFT 1, C4<0001>, C4<0>, C4<0>, C4<0>;
v0x561b357a6910_0 .net/2u *"_ivl_106", 3 0, L_0x7f64cdfb8068;  1 drivers
v0x561b357a6a40_0 .net *"_ivl_108", 0 0, L_0x561b357d0860;  1 drivers
L_0x7f64cdfb80b0 .functor BUFT 1, C4<00000000000000000000000000000000>, C4<0>, C4<0>, C4<0>;
v0x561b357a6b00_0 .net/2u *"_ivl_110", 31 0, L_0x7f64cdfb80b0;  1 drivers
v0x561b357a6be0_0 .net *"_ivl_112", 0 0, L_0x561b357d0a60;  1 drivers
L_0x7f64cdfb80f8 .functor BUFT 1, C4<1010>, C4<0>, C4<0>, C4<0>;
v0x561b357a6ca0_0 .net/2u *"_ivl_114", 3 0, L_0x7f64cdfb80f8;  1 drivers
v0x561b357a6d80_0 .net *"_ivl_116", 0 0, L_0x561b357d0b50;  1 drivers
L_0x7f64cdfb8140 .functor BUFT 1, C4<00000000000000000000000000000000>, C4<0>, C4<0>, C4<0>;
v0x561b357a6e40_0 .net/2u *"_ivl_118", 31 0, L_0x7f64cdfb8140;  1 drivers
v0x561b357a6f20_0 .net *"_ivl_12", 0 0, L_0x561b357cde70;  1 drivers
v0x561b357a6fe0_0 .net *"_ivl_120", 0 0, L_0x561b357d0f70;  1 drivers
L_0x7f64cdfb8188 .functor BUFT 1, C4<1011>, C4<0>, C4<0>, C4<0>;
v0x561b357a70a0_0 .net/2u *"_ivl_122", 3 0, L_0x7f64cdfb8188;  1 drivers
v0x561b357a7180_0 .net *"_ivl_124", 0 0, L_0x561b357d1060;  1 drivers
L_0x7f64cdfb81d0 .functor BUFT 1, C4<00000000000000000000000000000001>, C4<0>, C4<0>, C4<0>;
v0x561b357a7240_0 .net/2u *"_ivl_126", 31 0, L_0x7f64cdfb81d0;  1 drivers
v0x561b357a7320_0 .net *"_ivl_128", 0 0, L_0x561b357d0e50;  1 drivers
L_0x7f64cdfb8218 .functor BUFT 1, C4<0>, C4<0>, C4<0>, C4<0>;
v0x561b357a73e0_0 .net/2u *"_ivl_130", 0 0, L_0x7f64cdfb8218;  1 drivers
v0x561b357a74c0_0 .net *"_ivl_132", 0 0, L_0x561b357d1230;  1 drivers
v0x561b357a75a0_0 .net *"_ivl_134", 0 0, L_0x561b357d1500;  1 drivers
v0x561b357a7680_0 .net *"_ivl_15", 0 0, L_0x561b357cdd60;  1 drivers
v0x561b357a7740_0 .net/s *"_ivl_16", 31 0, L_0x561b357ce000;  1 drivers
L_0x7f64cdfb7c78 .functor BUFT 1, C4<0010>, C4<0>, C4<0>, C4<0>;
v0x561b357a7820_0 .net/2u *"_ivl_18", 3 0, L_0x7f64cdfb7c78;  1 drivers
v0x561b357a7900_0 .net *"_ivl_2", 0 0, L_0x561b357cdbd0;  1 drivers
v0x561b357a79c0_0 .net *"_ivl_20", 0 0, L_0x561b357ce110;  1 drivers
v0x561b357a7a80_0 .net *"_ivl_22", 31 0, L_0x561b357ce0a0;  1 drivers
L_0x7f64cdfb7cc0 .functor BUFT 1, C4<0011>, C4<0>, C4<0>, C4<0>;
v0x561b357a7b60_0 .net/2u *"_ivl_24", 3 0, L_0x7f64cdfb7cc0;  1 drivers
v0x561b357a7c40_0 .net *"_ivl_26", 0 0, L_0x561b357ce1f0;  1 drivers
v0x561b357a7d00_0 .net *"_ivl_28", 31 0, L_0x561b357ce290;  1 drivers
L_0x7f64cdfb7d08 .functor BUFT 1, C4<0100>, C4<0>, C4<0>, C4<0>;
v0x561b357a7de0_0 .net/2u *"_ivl_30", 3 0, L_0x7f64cdfb7d08;  1 drivers
v0x561b357a7ec0_0 .net *"_ivl_32", 0 0, L_0x561b357ce300;  1 drivers
v0x561b357a7f80_0 .net *"_ivl_34", 31 0, L_0x561b357ce440;  1 drivers
L_0x7f64cdfb7d50 .functor BUFT 1, C4<0101>, C4<0>, C4<0>, C4<0>;
v0x561b357a8060_0 .net/2u *"_ivl_36", 3 0, L_0x7f64cdfb7d50;  1 drivers
v0x561b357a8140_0 .net *"_ivl_38", 0 0, L_0x561b357ce4b0;  1 drivers
v0x561b357a8200_0 .net/s *"_ivl_4", 31 0, L_0x561b357cdcc0;  1 drivers
v0x561b357a82e0_0 .net *"_ivl_40", 31 0, L_0x561b357ce5a0;  1 drivers
L_0x7f64cdfb7d98 .functor BUFT 1, C4<0110>, C4<0>, C4<0>, C4<0>;
v0x561b357a83c0_0 .net/2u *"_ivl_42", 3 0, L_0x7f64cdfb7d98;  1 drivers
v0x561b357a84a0_0 .net *"_ivl_44", 0 0, L_0x561b357ce6a0;  1 drivers
v0x561b357a8560_0 .net *"_ivl_46", 31 0, L_0x561b357ce740;  1 drivers
L_0x7f64cdfb7de0 .functor BUFT 1, C4<0111>, C4<0>, C4<0>, C4<0>;
v0x561b357a8640_0 .net/2u *"_ivl_48", 3 0, L_0x7f64cdfb7de0;  1 drivers
v0x561b357a8720_0 .net *"_ivl_50", 0 0, L_0x561b357ce850;  1 drivers
v0x561b357a87e0_0 .net *"_ivl_52", 31 0, L_0x561b357ce940;  1 drivers
L_0x7f64cdfb7e28 .functor BUFT 1, C4<1000>, C4<0>, C4<0>, C4<0>;
v0x561b357a88c0_0 .net/2u *"_ivl_54", 3 0, L_0x7f64cdfb7e28;  1 drivers
v0x561b357a89a0_0 .net *"_ivl_56", 0 0, L_0x561b357cea60;  1 drivers
v0x561b357a8a60_0 .net *"_ivl_58", 0 0, L_0x561b357ceb50;  1 drivers
L_0x7f64cdfb7be8 .functor BUFT 1, C4<0001>, C4<0>, C4<0>, C4<0>;
v0x561b357a8b20_0 .net/2u *"_ivl_6", 3 0, L_0x7f64cdfb7be8;  1 drivers
L_0x7f64cdfb7e70 .functor BUFT 1, C4<00000000000000000000000000000001>, C4<0>, C4<0>, C4<0>;
v0x561b357a8c00_0 .net/2s *"_ivl_60", 31 0, L_0x7f64cdfb7e70;  1 drivers
L_0x7f64cdfb7eb8 .functor BUFT 1, C4<00000000000000000000000000000000>, C4<0>, C4<0>, C4<0>;
v0x561b357a8ce0_0 .net/2s *"_ivl_62", 31 0, L_0x7f64cdfb7eb8;  1 drivers
v0x561b357a8dc0_0 .net *"_ivl_64", 31 0, L_0x561b357cec80;  1 drivers
L_0x7f64cdfb7f00 .functor BUFT 1, C4<1001>, C4<0>, C4<0>, C4<0>;
v0x561b357a8ea0_0 .net/2u *"_ivl_66", 3 0, L_0x7f64cdfb7f00;  1 drivers
v0x561b357a8f80_0 .net *"_ivl_68", 0 0, L_0x561b357cee10;  1 drivers
L_0x7f64cdfb7f48 .functor BUFT 1, C4<1011>, C4<0>, C4<0>, C4<0>;
v0x561b357a9040_0 .net/2u *"_ivl_70", 3 0, L_0x7f64cdfb7f48;  1 drivers
v0x561b357a9120_0 .net *"_ivl_72", 0 0, L_0x561b357cefa0;  1 drivers
v0x561b357a91e0_0 .net *"_ivl_75", 0 0, L_0x561b357ce7e0;  1 drivers
v0x561b357a92a0_0 .net *"_ivl_76", 0 0, L_0x561b357cf130;  1 drivers
L_0x7f64cdfb7f90 .functor BUFT 1, C4<00000000000000000000000000000001>, C4<0>, C4<0>, C4<0>;
v0x561b357a9360_0 .net/2s *"_ivl_78", 31 0, L_0x7f64cdfb7f90;  1 drivers
v0x561b357a9440_0 .net *"_ivl_8", 0 0, L_0x561b357cddd0;  1 drivers
L_0x7f64cdfb7fd8 .functor BUFT 1, C4<00000000000000000000000000000000>, C4<0>, C4<0>, C4<0>;
v0x561b357a9500_0 .net/2s *"_ivl_80", 31 0, L_0x7f64cdfb7fd8;  1 drivers
v0x561b357a95e0_0 .net *"_ivl_82", 31 0, L_0x561b357cef00;  1 drivers
L_0x7f64cdfb8020 .functor BUFT 1, C4<00000000000000000000000000000000>, C4<0>, C4<0>, C4<0>;
v0x561b357a96c0_0 .net/2s *"_ivl_84", 31 0, L_0x7f64cdfb8020;  1 drivers
v0x561b357a97a0_0 .net *"_ivl_86", 31 0, L_0x561b357cf370;  1 drivers
v0x561b357a9880_0 .net *"_ivl_88", 31 0, L_0x561b357cf5c0;  1 drivers
v0x561b357a9960_0 .net *"_ivl_90", 31 0, L_0x561b357cf750;  1 drivers
v0x561b357a9a40_0 .net *"_ivl_92", 31 0, L_0x561b357cf9b0;  1 drivers
v0x561b357a9b20_0 .net *"_ivl_94", 31 0, L_0x561b357cfb40;  1 drivers
v0x561b357aa010_0 .net *"_ivl_96", 31 0, L_0x561b357cfdb0;  1 drivers
v0x561b357aa0f0_0 .net *"_ivl_98", 31 0, L_0x561b357cff40;  1 drivers
v0x561b357aa1d0_0 .net/s "inA", 31 0, L_0x561b357c8e70;  alias, 1 drivers
v0x561b357aa2b0_0 .net/s "inB", 31 0, L_0x561b357c90a0;  alias, 1 drivers
v0x561b357aa390_0 .net "op", 3 0, v0x561b357a0fd0_0;  alias, 1 drivers
v0x561b357aa450_0 .net "out", 31 0, L_0x561b357d05e0;  alias, 1 drivers
v0x561b357aa510_0 .net "zero", 0 0, L_0x561b357d1690;  alias, 1 drivers
L_0x561b357cdbd0 .cmp/eq 4, v0x561b357a0fd0_0, L_0x7f64cdfb7ba0;
L_0x561b357cdcc0 .arith/sum 32, L_0x561b357c8e70, L_0x561b357c90a0;
L_0x561b357cddd0 .cmp/eq 4, v0x561b357a0fd0_0, L_0x7f64cdfb7be8;
L_0x561b357cde70 .cmp/eq 4, v0x561b357a0fd0_0, L_0x7f64cdfb7c30;
L_0x561b357ce000 .arith/sub 32, L_0x561b357c8e70, L_0x561b357c90a0;
L_0x561b357ce110 .cmp/eq 4, v0x561b357a0fd0_0, L_0x7f64cdfb7c78;
L_0x561b357ce1f0 .cmp/eq 4, v0x561b357a0fd0_0, L_0x7f64cdfb7cc0;
L_0x561b357ce300 .cmp/eq 4, v0x561b357a0fd0_0, L_0x7f64cdfb7d08;
L_0x561b357ce4b0 .cmp/eq 4, v0x561b357a0fd0_0, L_0x7f64cdfb7d50;
L_0x561b357ce5a0 .shift/l 32, L_0x561b357c8e70, L_0x561b357c90a0;
L_0x561b357ce6a0 .cmp/eq 4, v0x561b357a0fd0_0, L_0x7f64cdfb7d98;
L_0x561b357ce740 .shift/r 32, L_0x561b357c8e70, L_0x561b357c90a0;
L_0x561b357ce850 .cmp/eq 4, v0x561b357a0fd0_0, L_0x7f64cdfb7de0;
L_0x561b357ce940 .shift/rs 32, L_0x561b357c8e70, L_0x561b357c90a0;
L_0x561b357cea60 .cmp/eq 4, v0x561b357a0fd0_0, L_0x7f64cdfb7e28;
L_0x561b357ceb50 .cmp/gt.s 32, L_0x561b357c90a0, L_0x561b357c8e70;
L_0x561b357cec80 .functor MUXZ 32, L_0x7f64cdfb7eb8, L_0x7f64cdfb7e70, L_0x561b357ceb50, C4<>;
L_0x561b357cee10 .cmp/eq 4, v0x561b357a0fd0_0, L_0x7f64cdfb7f00;
L_0x561b357cefa0 .cmp/eq 4, v0x561b357a0fd0_0, L_0x7f64cdfb7f48;
L_0x561b357cf130 .cmp/gt 32, L_0x561b357c90a0, L_0x561b357c8e70;
L_0x561b357cef00 .functor MUXZ 32, L_0x7f64cdfb7fd8, L_0x7f64cdfb7f90, L_0x561b357cf130, C4<>;
L_0x561b357cf370 .functor MUXZ 32, L_0x7f64cdfb8020, L_0x561b357cef00, L_0x561b357ce7e0, C4<>;
L_0x561b357cf5c0 .functor MUXZ 32, L_0x561b357cf370, L_0x561b357cec80, L_0x561b357cea60, C4<>;
L_0x561b357cf750 .functor MUXZ 32, L_0x561b357cf5c0, L_0x561b357ce940, L_0x561b357ce850, C4<>;
L_0x561b357cf9b0 .functor MUXZ 32, L_0x561b357cf750, L_0x561b357ce740, L_0x561b357ce6a0, C4<>;
L_0x561b357cfb40 .functor MUXZ 32, L_0x561b357cf9b0, L_0x561b357ce5a0, L_0x561b357ce4b0, C4<>;
L_0x561b357cfdb0 .functor MUXZ 32, L_0x561b357cfb40, L_0x561b357ce440, L_0x561b357ce300, C4<>;
L_0x561b357cff40 .functor MUXZ 32, L_0x561b357cfdb0, L_0x561b357ce290, L_0x561b357ce1f0, C4<>;
L_0x561b357d01c0 .functor MUXZ 32, L_0x561b357cff40, L_0x561b357ce0a0, L_0x561b357ce110, C4<>;
L_0x561b357d0350 .functor MUXZ 32, L_0x561b357d01c0, L_0x561b357ce000, L_0x561b357cdd60, C4<>;
L_0x561b357d05e0 .delay 32 (1500,1500,1500) L_0x561b357d05e0/d;
L_0x561b357d05e0/d .functor MUXZ 32, L_0x561b357d0350, L_0x561b357cdcc0, L_0x561b357cdbd0, C4<>;
L_0x561b357d0860 .cmp/eq 4, v0x561b357a0fd0_0, L_0x7f64cdfb8068;
L_0x561b357d0a60 .cmp/eq 32, L_0x561b357d05e0, L_0x7f64cdfb80b0;
L_0x561b357d0b50 .cmp/eq 4, v0x561b357a0fd0_0, L_0x7f64cdfb80f8;
L_0x561b357d0f70 .cmp/gt 32, L_0x7f64cdfb8140, L_0x561b357d05e0;
L_0x561b357d1060 .cmp/eq 4, v0x561b357a0fd0_0, L_0x7f64cdfb8188;
L_0x561b357d0e50 .cmp/eq 32, L_0x561b357d05e0, L_0x7f64cdfb81d0;
L_0x561b357d1230 .functor MUXZ 1, L_0x7f64cdfb8218, L_0x561b357d0e50, L_0x561b357d1060, C4<>;
L_0x561b357d1500 .functor MUXZ 1, L_0x561b357d1230, L_0x561b357d0f70, L_0x561b357d0b50, C4<>;
L_0x561b357d1690 .delay 1 (1500,1500,1500) L_0x561b357d1690/d;
L_0x561b357d1690/d .functor MUXZ 1, L_0x561b357d1500, L_0x561b357d0a60, L_0x561b357d0860, C4<>;
S_0x561b357aa6a0 .scope module, "cpu_regs" "RegFile" 2 100, 3 70 0, S_0x561b35781740;
 .timescale -9 -12;
    .port_info 0 /INPUT 1 "clock";
    .port_info 1 /INPUT 1 "reset";
    .port_info 2 /INPUT 5 "raA";
    .port_info 3 /INPUT 5 "raB";
    .port_info 4 /INPUT 5 "wa";
    .port_info 5 /INPUT 1 "wen";
    .port_info 6 /INPUT 32 "wd";
    .port_info 7 /OUTPUT 32 "rdA";
    .port_info 8 /OUTPUT 32 "rdB";
v0x561b357aa9a0_0 .net "clock", 0 0, o0x7f64ce241e48;  alias, 0 drivers
v0x561b357aaab0 .array "data", 0 31, 31 0;
v0x561b357aab70_0 .var/i "i", 31 0;
v0x561b357aac30_0 .net "raA", 4 0, L_0x561b357c4ef0;  alias, 1 drivers
v0x561b357aacf0_0 .net "raB", 4 0, L_0x561b357c4f90;  alias, 1 drivers
v0x561b357aade0_0 .var "rdA", 31 0;
v0x561b357aaea0_0 .var "rdB", 31 0;
v0x561b357aaf80_0 .net "reset", 0 0, o0x7f64ce241f08;  alias, 0 drivers
v0x561b357ab070_0 .net "wa", 4 0, v0x561b357ae510_0;  alias, 1 drivers
v0x561b357ab130_0 .net "wd", 31 0, L_0x561b357d23f0;  alias, 1 drivers
v0x561b357ab1f0_0 .net "wen", 0 0, v0x561b357ae420_0;  alias, 1 drivers
E_0x561b357a45d0/0 .event negedge, v0x561b357a50c0_0;
E_0x561b357a45d0/1 .event posedge, v0x561b357a4c30_0;
E_0x561b357a45d0 .event/or E_0x561b357a45d0/0, E_0x561b357a45d0/1;
S_0x561b357ab3c0 .scope module, "signExtendUnit" "signExtendUnit" 2 103, 3 98 0, S_0x561b35781740;
 .timescale -9 -12;
    .port_info 0 /OUTPUT 32 "out";
    .port_info 1 /INPUT 32 "imm_i";
    .port_info 2 /INPUT 32 "imm_s";
    .port_info 3 /INPUT 32 "imm_b";
    .port_info 4 /INPUT 32 "imm_u";
    .port_info 5 /INPUT 32 "imm_j";
    .port_info 6 /INPUT 7 "opcode";
v0x561b357ab6d0_0 .net "imm_b", 31 0, L_0x561b357c6d10;  alias, 1 drivers
v0x561b357ab7d0_0 .net "imm_i", 31 0, L_0x561b357c5760;  alias, 1 drivers
v0x561b357ab8b0_0 .net "imm_j", 31 0, L_0x561b357c7f20;  alias, 1 drivers
v0x561b357ab9a0_0 .net "imm_s", 31 0, L_0x561b357c5ff0;  alias, 1 drivers
v0x561b357aba80_0 .net "imm_u", 31 0, L_0x561b357c7130;  alias, 1 drivers
v0x561b357abbb0_0 .net "opcode", 6 0, L_0x561b357c4be0;  alias, 1 drivers
v0x561b357abc70_0 .var "out", 31 0;
E_0x561b357ab640/0 .event edge, v0x561b357a2fd0_0, v0x561b357ab7d0_0, v0x561b357ab9a0_0, v0x561b357ab6d0_0;
E_0x561b357ab640/1 .event edge, v0x561b357ab8b0_0;
E_0x561b357ab640 .event/or E_0x561b357ab640/0, E_0x561b357ab640/1;
    .scope S_0x561b357a5360;
T_0 ;
    %wait E_0x561b357a5620;
    %load/vec4 v0x561b357a5ec0_0;
    %load/vec4 v0x561b357a6060_0;
    %and;
    %flag_set/vec4 8;
    %jmp/0xz  T_0.0, 8;
    %vpi_call 3 50 "$display", "\012Memory ERROR (time %0d): ren and wen both active!\012", $time {0 0 0};
T_0.0 ;
    %jmp T_0;
    .thread T_0, $push;
    .scope S_0x561b357a5360;
T_1 ;
    %wait E_0x561b357a55a0;
    %load/vec4 v0x561b357a5a00_0;
    %parti/s 20, 12, 5;
    %pad/u 32;
    %cmpi/ne 0, 0, 32;
    %jmp/0xz  T_1.0, 4;
    %vpi_call 3 54 "$display", "Memory WARNING (time %0d): address msbs are not zero\012", $time {0 0 0};
T_1.0 ;
    %jmp T_1;
    .thread T_1;
    .scope S_0x561b357a5360;
T_2 ;
    %wait E_0x561b357a4610;
    %load/vec4 v0x561b357a6060_0;
    %pushi/vec4 1, 0, 1;
    %cmp/e;
    %flag_get/vec4 4;
    %load/vec4 v0x561b357a5ec0_0;
    %pushi/vec4 0, 0, 1;
    %cmp/e;
    %flag_get/vec4 4;
    %and;
    %flag_set/vec4 8;
    %jmp/0xz  T_2.0, 8;
    %load/vec4 v0x561b357a5c70_0;
    %load/vec4 v0x561b357a5a00_0;
    %parti/s 12, 0, 2;
    %pad/u 14;
    %ix/vec4 3;
    %ix/load 4, 1500, 0; Constant delay
    %assign/vec4/a/d v0x561b357a5bd0, 0, 4;
T_2.0 ;
    %jmp T_2;
    .thread T_2;
    .scope S_0x561b357aa6a0;
T_3 ;
    %wait E_0x561b357a45d0;
    %load/vec4 v0x561b357aaf80_0;
    %cmpi/e 0, 0, 1;
    %jmp/0xz  T_3.0, 4;
    %pushi/vec4 0, 0, 32;
    %assign/vec4 v0x561b357aade0_0, 0;
    %pushi/vec4 0, 0, 32;
    %assign/vec4 v0x561b357aaea0_0, 0;
    %pushi/vec4 0, 0, 32;
    %store/vec4 v0x561b357aab70_0, 0, 32;
T_3.2 ;
    %load/vec4 v0x561b357aab70_0;
    %cmpi/s 32, 0, 32;
    %jmp/0xz T_3.3, 5;
    %load/vec4 v0x561b357aab70_0;
    %ix/getv/s 4, v0x561b357aab70_0;
    %store/vec4a v0x561b357aaab0, 4, 0;
    %load/vec4 v0x561b357aab70_0;
    %addi 1, 0, 32;
    %store/vec4 v0x561b357aab70_0, 0, 32;
    %jmp T_3.2;
T_3.3 ;
    %jmp T_3.1;
T_3.0 ;
    %load/vec4 v0x561b357ab1f0_0;
    %pushi/vec4 1, 0, 1;
    %cmp/e;
    %flag_get/vec4 4;
    %load/vec4 v0x561b357ab070_0;
    %load/vec4 v0x561b357aac30_0;
    %cmp/e;
    %flag_get/vec4 4;
    %and;
    %load/vec4 v0x561b357ab070_0;
    %pushi/vec4 0, 0, 5;
    %cmp/ne;
    %flag_get/vec4 4;
    %and;
    %flag_set/vec4 8;
    %jmp/0 T_3.4, 8;
    %load/vec4 v0x561b357ab130_0;
    %jmp/1 T_3.5, 8;
T_3.4 ; End of true expr.
    %load/vec4 v0x561b357aac30_0;
    %pad/u 7;
    %ix/vec4 4;
    %load/vec4a v0x561b357aaab0, 4;
    %jmp/0 T_3.5, 8;
 ; End of false expr.
    %blend;
T_3.5;
    %assign/vec4 v0x561b357aade0_0, 0;
    %load/vec4 v0x561b357ab1f0_0;
    %pushi/vec4 1, 0, 1;
    %cmp/e;
    %flag_get/vec4 4;
    %load/vec4 v0x561b357ab070_0;
    %load/vec4 v0x561b357aacf0_0;
    %cmp/e;
    %flag_get/vec4 4;
    %and;
    %load/vec4 v0x561b357ab070_0;
    %pushi/vec4 0, 0, 5;
    %cmp/ne;
    %flag_get/vec4 4;
    %and;
    %flag_set/vec4 8;
    %jmp/0 T_3.6, 8;
    %load/vec4 v0x561b357ab130_0;
    %jmp/1 T_3.7, 8;
T_3.6 ; End of true expr.
    %load/vec4 v0x561b357aacf0_0;
    %pad/u 7;
    %ix/vec4 4;
    %load/vec4a v0x561b357aaab0, 4;
    %jmp/0 T_3.7, 8;
 ; End of false expr.
    %blend;
T_3.7;
    %assign/vec4 v0x561b357aaea0_0, 0;
    %load/vec4 v0x561b357ab1f0_0;
    %pushi/vec4 1, 0, 1;
    %cmp/e;
    %flag_get/vec4 4;
    %load/vec4 v0x561b357ab070_0;
    %pushi/vec4 0, 0, 5;
    %cmp/ne;
    %flag_get/vec4 4;
    %and;
    %flag_set/vec4 8;
    %jmp/0xz  T_3.8, 8;
    %load/vec4 v0x561b357ab130_0;
    %load/vec4 v0x561b357ab070_0;
    %pad/u 7;
    %ix/vec4 3;
    %ix/load 4, 0, 0; Constant delay
    %assign/vec4/a/d v0x561b357aaab0, 0, 4;
T_3.8 ;
T_3.1 ;
    %jmp T_3;
    .thread T_3;
    .scope S_0x561b357ab3c0;
T_4 ;
    %wait E_0x561b357ab640;
    %load/vec4 v0x561b357abbb0_0;
    %dup/vec4;
    %pushi/vec4 19, 0, 7;
    %cmp/u;
    %jmp/1 T_4.0, 6;
    %dup/vec4;
    %pushi/vec4 35, 0, 7;
    %cmp/u;
    %jmp/1 T_4.1, 6;
    %dup/vec4;
    %pushi/vec4 99, 0, 7;
    %cmp/u;
    %jmp/1 T_4.2, 6;
    %dup/vec4;
    %pushi/vec4 111, 0, 7;
    %cmp/u;
    %jmp/1 T_4.3, 6;
    %pushi/vec4 0, 0, 32;
    %store/vec4 v0x561b357abc70_0, 0, 32;
    %jmp T_4.5;
T_4.0 ;
    %load/vec4 v0x561b357ab7d0_0;
    %store/vec4 v0x561b357abc70_0, 0, 32;
    %jmp T_4.5;
T_4.1 ;
    %load/vec4 v0x561b357ab9a0_0;
    %store/vec4 v0x561b357abc70_0, 0, 32;
    %jmp T_4.5;
T_4.2 ;
    %load/vec4 v0x561b357ab6d0_0;
    %store/vec4 v0x561b357abc70_0, 0, 32;
    %jmp T_4.5;
T_4.3 ;
    %load/vec4 v0x561b357ab8b0_0;
    %store/vec4 v0x561b357abc70_0, 0, 32;
    %jmp T_4.5;
T_4.5 ;
    %pop/vec4 1;
    %jmp T_4;
    .thread T_4, $push;
    .scope S_0x561b357a25c0;
T_5 ;
    %wait E_0x561b357878b0;
    %load/vec4 v0x561b357a2fd0_0;
    %dup/vec4;
    %pushi/vec4 51, 0, 7;
    %cmp/u;
    %jmp/1 T_5.0, 6;
    %dup/vec4;
    %pushi/vec4 19, 0, 7;
    %cmp/u;
    %jmp/1 T_5.1, 6;
    %dup/vec4;
    %pushi/vec4 3, 0, 7;
    %cmp/u;
    %jmp/1 T_5.2, 6;
    %dup/vec4;
    %pushi/vec4 35, 0, 7;
    %cmp/u;
    %jmp/1 T_5.3, 6;
    %dup/vec4;
    %pushi/vec4 99, 0, 7;
    %cmp/u;
    %jmp/1 T_5.4, 6;
    %dup/vec4;
    %pushi/vec4 111, 0, 7;
    %cmp/u;
    %jmp/1 T_5.5, 6;
    %pushi/vec4 0, 0, 1;
    %store/vec4 v0x561b357a2e50_0, 0, 1;
    %pushi/vec4 0, 0, 1;
    %store/vec4 v0x561b357a2be0_0, 0, 1;
    %pushi/vec4 0, 0, 1;
    %store/vec4 v0x561b357a2d90_0, 0, 1;
    %pushi/vec4 0, 0, 1;
    %store/vec4 v0x561b357a2cd0_0, 0, 1;
    %pushi/vec4 0, 0, 1;
    %store/vec4 v0x561b357a28e0_0, 0, 1;
    %pushi/vec4 0, 0, 1;
    %store/vec4 v0x561b357a2f10_0, 0, 1;
    %pushi/vec4 0, 0, 1;
    %store/vec4 v0x561b357a2aa0_0, 0, 1;
    %pushi/vec4 0, 0, 1;
    %store/vec4 v0x561b357a2b40_0, 0, 1;
    %pushi/vec4 0, 0, 2;
    %store/vec4 v0x561b357a29c0_0, 0, 2;
    %jmp T_5.7;
T_5.0 ;
    %pushi/vec4 1, 0, 1;
    %store/vec4 v0x561b357a2e50_0, 0, 1;
    %pushi/vec4 0, 0, 1;
    %store/vec4 v0x561b357a2be0_0, 0, 1;
    %pushi/vec4 0, 0, 1;
    %store/vec4 v0x561b357a2d90_0, 0, 1;
    %pushi/vec4 0, 0, 1;
    %store/vec4 v0x561b357a2cd0_0, 0, 1;
    %pushi/vec4 0, 0, 1;
    %store/vec4 v0x561b357a28e0_0, 0, 1;
    %pushi/vec4 1, 0, 1;
    %store/vec4 v0x561b357a2f10_0, 0, 1;
    %pushi/vec4 0, 0, 1;
    %store/vec4 v0x561b357a2aa0_0, 0, 1;
    %pushi/vec4 0, 0, 1;
    %store/vec4 v0x561b357a2b40_0, 0, 1;
    %pushi/vec4 0, 0, 2;
    %store/vec4 v0x561b357a29c0_0, 0, 2;
    %jmp T_5.7;
T_5.1 ;
    %pushi/vec4 0, 0, 1;
    %store/vec4 v0x561b357a2e50_0, 0, 1;
    %pushi/vec4 0, 0, 1;
    %store/vec4 v0x561b357a2be0_0, 0, 1;
    %pushi/vec4 0, 0, 1;
    %store/vec4 v0x561b357a2d90_0, 0, 1;
    %pushi/vec4 0, 0, 1;
    %store/vec4 v0x561b357a2cd0_0, 0, 1;
    %pushi/vec4 1, 0, 1;
    %store/vec4 v0x561b357a28e0_0, 0, 1;
    %pushi/vec4 1, 0, 1;
    %store/vec4 v0x561b357a2f10_0, 0, 1;
    %pushi/vec4 0, 0, 1;
    %store/vec4 v0x561b357a2aa0_0, 0, 1;
    %pushi/vec4 0, 0, 1;
    %store/vec4 v0x561b357a2b40_0, 0, 1;
    %pushi/vec4 0, 0, 2;
    %store/vec4 v0x561b357a29c0_0, 0, 2;
    %jmp T_5.7;
T_5.2 ;
    %pushi/vec4 0, 0, 1;
    %store/vec4 v0x561b357a2e50_0, 0, 1;
    %pushi/vec4 1, 0, 1;
    %store/vec4 v0x561b357a2be0_0, 0, 1;
    %pushi/vec4 0, 0, 1;
    %store/vec4 v0x561b357a2d90_0, 0, 1;
    %pushi/vec4 1, 0, 1;
    %store/vec4 v0x561b357a2cd0_0, 0, 1;
    %pushi/vec4 1, 0, 1;
    %store/vec4 v0x561b357a28e0_0, 0, 1;
    %pushi/vec4 1, 0, 1;
    %store/vec4 v0x561b357a2f10_0, 0, 1;
    %pushi/vec4 0, 0, 1;
    %store/vec4 v0x561b357a2aa0_0, 0, 1;
    %pushi/vec4 0, 0, 1;
    %store/vec4 v0x561b357a2b40_0, 0, 1;
    %pushi/vec4 1, 0, 2;
    %store/vec4 v0x561b357a29c0_0, 0, 2;
    %jmp T_5.7;
T_5.3 ;
    %pushi/vec4 0, 0, 1;
    %store/vec4 v0x561b357a2e50_0, 0, 1;
    %pushi/vec4 0, 0, 1;
    %store/vec4 v0x561b357a2be0_0, 0, 1;
    %pushi/vec4 1, 0, 1;
    %store/vec4 v0x561b357a2d90_0, 0, 1;
    %pushi/vec4 0, 0, 1;
    %store/vec4 v0x561b357a2cd0_0, 0, 1;
    %pushi/vec4 1, 0, 1;
    %store/vec4 v0x561b357a28e0_0, 0, 1;
    %pushi/vec4 0, 0, 1;
    %store/vec4 v0x561b357a2f10_0, 0, 1;
    %pushi/vec4 0, 0, 1;
    %store/vec4 v0x561b357a2aa0_0, 0, 1;
    %pushi/vec4 0, 0, 1;
    %store/vec4 v0x561b357a2b40_0, 0, 1;
    %pushi/vec4 1, 0, 2;
    %store/vec4 v0x561b357a29c0_0, 0, 2;
    %jmp T_5.7;
T_5.4 ;
    %pushi/vec4 0, 0, 1;
    %store/vec4 v0x561b357a2e50_0, 0, 1;
    %pushi/vec4 0, 0, 1;
    %store/vec4 v0x561b357a2be0_0, 0, 1;
    %pushi/vec4 0, 0, 1;
    %store/vec4 v0x561b357a2d90_0, 0, 1;
    %pushi/vec4 0, 0, 1;
    %store/vec4 v0x561b357a2cd0_0, 0, 1;
    %pushi/vec4 0, 0, 1;
    %store/vec4 v0x561b357a28e0_0, 0, 1;
    %pushi/vec4 0, 0, 1;
    %store/vec4 v0x561b357a2f10_0, 0, 1;
    %pushi/vec4 1, 0, 1;
    %store/vec4 v0x561b357a2aa0_0, 0, 1;
    %pushi/vec4 0, 0, 1;
    %store/vec4 v0x561b357a2b40_0, 0, 1;
    %pushi/vec4 2, 0, 2;
    %store/vec4 v0x561b357a29c0_0, 0, 2;
    %jmp T_5.7;
T_5.5 ;
    %pushi/vec4 0, 0, 1;
    %store/vec4 v0x561b357a2e50_0, 0, 1;
    %pushi/vec4 0, 0, 1;
    %store/vec4 v0x561b357a2be0_0, 0, 1;
    %pushi/vec4 0, 0, 1;
    %store/vec4 v0x561b357a2d90_0, 0, 1;
    %pushi/vec4 0, 0, 1;
    %store/vec4 v0x561b357a2cd0_0, 0, 1;
    %pushi/vec4 0, 0, 1;
    %store/vec4 v0x561b357a28e0_0, 0, 1;
    %pushi/vec4 0, 0, 1;
    %store/vec4 v0x561b357a2f10_0, 0, 1;
    %pushi/vec4 0, 0, 1;
    %store/vec4 v0x561b357a2aa0_0, 0, 1;
    %pushi/vec4 1, 0, 1;
    %store/vec4 v0x561b357a2b40_0, 0, 1;
    %pushi/vec4 0, 0, 2;
    %store/vec4 v0x561b357a29c0_0, 0, 2;
    %jmp T_5.7;
T_5.7 ;
    %pop/vec4 1;
    %jmp T_5;
    .thread T_5, $push;
    .scope S_0x561b357a13d0;
T_6 ;
    %wait E_0x561b356c2e70;
    %load/vec4 v0x561b357a1600_0;
    %cmpi/e 1, 0, 1;
    %jmp/0xz  T_6.0, 4;
    %load/vec4 v0x561b357a1870_0;
    %dup/vec4;
    %pushi/vec4 0, 0, 3;
    %cmp/u;
    %jmp/1 T_6.2, 6;
    %dup/vec4;
    %pushi/vec4 4, 0, 3;
    %cmp/u;
    %jmp/1 T_6.3, 6;
    %dup/vec4;
    %pushi/vec4 6, 0, 3;
    %cmp/u;
    %jmp/1 T_6.4, 6;
    %dup/vec4;
    %pushi/vec4 1, 0, 3;
    %cmp/u;
    %jmp/1 T_6.5, 6;
    %dup/vec4;
    %pushi/vec4 5, 0, 3;
    %cmp/u;
    %jmp/1 T_6.6, 6;
    %dup/vec4;
    %pushi/vec4 7, 0, 3;
    %cmp/u;
    %jmp/1 T_6.7, 6;
    %pushi/vec4 0, 0, 1;
    %store/vec4 v0x561b357a17a0_0, 0, 1;
    %pushi/vec4 1, 0, 1;
    %store/vec4 v0x561b357a16e0_0, 0, 1;
    %jmp T_6.9;
T_6.2 ;
    %pushi/vec4 1, 0, 1;
    %store/vec4 v0x561b357a17a0_0, 0, 1;
    %pushi/vec4 0, 0, 1;
    %store/vec4 v0x561b357a16e0_0, 0, 1;
    %jmp T_6.9;
T_6.3 ;
    %pushi/vec4 1, 0, 1;
    %store/vec4 v0x561b357a17a0_0, 0, 1;
    %pushi/vec4 0, 0, 1;
    %store/vec4 v0x561b357a16e0_0, 0, 1;
    %jmp T_6.9;
T_6.4 ;
    %pushi/vec4 1, 0, 1;
    %store/vec4 v0x561b357a17a0_0, 0, 1;
    %pushi/vec4 0, 0, 1;
    %store/vec4 v0x561b357a16e0_0, 0, 1;
    %jmp T_6.9;
T_6.5 ;
    %pushi/vec4 0, 0, 1;
    %store/vec4 v0x561b357a17a0_0, 0, 1;
    %pushi/vec4 1, 0, 1;
    %store/vec4 v0x561b357a16e0_0, 0, 1;
    %jmp T_6.9;
T_6.6 ;
    %pushi/vec4 0, 0, 1;
    %store/vec4 v0x561b357a17a0_0, 0, 1;
    %pushi/vec4 1, 0, 1;
    %store/vec4 v0x561b357a16e0_0, 0, 1;
    %jmp T_6.9;
T_6.7 ;
    %pushi/vec4 0, 0, 1;
    %store/vec4 v0x561b357a17a0_0, 0, 1;
    %pushi/vec4 1, 0, 1;
    %store/vec4 v0x561b357a16e0_0, 0, 1;
    %jmp T_6.9;
T_6.9 ;
    %pop/vec4 1;
    %jmp T_6.1;
T_6.0 ;
    %pushi/vec4 0, 0, 1;
    %store/vec4 v0x561b357a17a0_0, 0, 1;
    %pushi/vec4 0, 0, 1;
    %store/vec4 v0x561b357a16e0_0, 0, 1;
T_6.1 ;
    %jmp T_6;
    .thread T_6, $push;
    .scope S_0x561b357a3250;
T_7 ;
    %wait E_0x561b357878f0;
    %pushi/vec4 0, 0, 1;
    %store/vec4 v0x561b357a38a0_0, 0, 1;
    %pushi/vec4 0, 0, 1;
    %store/vec4 v0x561b357a37e0_0, 0, 1;
    %pushi/vec4 0, 0, 1;
    %store/vec4 v0x561b357a3710_0, 0, 1;
    %pushi/vec4 0, 0, 1;
    %store/vec4 v0x561b357a39b0_0, 0, 1;
    %pushi/vec4 1, 0, 1;
    %store/vec4 v0x561b357a4120_0, 0, 1;
    %pushi/vec4 1, 0, 1;
    %store/vec4 v0x561b357a3fa0_0, 0, 1;
    %pushi/vec4 1, 0, 1;
    %store/vec4 v0x561b357a3ee0_0, 0, 1;
    %pushi/vec4 1, 0, 1;
    %store/vec4 v0x561b357a3e20_0, 0, 1;
    %pushi/vec4 1, 0, 1;
    %store/vec4 v0x561b357a4060_0, 0, 1;
    %load/vec4 v0x561b357a3a70_0;
    %pushi/vec4 1, 0, 1;
    %cmp/e;
    %flag_get/vec4 4;
    %load/vec4 v0x561b357a3b30_0;
    %load/vec4 v0x561b357a3bf0_0;
    %cmp/e;
    %flag_get/vec4 4;
    %load/vec4 v0x561b357a3b30_0;
    %load/vec4 v0x561b357a3d40_0;
    %cmp/e;
    %flag_get/vec4 4;
    %or;
    %and;
    %flag_set/vec4 8;
    %jmp/0xz  T_7.0, 8;
    %pushi/vec4 1, 0, 1;
    %store/vec4 v0x561b357a37e0_0, 0, 1;
    %pushi/vec4 0, 0, 1;
    %store/vec4 v0x561b357a3fa0_0, 0, 1;
    %pushi/vec4 0, 0, 1;
    %store/vec4 v0x561b357a4120_0, 0, 1;
    %jmp T_7.1;
T_7.0 ;
    %load/vec4 v0x561b357a35b0_0;
    %cmpi/e 1, 0, 1;
    %jmp/0xz  T_7.2, 4;
    %pushi/vec4 1, 0, 1;
    %store/vec4 v0x561b357a38a0_0, 0, 1;
    %pushi/vec4 1, 0, 1;
    %store/vec4 v0x561b357a4120_0, 0, 1;
T_7.2 ;
T_7.1 ;
    %load/vec4 v0x561b357a3670_0;
    %cmpi/e 1, 0, 1;
    %jmp/0xz  T_7.4, 4;
    %pushi/vec4 1, 0, 1;
    %store/vec4 v0x561b357a38a0_0, 0, 1;
    %pushi/vec4 1, 0, 1;
    %store/vec4 v0x561b357a37e0_0, 0, 1;
    %pushi/vec4 1, 0, 1;
    %store/vec4 v0x561b357a3710_0, 0, 1;
    %pushi/vec4 1, 0, 1;
    %store/vec4 v0x561b357a4120_0, 0, 1;
T_7.4 ;
    %jmp T_7;
    .thread T_7, $push;
    .scope S_0x561b357a0e00;
T_8 ;
    %wait E_0x561b356d7ac0;
    %load/vec4 v0x561b357a10d0_0;
    %dup/vec4;
    %pushi/vec4 0, 0, 2;
    %cmp/u;
    %jmp/1 T_8.0, 6;
    %dup/vec4;
    %pushi/vec4 1, 0, 2;
    %cmp/u;
    %jmp/1 T_8.1, 6;
    %dup/vec4;
    %pushi/vec4 2, 0, 2;
    %cmp/u;
    %jmp/1 T_8.2, 6;
    %pushi/vec4 0, 0, 4;
    %store/vec4 v0x561b357a0fd0_0, 0, 4;
    %jmp T_8.4;
T_8.0 ;
    %load/vec4 v0x561b357a11b0_0;
    %dup/vec4;
    %pushi/vec4 0, 0, 3;
    %cmp/u;
    %jmp/1 T_8.5, 6;
    %dup/vec4;
    %pushi/vec4 4, 0, 3;
    %cmp/u;
    %jmp/1 T_8.6, 6;
    %dup/vec4;
    %pushi/vec4 6, 0, 3;
    %cmp/u;
    %jmp/1 T_8.7, 6;
    %dup/vec4;
    %pushi/vec4 7, 0, 3;
    %cmp/u;
    %jmp/1 T_8.8, 6;
    %dup/vec4;
    %pushi/vec4 1, 0, 3;
    %cmp/u;
    %jmp/1 T_8.9, 6;
    %dup/vec4;
    %pushi/vec4 5, 0, 3;
    %cmp/u;
    %jmp/1 T_8.10, 6;
    %dup/vec4;
    %pushi/vec4 2, 0, 3;
    %cmp/u;
    %jmp/1 T_8.11, 6;
    %dup/vec4;
    %pushi/vec4 3, 0, 3;
    %cmp/u;
    %jmp/1 T_8.12, 6;
    %pushi/vec4 0, 0, 4;
    %store/vec4 v0x561b357a0fd0_0, 0, 4;
    %jmp T_8.14;
T_8.5 ;
    %load/vec4 v0x561b357a1270_0;
    %cmpi/e 0, 0, 7;
    %flag_mov 8, 4;
    %jmp/0 T_8.15, 8;
    %pushi/vec4 0, 0, 4;
    %jmp/1 T_8.16, 8;
T_8.15 ; End of true expr.
    %pushi/vec4 1, 0, 4;
    %jmp/0 T_8.16, 8;
 ; End of false expr.
    %blend;
T_8.16;
    %store/vec4 v0x561b357a0fd0_0, 0, 4;
    %jmp T_8.14;
T_8.6 ;
    %pushi/vec4 2, 0, 4;
    %store/vec4 v0x561b357a0fd0_0, 0, 4;
    %jmp T_8.14;
T_8.7 ;
    %pushi/vec4 3, 0, 4;
    %store/vec4 v0x561b357a0fd0_0, 0, 4;
    %jmp T_8.14;
T_8.8 ;
    %pushi/vec4 4, 0, 4;
    %store/vec4 v0x561b357a0fd0_0, 0, 4;
    %jmp T_8.14;
T_8.9 ;
    %pushi/vec4 5, 0, 4;
    %store/vec4 v0x561b357a0fd0_0, 0, 4;
    %jmp T_8.14;
T_8.10 ;
    %load/vec4 v0x561b357a1270_0;
    %cmpi/e 0, 0, 7;
    %flag_mov 8, 4;
    %jmp/0 T_8.17, 8;
    %pushi/vec4 6, 0, 4;
    %jmp/1 T_8.18, 8;
T_8.17 ; End of true expr.
    %pushi/vec4 7, 0, 4;
    %jmp/0 T_8.18, 8;
 ; End of false expr.
    %blend;
T_8.18;
    %store/vec4 v0x561b357a0fd0_0, 0, 4;
    %jmp T_8.14;
T_8.11 ;
    %pushi/vec4 8, 0, 4;
    %store/vec4 v0x561b357a0fd0_0, 0, 4;
    %jmp T_8.14;
T_8.12 ;
    %pushi/vec4 9, 0, 4;
    %store/vec4 v0x561b357a0fd0_0, 0, 4;
    %jmp T_8.14;
T_8.14 ;
    %pop/vec4 1;
    %jmp T_8.4;
T_8.1 ;
    %pushi/vec4 0, 0, 4;
    %store/vec4 v0x561b357a0fd0_0, 0, 4;
    %jmp T_8.4;
T_8.2 ;
    %load/vec4 v0x561b357a11b0_0;
    %dup/vec4;
    %pushi/vec4 0, 0, 3;
    %cmp/u;
    %jmp/1 T_8.19, 6;
    %dup/vec4;
    %pushi/vec4 1, 0, 3;
    %cmp/u;
    %jmp/1 T_8.20, 6;
    %dup/vec4;
    %pushi/vec4 4, 0, 3;
    %cmp/u;
    %jmp/1 T_8.21, 6;
    %dup/vec4;
    %pushi/vec4 5, 0, 3;
    %cmp/u;
    %jmp/1 T_8.22, 6;
    %dup/vec4;
    %pushi/vec4 6, 0, 3;
    %cmp/u;
    %jmp/1 T_8.23, 6;
    %dup/vec4;
    %pushi/vec4 7, 0, 3;
    %cmp/u;
    %jmp/1 T_8.24, 6;
    %jmp T_8.25;
T_8.19 ;
    %pushi/vec4 1, 0, 4;
    %store/vec4 v0x561b357a0fd0_0, 0, 4;
    %jmp T_8.25;
T_8.20 ;
    %pushi/vec4 1, 0, 4;
    %store/vec4 v0x561b357a0fd0_0, 0, 4;
    %jmp T_8.25;
T_8.21 ;
    %pushi/vec4 10, 0, 4;
    %store/vec4 v0x561b357a0fd0_0, 0, 4;
    %jmp T_8.25;
T_8.22 ;
    %pushi/vec4 10, 0, 4;
    %store/vec4 v0x561b357a0fd0_0, 0, 4;
    %jmp T_8.25;
T_8.23 ;
    %pushi/vec4 11, 0, 4;
    %store/vec4 v0x561b357a0fd0_0, 0, 4;
    %jmp T_8.25;
T_8.24 ;
    %pushi/vec4 11, 0, 4;
    %store/vec4 v0x561b357a0fd0_0, 0, 4;
    %jmp T_8.25;
T_8.25 ;
    %pop/vec4 1;
    %jmp T_8.4;
T_8.4 ;
    %pop/vec4 1;
    %jmp T_8;
    .thread T_8, $push;
    .scope S_0x561b357a1a00;
T_9 ;
    %wait E_0x561b357877b0;
    %pushi/vec4 0, 0, 2;
    %store/vec4 v0x561b357a1d60_0, 0, 2;
    %pushi/vec4 0, 0, 2;
    %store/vec4 v0x561b357a1e60_0, 0, 2;
    %load/vec4 v0x561b357a23b0_0;
    %pushi/vec4 1, 0, 1;
    %cmp/e;
    %flag_get/vec4 4;
    %load/vec4 v0x561b357a22d0_0;
    %pushi/vec4 0, 0, 5;
    %cmp/ne;
    %flag_get/vec4 4;
    %and;
    %flag_set/vec4 8;
    %jmp/0xz  T_9.0, 8;
    %load/vec4 v0x561b357a22d0_0;
    %load/vec4 v0x561b357a20c0_0;
    %cmp/e;
    %jmp/0xz  T_9.2, 4;
    %pushi/vec4 1, 0, 2;
    %assign/vec4 v0x561b357a1d60_0, 0;
T_9.2 ;
    %load/vec4 v0x561b357a22d0_0;
    %load/vec4 v0x561b357a21f0_0;
    %cmp/e;
    %jmp/0xz  T_9.4, 4;
    %pushi/vec4 1, 0, 2;
    %assign/vec4 v0x561b357a1e60_0, 0;
T_9.4 ;
T_9.0 ;
    %load/vec4 v0x561b357a2000_0;
    %pushi/vec4 1, 0, 1;
    %cmp/e;
    %flag_get/vec4 4;
    %load/vec4 v0x561b357a1f40_0;
    %pushi/vec4 0, 0, 5;
    %cmp/ne;
    %flag_get/vec4 4;
    %and;
    %flag_set/vec4 8;
    %jmp/0xz  T_9.6, 8;
    %load/vec4 v0x561b357a1f40_0;
    %load/vec4 v0x561b357a20c0_0;
    %cmp/e;
    %jmp/0xz  T_9.8, 4;
    %pushi/vec4 2, 0, 2;
    %assign/vec4 v0x561b357a1d60_0, 0;
T_9.8 ;
    %load/vec4 v0x561b357a1f40_0;
    %load/vec4 v0x561b357a21f0_0;
    %cmp/e;
    %jmp/0xz  T_9.10, 4;
    %pushi/vec4 2, 0, 2;
    %assign/vec4 v0x561b357a1e60_0, 0;
T_9.10 ;
T_9.6 ;
    %jmp T_9;
    .thread T_9, $push;
    .scope S_0x561b357a4440;
T_10 ;
    %wait E_0x561b357a46f0;
    %load/vec4 v0x561b357a5000_0;
    %load/vec4 v0x561b357a5180_0;
    %and;
    %flag_set/vec4 8;
    %jmp/0xz  T_10.0, 8;
    %vpi_call 3 50 "$display", "\012Memory ERROR (time %0d): ren and wen both active!\012", $time {0 0 0};
T_10.0 ;
    %jmp T_10;
    .thread T_10, $push;
    .scope S_0x561b357a4440;
T_11 ;
    %wait E_0x561b357a4690;
    %load/vec4 v0x561b357a4b00_0;
    %parti/s 20, 12, 5;
    %pad/u 32;
    %cmpi/ne 0, 0, 32;
    %jmp/0xz  T_11.0, 4;
    %vpi_call 3 54 "$display", "Memory WARNING (time %0d): address msbs are not zero\012", $time {0 0 0};
T_11.0 ;
    %jmp T_11;
    .thread T_11;
    .scope S_0x561b357a4440;
T_12 ;
    %wait E_0x561b357a4610;
    %load/vec4 v0x561b357a5180_0;
    %pushi/vec4 1, 0, 1;
    %cmp/e;
    %flag_get/vec4 4;
    %load/vec4 v0x561b357a5000_0;
    %pushi/vec4 0, 0, 1;
    %cmp/e;
    %flag_get/vec4 4;
    %and;
    %flag_set/vec4 8;
    %jmp/0xz  T_12.0, 8;
    %load/vec4 v0x561b357a4db0_0;
    %load/vec4 v0x561b357a4b00_0;
    %parti/s 12, 0, 2;
    %pad/u 14;
    %ix/vec4 3;
    %ix/load 4, 1500, 0; Constant delay
    %assign/vec4/a/d v0x561b357a4cf0, 0, 4;
T_12.0 ;
    %jmp T_12;
    .thread T_12;
    .scope S_0x561b35781740;
T_13 ;
    %wait E_0x561b357a45d0;
    %load/vec4 v0x561b357b3980_0;
    %cmpi/e 0, 0, 1;
    %jmp/0xz  T_13.0, 4;
    %pushi/vec4 4294967295, 0, 32;
    %assign/vec4 v0x561b357ae800_0, 0;
    %jmp T_13.1;
T_13.0 ;
    %load/vec4 v0x561b357ae800_0;
    %cmpi/e 4294967295, 0, 32;
    %jmp/0xz  T_13.2, 4;
    %pushi/vec4 0, 0, 32;
    %assign/vec4 v0x561b357ae800_0, 0;
    %jmp T_13.3;
T_13.2 ;
    %load/vec4 v0x561b357b3e80_0;
    %cmpi/e 1, 0, 1;
    %jmp/0xz  T_13.4, 4;
    %load/vec4 v0x561b357ae970_0;
    %assign/vec4 v0x561b357ae800_0, 0;
T_13.4 ;
T_13.3 ;
T_13.1 ;
    %jmp T_13;
    .thread T_13;
    .scope S_0x561b35781740;
T_14 ;
    %wait E_0x561b357a45d0;
    %load/vec4 v0x561b357b3980_0;
    %cmpi/e 0, 0, 1;
    %flag_mov 8, 4;
    %load/vec4 v0x561b357b2290_0;
    %cmpi/e 1, 0, 1;
    %flag_or 4, 8;
    %jmp/0xz  T_14.0, 4;
    %pushi/vec4 0, 0, 32;
    %assign/vec4 v0x561b357ade10_0, 0;
    %pushi/vec4 0, 0, 32;
    %assign/vec4 v0x561b357adef0_0, 0;
    %jmp T_14.1;
T_14.0 ;
    %load/vec4 v0x561b357b3cf0_0;
    %cmpi/e 1, 0, 1;
    %jmp/0xz  T_14.2, 4;
    %load/vec4 v0x561b357aea10_0;
    %assign/vec4 v0x561b357ade10_0, 0;
    %load/vec4 v0x561b357b34c0_0;
    %assign/vec4 v0x561b357adef0_0, 0;
T_14.2 ;
T_14.1 ;
    %jmp T_14;
    .thread T_14;
    .scope S_0x561b35781740;
T_15 ;
    %wait E_0x561b357a45d0;
    %load/vec4 v0x561b357b3980_0;
    %cmpi/e 0, 0, 1;
    %flag_mov 8, 4;
    %load/vec4 v0x561b357b21c0_0;
    %cmpi/e 1, 0, 1;
    %flag_or 4, 8;
    %jmp/0xz  T_15.0, 4;
    %pushi/vec4 0, 0, 32;
    %assign/vec4 v0x561b357add50_0, 0;
    %pushi/vec4 0, 0, 5;
    %assign/vec4 v0x561b357ad970_0, 0;
    %pushi/vec4 0, 0, 5;
    %assign/vec4 v0x561b357ada30_0, 0;
    %pushi/vec4 0, 0, 5;
    %assign/vec4 v0x561b357adb20_0, 0;
    %pushi/vec4 0, 0, 1;
    %assign/vec4 v0x561b357ad650_0, 0;
    %pushi/vec4 0, 0, 2;
    %assign/vec4 v0x561b357ad0e0_0, 0;
    %pushi/vec4 0, 0, 1;
    %assign/vec4 v0x561b357ad040_0, 0;
    %pushi/vec4 0, 0, 1;
    %assign/vec4 v0x561b357ad270_0, 0;
    %pushi/vec4 0, 0, 1;
    %assign/vec4 v0x561b357ad1d0_0, 0;
    %pushi/vec4 0, 0, 1;
    %assign/vec4 v0x561b357ad330_0, 0;
    %pushi/vec4 0, 0, 1;
    %assign/vec4 v0x561b357ad4a0_0, 0;
    %pushi/vec4 0, 0, 1;
    %assign/vec4 v0x561b357ad400_0, 0;
    %pushi/vec4 0, 0, 1;
    %assign/vec4 v0x561b357ad6f0_0, 0;
    %pushi/vec4 0, 0, 32;
    %assign/vec4 v0x561b357ad560_0, 0;
    %pushi/vec4 0, 0, 3;
    %assign/vec4 v0x561b357ad7b0_0, 0;
    %pushi/vec4 0, 0, 7;
    %assign/vec4 v0x561b357ad8a0_0, 0;
    %jmp T_15.1;
T_15.0 ;
    %load/vec4 v0x561b357b3c20_0;
    %cmpi/e 1, 0, 1;
    %jmp/0xz  T_15.2, 4;
    %load/vec4 v0x561b357b3a20_0;
    %assign/vec4 v0x561b357add50_0, 0;
    %load/vec4 v0x561b357b3590_0;
    %assign/vec4 v0x561b357ad970_0, 0;
    %load/vec4 v0x561b357b3650_0;
    %assign/vec4 v0x561b357ada30_0, 0;
    %load/vec4 v0x561b357b3760_0;
    %assign/vec4 v0x561b357adb20_0, 0;
    %load/vec4 v0x561b357aeaf0_0;
    %assign/vec4 v0x561b357ad650_0, 0;
    %load/vec4 v0x561b357ac2e0_0;
    %assign/vec4 v0x561b357ad0e0_0, 0;
    %load/vec4 v0x561b357ac1f0_0;
    %assign/vec4 v0x561b357ad040_0, 0;
    %load/vec4 v0x561b357ac6a0_0;
    %assign/vec4 v0x561b357ad270_0, 0;
    %load/vec4 v0x561b357ac540_0;
    %assign/vec4 v0x561b357ad1d0_0, 0;
    %load/vec4 v0x561b357ae620_0;
    %assign/vec4 v0x561b357ad330_0, 0;
    %load/vec4 v0x561b357ae760_0;
    %assign/vec4 v0x561b357ad4a0_0, 0;
    %load/vec4 v0x561b357ae6c0_0;
    %assign/vec4 v0x561b357ad400_0, 0;
    %load/vec4 v0x561b357aebc0_0;
    %assign/vec4 v0x561b357ad6f0_0, 0;
    %load/vec4 v0x561b357ade10_0;
    %assign/vec4 v0x561b357ad560_0, 0;
    %load/vec4 v0x561b357b2710_0;
    %assign/vec4 v0x561b357ad7b0_0, 0;
    %load/vec4 v0x561b357b27e0_0;
    %assign/vec4 v0x561b357ad8a0_0, 0;
T_15.2 ;
T_15.1 ;
    %jmp T_15;
    .thread T_15;
    .scope S_0x561b35781740;
T_16 ;
    %wait E_0x561b357a45d0;
    %load/vec4 v0x561b357b3980_0;
    %cmpi/e 0, 0, 1;
    %flag_mov 8, 4;
    %load/vec4 v0x561b357b20f0_0;
    %cmpi/e 1, 0, 1;
    %flag_or 4, 8;
    %jmp/0xz  T_16.0, 4;
    %pushi/vec4 0, 0, 32;
    %assign/vec4 v0x561b357ac840_0, 0;
    %pushi/vec4 0, 0, 32;
    %assign/vec4 v0x561b357ac910_0, 0;
    %pushi/vec4 0, 0, 5;
    %assign/vec4 v0x561b357aced0_0, 0;
    %pushi/vec4 0, 0, 32;
    %assign/vec4 v0x561b357acd30_0, 0;
    %pushi/vec4 0, 0, 1;
    %assign/vec4 v0x561b357acfa0_0, 0;
    %pushi/vec4 0, 0, 1;
    %assign/vec4 v0x561b357aca50_0, 0;
    %pushi/vec4 0, 0, 1;
    %assign/vec4 v0x561b357ac9b0_0, 0;
    %pushi/vec4 0, 0, 1;
    %assign/vec4 v0x561b357acaf0_0, 0;
    %pushi/vec4 0, 0, 1;
    %assign/vec4 v0x561b357acc60_0, 0;
    %pushi/vec4 0, 0, 1;
    %assign/vec4 v0x561b357acbc0_0, 0;
    %pushi/vec4 0, 0, 1;
    %assign/vec4 v0x561b357ace00_0, 0;
    %jmp T_16.1;
T_16.0 ;
    %load/vec4 v0x561b357b3b80_0;
    %cmpi/e 1, 0, 1;
    %jmp/0xz  T_16.2, 4;
    %load/vec4 v0x561b357ac150_0;
    %assign/vec4 v0x561b357ac840_0, 0;
    %load/vec4 v0x561b357ac4a0_0;
    %assign/vec4 v0x561b357ac910_0, 0;
    %load/vec4 v0x561b357aec90_0;
    %assign/vec4 v0x561b357aced0_0, 0;
    %load/vec4 v0x561b357b25d0_0;
    %assign/vec4 v0x561b357acd30_0, 0;
    %load/vec4 v0x561b357aed30_0;
    %assign/vec4 v0x561b357acfa0_0, 0;
    %load/vec4 v0x561b357ad270_0;
    %assign/vec4 v0x561b357aca50_0, 0;
    %load/vec4 v0x561b357ad1d0_0;
    %assign/vec4 v0x561b357ac9b0_0, 0;
    %load/vec4 v0x561b357ad330_0;
    %assign/vec4 v0x561b357acaf0_0, 0;
    %load/vec4 v0x561b357ad4a0_0;
    %assign/vec4 v0x561b357acc60_0, 0;
    %load/vec4 v0x561b357ad400_0;
    %assign/vec4 v0x561b357acbc0_0, 0;
    %load/vec4 v0x561b357ad6f0_0;
    %assign/vec4 v0x561b357ace00_0, 0;
T_16.2 ;
T_16.1 ;
    %jmp T_16;
    .thread T_16;
    .scope S_0x561b35781740;
T_17 ;
    %wait E_0x561b357a45d0;
    %load/vec4 v0x561b357b3980_0;
    %cmpi/e 0, 0, 1;
    %flag_mov 8, 4;
    %load/vec4 v0x561b357b2360_0;
    %cmpi/e 1, 0, 1;
    %flag_or 4, 8;
    %jmp/0xz  T_17.0, 4;
    %pushi/vec4 0, 0, 32;
    %assign/vec4 v0x561b357ae280_0, 0;
    %pushi/vec4 0, 0, 32;
    %assign/vec4 v0x561b357ae1a0_0, 0;
    %pushi/vec4 0, 0, 5;
    %assign/vec4 v0x561b357ae510_0, 0;
    %pushi/vec4 0, 0, 1;
    %assign/vec4 v0x561b357ae360_0, 0;
    %pushi/vec4 0, 0, 1;
    %assign/vec4 v0x561b357ae420_0, 0;
    %jmp T_17.1;
T_17.0 ;
    %load/vec4 v0x561b357b3de0_0;
    %cmpi/e 1, 0, 1;
    %jmp/0xz  T_17.2, 4;
    %load/vec4 v0x561b357ac770_0;
    %assign/vec4 v0x561b357ae280_0, 0;
    %load/vec4 v0x561b357ac840_0;
    %assign/vec4 v0x561b357ae1a0_0, 0;
    %load/vec4 v0x561b357aced0_0;
    %assign/vec4 v0x561b357ae510_0, 0;
    %load/vec4 v0x561b357acbc0_0;
    %assign/vec4 v0x561b357ae360_0, 0;
    %load/vec4 v0x561b357ace00_0;
    %assign/vec4 v0x561b357ae420_0, 0;
T_17.2 ;
T_17.1 ;
    %jmp T_17;
    .thread T_17;
# The file index is used to find the file name in the following table.
:file_names 5;
    "N/A";
    "<interactive>";
    "cpu.v";
    "./../lib/library.v";
    "control.v";
